{"E:\\Office\\porter\\backend\\controllers\\rideController.js": {"path":"E:\\Office\\porter\\backend\\controllers\\rideController.js","statementMap":{"0":{"start":{"line":9,"column":28},"end":{"line":9,"column":69}},"1":{"start":{"line":10,"column":28},"end":{"line":10,"column":66}},"2":{"start":{"line":15,"column":44},"end":{"line":63,"column":1}},"3":{"start":{"line":22,"column":2},"end":{"line":62,"column":3}},"4":{"start":{"line":23,"column":19},"end":{"line":23,"column":46}},"5":{"start":{"line":24,"column":24},"end":{"line":24,"column":47}},"6":{"start":{"line":26,"column":19},"end":{"line":26,"column":60}},"7":{"start":{"line":27,"column":16},"end":{"line":27,"column":172}},"8":{"start":{"line":29,"column":21},"end":{"line":29,"column":41}},"9":{"start":{"line":30,"column":18},"end":{"line":30,"column":41}},"10":{"start":{"line":32,"column":4},"end":{"line":49,"column":5}},"11":{"start":{"line":33,"column":27},"end":{"line":33,"column":98}},"12":{"start":{"line":33,"column":61},"end":{"line":33,"column":87}},"13":{"start":{"line":35,"column":32},"end":{"line":37,"column":11}},"14":{"start":{"line":36,"column":8},"end":{"line":36,"column":102}},"15":{"start":{"line":39,"column":32},"end":{"line":39,"column":65}},"16":{"start":{"line":41,"column":6},"end":{"line":48,"column":8}},"17":{"start":{"line":51,"column":4},"end":{"line":51,"column":38}},"18":{"start":{"line":54,"column":4},"end":{"line":54,"column":83}},"19":{"start":{"line":55,"column":4},"end":{"line":61,"column":6}},"20":{"start":{"line":66,"column":43},"end":{"line":156,"column":1}},"21":{"start":{"line":67,"column":2},"end":{"line":155,"column":3}},"22":{"start":{"line":68,"column":19},"end":{"line":68,"column":46}},"23":{"start":{"line":69,"column":27},"end":{"line":69,"column":66}},"24":{"start":{"line":70,"column":24},"end":{"line":70,"column":91}},"25":{"start":{"line":72,"column":20},"end":{"line":72,"column":22}},"26":{"start":{"line":73,"column":4},"end":{"line":75,"column":5}},"27":{"start":{"line":74,"column":6},"end":{"line":74,"column":113}},"28":{"start":{"line":74,"column":56},"end":{"line":74,"column":101}},"29":{"start":{"line":77,"column":19},"end":{"line":77,"column":60}},"30":{"start":{"line":78,"column":16},"end":{"line":78,"column":217}},"31":{"start":{"line":80,"column":21},"end":{"line":80,"column":41}},"32":{"start":{"line":81,"column":18},"end":{"line":81,"column":41}},"33":{"start":{"line":83,"column":4},"end":{"line":111,"column":5}},"34":{"start":{"line":84,"column":27},"end":{"line":96,"column":8}},"35":{"start":{"line":85,"column":29},"end":{"line":85,"column":54}},"36":{"start":{"line":86,"column":34},"end":{"line":86,"column":110}},"37":{"start":{"line":87,"column":34},"end":{"line":87,"column":67}},"38":{"start":{"line":88,"column":8},"end":{"line":95,"column":10}},"39":{"start":{"line":98,"column":32},"end":{"line":98,"column":103}},"40":{"start":{"line":98,"column":66},"end":{"line":98,"column":92}},"41":{"start":{"line":99,"column":37},"end":{"line":99,"column":161}},"42":{"start":{"line":99,"column":71},"end":{"line":99,"column":157}},"43":{"start":{"line":100,"column":37},"end":{"line":100,"column":75}},"44":{"start":{"line":102,"column":6},"end":{"line":110,"column":8}},"45":{"start":{"line":112,"column":4},"end":{"line":112,"column":38}},"46":{"start":{"line":114,"column":4},"end":{"line":114,"column":70}},"47":{"start":{"line":117,"column":25},"end":{"line":117,"column":27}},"48":{"start":{"line":118,"column":24},"end":{"line":118,"column":25}},"49":{"start":{"line":119,"column":24},"end":{"line":119,"column":25}},"50":{"start":{"line":120,"column":18},"end":{"line":120,"column":27}},"51":{"start":{"line":121,"column":18},"end":{"line":121,"column":27}},"52":{"start":{"line":123,"column":4},"end":{"line":144,"column":5}},"53":{"start":{"line":123,"column":17},"end":{"line":123,"column":18}},"54":{"start":{"line":124,"column":33},"end":{"line":124,"column":61}},"55":{"start":{"line":125,"column":22},"end":{"line":129,"column":7}},"56":{"start":{"line":131,"column":6},"end":{"line":138,"column":9}},"57":{"start":{"line":140,"column":6},"end":{"line":140,"column":40}},"58":{"start":{"line":141,"column":6},"end":{"line":141,"column":40}},"59":{"start":{"line":142,"column":6},"end":{"line":142,"column":24}},"60":{"start":{"line":143,"column":6},"end":{"line":143,"column":24}},"61":{"start":{"line":146,"column":4},"end":{"line":154,"column":6}},"62":{"start":{"line":159,"column":45},"end":{"line":188,"column":1}},"63":{"start":{"line":160,"column":12},"end":{"line":160,"column":16}},"64":{"start":{"line":161,"column":15},"end":{"line":161,"column":44}},"65":{"start":{"line":162,"column":15},"end":{"line":162,"column":44}},"66":{"start":{"line":164,"column":4},"end":{"line":166,"column":43}},"67":{"start":{"line":167,"column":12},"end":{"line":167,"column":58}},"68":{"start":{"line":168,"column":19},"end":{"line":168,"column":24}},"69":{"start":{"line":170,"column":20},"end":{"line":176,"column":3}},"70":{"start":{"line":177,"column":16},"end":{"line":177,"column":44}},"71":{"start":{"line":178,"column":19},"end":{"line":178,"column":53}},"72":{"start":{"line":180,"column":2},"end":{"line":187,"column":4}},"73":{"start":{"line":191,"column":35},"end":{"line":201,"column":1}},"74":{"start":{"line":192,"column":12},"end":{"line":192,"column":16}},"75":{"start":{"line":193,"column":15},"end":{"line":193,"column":44}},"76":{"start":{"line":194,"column":15},"end":{"line":194,"column":44}},"77":{"start":{"line":196,"column":4},"end":{"line":198,"column":43}},"78":{"start":{"line":199,"column":12},"end":{"line":199,"column":58}},"79":{"start":{"line":200,"column":2},"end":{"line":200,"column":15}},"80":{"start":{"line":204,"column":27},"end":{"line":212,"column":1}},"81":{"start":{"line":205,"column":14},"end":{"line":205,"column":24}},"82":{"start":{"line":206,"column":24},"end":{"line":206,"column":65}},"83":{"start":{"line":208,"column":2},"end":{"line":208,"column":64}},"84":{"start":{"line":208,"column":26},"end":{"line":208,"column":64}},"85":{"start":{"line":209,"column":2},"end":{"line":209,"column":83}},"86":{"start":{"line":209,"column":28},"end":{"line":209,"column":83}},"87":{"start":{"line":210,"column":2},"end":{"line":210,"column":84}},"88":{"start":{"line":210,"column":29},"end":{"line":210,"column":84}},"89":{"start":{"line":211,"column":2},"end":{"line":211,"column":57}},"90":{"start":{"line":215,"column":19},"end":{"line":218,"column":1}},"91":{"start":{"line":216,"column":15},"end":{"line":216,"column":36}},"92":{"start":{"line":217,"column":2},"end":{"line":217,"column":65}},"93":{"start":{"line":220,"column":22},"end":{"line":229,"column":1}},"94":{"start":{"line":231,"column":34},"end":{"line":238,"column":1}},"95":{"start":{"line":240,"column":31},"end":{"line":240,"column":71}},"96":{"start":{"line":242,"column":30},"end":{"line":247,"column":1}},"97":{"start":{"line":243,"column":2},"end":{"line":243,"column":78}},"98":{"start":{"line":243,"column":22},"end":{"line":243,"column":78}},"99":{"start":{"line":244,"column":2},"end":{"line":244,"column":75}},"100":{"start":{"line":244,"column":22},"end":{"line":244,"column":75}},"101":{"start":{"line":245,"column":2},"end":{"line":245,"column":69}},"102":{"start":{"line":245,"column":19},"end":{"line":245,"column":69}},"103":{"start":{"line":246,"column":2},"end":{"line":246,"column":42}},"104":{"start":{"line":249,"column":29},"end":{"line":260,"column":1}},"105":{"start":{"line":250,"column":2},"end":{"line":250,"column":18}},"106":{"start":{"line":250,"column":11},"end":{"line":250,"column":18}},"107":{"start":{"line":252,"column":2},"end":{"line":252,"column":71}},"108":{"start":{"line":254,"column":26},"end":{"line":254,"column":49}},"109":{"start":{"line":255,"column":2},"end":{"line":257,"column":3}},"110":{"start":{"line":256,"column":4},"end":{"line":256,"column":86}},"111":{"start":{"line":259,"column":2},"end":{"line":259,"column":75}},"112":{"start":{"line":262,"column":43},"end":{"line":281,"column":1}},"113":{"start":{"line":263,"column":2},"end":{"line":263,"column":37}},"114":{"start":{"line":263,"column":30},"end":{"line":263,"column":37}},"115":{"start":{"line":265,"column":19},"end":{"line":265,"column":67}},"116":{"start":{"line":266,"column":22},"end":{"line":266,"column":61}},"117":{"start":{"line":267,"column":2},"end":{"line":270,"column":5}},"118":{"start":{"line":272,"column":2},"end":{"line":280,"column":3}},"119":{"start":{"line":273,"column":24},"end":{"line":273,"column":43}},"120":{"start":{"line":274,"column":23},"end":{"line":274,"column":60}},"121":{"start":{"line":275,"column":4},"end":{"line":279,"column":5}},"122":{"start":{"line":276,"column":6},"end":{"line":276,"column":43}},"123":{"start":{"line":277,"column":6},"end":{"line":277,"column":59}},"124":{"start":{"line":278,"column":6},"end":{"line":278,"column":56}},"125":{"start":{"line":284,"column":40},"end":{"line":475,"column":1}},"126":{"start":{"line":285,"column":2},"end":{"line":474,"column":3}},"127":{"start":{"line":286,"column":21},"end":{"line":286,"column":34}},"128":{"start":{"line":289,"column":19},"end":{"line":289,"column":50}},"129":{"start":{"line":290,"column":4},"end":{"line":295,"column":5}},"130":{"start":{"line":291,"column":6},"end":{"line":294,"column":9}},"131":{"start":{"line":298,"column":4},"end":{"line":308,"column":5}},"132":{"start":{"line":299,"column":6},"end":{"line":307,"column":9}},"133":{"start":{"line":311,"column":4},"end":{"line":322,"column":5}},"134":{"start":{"line":313,"column":6},"end":{"line":321,"column":9}},"135":{"start":{"line":324,"column":35},"end":{"line":324,"column":69}},"136":{"start":{"line":326,"column":4},"end":{"line":331,"column":7}},"137":{"start":{"line":334,"column":4},"end":{"line":466,"column":5}},"138":{"start":{"line":335,"column":27},"end":{"line":388,"column":8}},"139":{"start":{"line":390,"column":6},"end":{"line":390,"column":83}},"140":{"start":{"line":391,"column":6},"end":{"line":391,"column":91}},"141":{"start":{"line":394,"column":6},"end":{"line":394,"column":79}},"142":{"start":{"line":397,"column":6},"end":{"line":465,"column":7}},"143":{"start":{"line":398,"column":29},"end":{"line":414,"column":17}},"144":{"start":{"line":416,"column":8},"end":{"line":416,"column":81}},"145":{"start":{"line":419,"column":34},"end":{"line":429,"column":10}},"146":{"start":{"line":420,"column":41},"end":{"line":420,"column":72}},"147":{"start":{"line":421,"column":27},"end":{"line":424,"column":11}},"148":{"start":{"line":425,"column":10},"end":{"line":428,"column":12}},"149":{"start":{"line":431,"column":8},"end":{"line":431,"column":98}},"150":{"start":{"line":434,"column":8},"end":{"line":434,"column":85}},"151":{"start":{"line":437,"column":25},"end":{"line":444,"column":17}},"152":{"start":{"line":447,"column":34},"end":{"line":461,"column":23}},"153":{"start":{"line":449,"column":43},"end":{"line":449,"column":74}},"154":{"start":{"line":450,"column":29},"end":{"line":453,"column":13}},"155":{"start":{"line":454,"column":12},"end":{"line":457,"column":14}},"156":{"start":{"line":459,"column":26},"end":{"line":459,"column":57}},"157":{"start":{"line":460,"column":26},"end":{"line":460,"column":69}},"158":{"start":{"line":463,"column":8},"end":{"line":463,"column":88}},"159":{"start":{"line":464,"column":8},"end":{"line":464,"column":98}},"160":{"start":{"line":469,"column":4},"end":{"line":469,"column":65}},"161":{"start":{"line":470,"column":4},"end":{"line":473,"column":7}},"162":{"start":{"line":481,"column":2},"end":{"line":494,"column":3}},"163":{"start":{"line":482,"column":4},"end":{"line":493,"column":7}},"164":{"start":{"line":497,"column":26},"end":{"line":593,"column":5}},"165":{"start":{"line":498,"column":4},"end":{"line":592,"column":5}},"166":{"start":{"line":500,"column":26},"end":{"line":502,"column":7}},"167":{"start":{"line":501,"column":13},"end":{"line":501,"column":72}},"168":{"start":{"line":505,"column":27},"end":{"line":508,"column":7}},"169":{"start":{"line":506,"column":13},"end":{"line":507,"column":48}},"170":{"start":{"line":510,"column":6},"end":{"line":510,"column":36}},"171":{"start":{"line":510,"column":24},"end":{"line":510,"column":36}},"172":{"start":{"line":513,"column":22},"end":{"line":513,"column":25}},"173":{"start":{"line":514,"column":6},"end":{"line":523,"column":7}},"174":{"start":{"line":515,"column":29},"end":{"line":517,"column":9}},"175":{"start":{"line":516,"column":15},"end":{"line":516,"column":74}},"176":{"start":{"line":518,"column":8},"end":{"line":522,"column":9}},"177":{"start":{"line":519,"column":30},"end":{"line":519,"column":107}},"178":{"start":{"line":520,"column":10},"end":{"line":520,"column":53}},"179":{"start":{"line":521,"column":10},"end":{"line":521,"column":42}},"180":{"start":{"line":521,"column":30},"end":{"line":521,"column":42}},"181":{"start":{"line":526,"column":37},"end":{"line":526,"column":68}},"182":{"start":{"line":527,"column":24},"end":{"line":527,"column":28}},"183":{"start":{"line":528,"column":20},"end":{"line":528,"column":24}},"184":{"start":{"line":530,"column":6},"end":{"line":542,"column":7}},"185":{"start":{"line":531,"column":29},"end":{"line":535,"column":9}},"186":{"start":{"line":536,"column":8},"end":{"line":536,"column":44}},"187":{"start":{"line":537,"column":8},"end":{"line":537,"column":44}},"188":{"start":{"line":539,"column":29},"end":{"line":539,"column":59}},"189":{"start":{"line":540,"column":8},"end":{"line":540,"column":58}},"190":{"start":{"line":541,"column":8},"end":{"line":541,"column":40}},"191":{"start":{"line":545,"column":27},"end":{"line":545,"column":87}},"192":{"start":{"line":546,"column":29},"end":{"line":546,"column":84}},"193":{"start":{"line":547,"column":33},"end":{"line":547,"column":67}},"194":{"start":{"line":549,"column":6},"end":{"line":588,"column":8}},"195":{"start":{"line":590,"column":6},"end":{"line":590,"column":51}},"196":{"start":{"line":591,"column":6},"end":{"line":591,"column":18}},"197":{"start":{"line":596,"column":24},"end":{"line":596,"column":63}},"198":{"start":{"line":596,"column":52},"end":{"line":596,"column":62}},"199":{"start":{"line":599,"column":2},"end":{"line":606,"column":5}},"200":{"start":{"line":600,"column":4},"end":{"line":600,"column":51}},"201":{"start":{"line":600,"column":41},"end":{"line":600,"column":51}},"202":{"start":{"line":601,"column":4},"end":{"line":601,"column":50}},"203":{"start":{"line":601,"column":41},"end":{"line":601,"column":50}},"204":{"start":{"line":602,"column":4},"end":{"line":604,"column":5}},"205":{"start":{"line":603,"column":6},"end":{"line":603,"column":39}},"206":{"start":{"line":605,"column":4},"end":{"line":605,"column":85}},"207":{"start":{"line":608,"column":2},"end":{"line":632,"column":5}},"208":{"start":{"line":625,"column":52},"end":{"line":625,"column":65}},"209":{"start":{"line":626,"column":47},"end":{"line":626,"column":61}},"210":{"start":{"line":628,"column":46},"end":{"line":628,"column":87}},"211":{"start":{"line":638,"column":27},"end":{"line":889,"column":1}},"212":{"start":{"line":639,"column":2},"end":{"line":888,"column":3}},"213":{"start":{"line":640,"column":23},"end":{"line":640,"column":37}},"214":{"start":{"line":652,"column":8},"end":{"line":652,"column":16}},"215":{"start":{"line":655,"column":4},"end":{"line":660,"column":7}},"216":{"start":{"line":661,"column":21},"end":{"line":661,"column":56}},"217":{"start":{"line":662,"column":4},"end":{"line":667,"column":5}},"218":{"start":{"line":663,"column":6},"end":{"line":666,"column":9}},"219":{"start":{"line":669,"column":4},"end":{"line":674,"column":5}},"220":{"start":{"line":670,"column":6},"end":{"line":673,"column":9}},"221":{"start":{"line":677,"column":27},"end":{"line":677,"column":29}},"222":{"start":{"line":678,"column":4},"end":{"line":682,"column":5}},"223":{"start":{"line":679,"column":6},"end":{"line":679,"column":39}},"224":{"start":{"line":680,"column":11},"end":{"line":682,"column":5}},"225":{"start":{"line":681,"column":6},"end":{"line":681,"column":40}},"226":{"start":{"line":684,"column":4},"end":{"line":689,"column":5}},"227":{"start":{"line":685,"column":6},"end":{"line":688,"column":9}},"228":{"start":{"line":692,"column":4},"end":{"line":697,"column":5}},"229":{"start":{"line":693,"column":6},"end":{"line":696,"column":9}},"230":{"start":{"line":700,"column":4},"end":{"line":707,"column":5}},"231":{"start":{"line":700,"column":17},"end":{"line":700,"column":18}},"232":{"start":{"line":701,"column":6},"end":{"line":706,"column":7}},"233":{"start":{"line":702,"column":8},"end":{"line":705,"column":11}},"234":{"start":{"line":709,"column":35},"end":{"line":709,"column":61}},"235":{"start":{"line":711,"column":24},"end":{"line":711,"column":52}},"236":{"start":{"line":712,"column":24},"end":{"line":712,"column":50}},"237":{"start":{"line":713,"column":23},"end":{"line":713,"column":25}},"238":{"start":{"line":716,"column":4},"end":{"line":736,"column":5}},"239":{"start":{"line":717,"column":6},"end":{"line":724,"column":9}},"240":{"start":{"line":727,"column":24},"end":{"line":731,"column":7}},"241":{"start":{"line":733,"column":6},"end":{"line":733,"column":44}},"242":{"start":{"line":734,"column":6},"end":{"line":734,"column":41}},"243":{"start":{"line":735,"column":6},"end":{"line":735,"column":41}},"244":{"start":{"line":739,"column":23},"end":{"line":739,"column":51}},"245":{"start":{"line":742,"column":4},"end":{"line":755,"column":5}},"246":{"start":{"line":743,"column":27},"end":{"line":743,"column":88}},"247":{"start":{"line":744,"column":6},"end":{"line":752,"column":8}},"248":{"start":{"line":754,"column":6},"end":{"line":754,"column":78}},"249":{"start":{"line":759,"column":22},"end":{"line":759,"column":67}},"250":{"start":{"line":760,"column":41},"end":{"line":760,"column":62}},"251":{"start":{"line":763,"column":35},"end":{"line":767,"column":7}},"252":{"start":{"line":763,"column":71},"end":{"line":767,"column":5}},"253":{"start":{"line":769,"column":17},"end":{"line":817,"column":6}},"254":{"start":{"line":820,"column":4},"end":{"line":830,"column":5}},"255":{"start":{"line":821,"column":28},"end":{"line":821,"column":87}},"256":{"start":{"line":822,"column":6},"end":{"line":829,"column":7}},"257":{"start":{"line":823,"column":8},"end":{"line":828,"column":11}},"258":{"start":{"line":833,"column":4},"end":{"line":833,"column":22}},"259":{"start":{"line":835,"column":15},"end":{"line":835,"column":32}},"260":{"start":{"line":836,"column":4},"end":{"line":843,"column":7}},"261":{"start":{"line":845,"column":4},"end":{"line":845,"column":47}},"262":{"start":{"line":847,"column":4},"end":{"line":880,"column":7}},"263":{"start":{"line":866,"column":48},"end":{"line":870,"column":11}},"264":{"start":{"line":883,"column":4},"end":{"line":883,"column":48}},"265":{"start":{"line":884,"column":4},"end":{"line":887,"column":7}},"266":{"start":{"line":892,"column":26},"end":{"line":976,"column":1}},"267":{"start":{"line":893,"column":2},"end":{"line":975,"column":3}},"268":{"start":{"line":894,"column":34},"end":{"line":894,"column":65}},"269":{"start":{"line":896,"column":4},"end":{"line":896,"column":30}},"270":{"start":{"line":897,"column":4},"end":{"line":897,"column":22}},"271":{"start":{"line":899,"column":26},"end":{"line":918,"column":6}},"272":{"start":{"line":920,"column":4},"end":{"line":929,"column":5}},"273":{"start":{"line":921,"column":6},"end":{"line":921,"column":33}},"274":{"start":{"line":922,"column":6},"end":{"line":922,"column":24}},"275":{"start":{"line":924,"column":6},"end":{"line":927,"column":9}},"276":{"start":{"line":928,"column":6},"end":{"line":928,"column":13}},"277":{"start":{"line":931,"column":28},"end":{"line":931,"column":30}},"278":{"start":{"line":933,"column":4},"end":{"line":966,"column":5}},"279":{"start":{"line":934,"column":37},"end":{"line":934,"column":71}},"280":{"start":{"line":935,"column":22},"end":{"line":939,"column":7}},"281":{"start":{"line":941,"column":6},"end":{"line":948,"column":9}},"282":{"start":{"line":950,"column":6},"end":{"line":965,"column":9}},"283":{"start":{"line":968,"column":4},"end":{"line":968,"column":43}},"284":{"start":{"line":969,"column":4},"end":{"line":969,"column":22}},"285":{"start":{"line":971,"column":4},"end":{"line":971,"column":68}},"286":{"start":{"line":971,"column":21},"end":{"line":971,"column":58}},"287":{"start":{"line":974,"column":4},"end":{"line":974,"column":55}},"288":{"start":{"line":979,"column":36},"end":{"line":1003,"column":1}},"289":{"start":{"line":980,"column":2},"end":{"line":1002,"column":3}},"290":{"start":{"line":981,"column":24},"end":{"line":981,"column":67}},"291":{"start":{"line":983,"column":4},"end":{"line":985,"column":5}},"292":{"start":{"line":984,"column":6},"end":{"line":984,"column":13}},"293":{"start":{"line":987,"column":28},"end":{"line":989,"column":5}},"294":{"start":{"line":988,"column":11},"end":{"line":988,"column":36}},"295":{"start":{"line":991,"column":4},"end":{"line":999,"column":5}},"296":{"start":{"line":992,"column":6},"end":{"line":992,"column":40}},"297":{"start":{"line":993,"column":6},"end":{"line":993,"column":31}},"298":{"start":{"line":995,"column":6},"end":{"line":998,"column":9}},"299":{"start":{"line":1001,"column":4},"end":{"line":1001,"column":59}},"300":{"start":{"line":1006,"column":26},"end":{"line":1210,"column":1}},"301":{"start":{"line":1007,"column":2},"end":{"line":1209,"column":3}},"302":{"start":{"line":1008,"column":21},"end":{"line":1008,"column":34}},"303":{"start":{"line":1009,"column":23},"end":{"line":1009,"column":31}},"304":{"start":{"line":1011,"column":19},"end":{"line":1011,"column":50}},"305":{"start":{"line":1012,"column":4},"end":{"line":1017,"column":5}},"306":{"start":{"line":1013,"column":6},"end":{"line":1016,"column":9}},"307":{"start":{"line":1018,"column":17},"end":{"line":1021,"column":6}},"308":{"start":{"line":1022,"column":4},"end":{"line":1027,"column":5}},"309":{"start":{"line":1023,"column":6},"end":{"line":1026,"column":9}},"310":{"start":{"line":1029,"column":4},"end":{"line":1034,"column":7}},"311":{"start":{"line":1036,"column":35},"end":{"line":1036,"column":69}},"312":{"start":{"line":1037,"column":35},"end":{"line":1037,"column":66}},"313":{"start":{"line":1039,"column":29},"end":{"line":1042,"column":5}},"314":{"start":{"line":1044,"column":36},"end":{"line":1044,"column":37}},"315":{"start":{"line":1045,"column":4},"end":{"line":1050,"column":5}},"316":{"start":{"line":1046,"column":6},"end":{"line":1049,"column":9}},"317":{"start":{"line":1052,"column":20},"end":{"line":1056,"column":5}},"318":{"start":{"line":1058,"column":33},"end":{"line":1060,"column":5}},"319":{"start":{"line":1059,"column":11},"end":{"line":1059,"column":59}},"320":{"start":{"line":1062,"column":4},"end":{"line":1074,"column":5}},"321":{"start":{"line":1063,"column":6},"end":{"line":1063,"column":49}},"322":{"start":{"line":1064,"column":6},"end":{"line":1064,"column":52}},"323":{"start":{"line":1066,"column":6},"end":{"line":1066,"column":59}},"324":{"start":{"line":1066,"column":33},"end":{"line":1066,"column":59}},"325":{"start":{"line":1067,"column":6},"end":{"line":1073,"column":9}},"326":{"start":{"line":1076,"column":4},"end":{"line":1083,"column":6}},"327":{"start":{"line":1085,"column":4},"end":{"line":1085,"column":41}},"328":{"start":{"line":1086,"column":4},"end":{"line":1091,"column":6}},"329":{"start":{"line":1093,"column":4},"end":{"line":1100,"column":5}},"330":{"start":{"line":1094,"column":6},"end":{"line":1099,"column":9}},"331":{"start":{"line":1095,"column":8},"end":{"line":1098,"column":9}},"332":{"start":{"line":1096,"column":10},"end":{"line":1096,"column":34}},"333":{"start":{"line":1097,"column":10},"end":{"line":1097,"column":37}},"334":{"start":{"line":1102,"column":4},"end":{"line":1102,"column":22}},"335":{"start":{"line":1104,"column":4},"end":{"line":1104,"column":31}},"336":{"start":{"line":1105,"column":4},"end":{"line":1105,"column":24}},"337":{"start":{"line":1107,"column":15},"end":{"line":1107,"column":32}},"338":{"start":{"line":1109,"column":27},"end":{"line":1131,"column":5}},"339":{"start":{"line":1134,"column":4},"end":{"line":1134,"column":60}},"340":{"start":{"line":1137,"column":4},"end":{"line":1137,"column":88}},"341":{"start":{"line":1140,"column":4},"end":{"line":1140,"column":71}},"342":{"start":{"line":1141,"column":4},"end":{"line":1149,"column":7}},"343":{"start":{"line":1151,"column":4},"end":{"line":1160,"column":5}},"344":{"start":{"line":1152,"column":6},"end":{"line":1159,"column":9}},"345":{"start":{"line":1153,"column":8},"end":{"line":1158,"column":9}},"346":{"start":{"line":1154,"column":10},"end":{"line":1157,"column":13}},"347":{"start":{"line":1162,"column":25},"end":{"line":1162,"column":78}},"348":{"start":{"line":1164,"column":4},"end":{"line":1201,"column":7}},"349":{"start":{"line":1204,"column":4},"end":{"line":1204,"column":47}},"350":{"start":{"line":1205,"column":4},"end":{"line":1208,"column":7}},"351":{"start":{"line":1213,"column":26},"end":{"line":1249,"column":1}},"352":{"start":{"line":1214,"column":2},"end":{"line":1248,"column":3}},"353":{"start":{"line":1215,"column":21},"end":{"line":1215,"column":34}},"354":{"start":{"line":1216,"column":31},"end":{"line":1216,"column":39}},"355":{"start":{"line":1218,"column":17},"end":{"line":1218,"column":68}},"356":{"start":{"line":1219,"column":4},"end":{"line":1224,"column":5}},"357":{"start":{"line":1220,"column":6},"end":{"line":1223,"column":9}},"358":{"start":{"line":1226,"column":27},"end":{"line":1228,"column":5}},"359":{"start":{"line":1227,"column":11},"end":{"line":1227,"column":73}},"360":{"start":{"line":1230,"column":4},"end":{"line":1235,"column":5}},"361":{"start":{"line":1231,"column":6},"end":{"line":1231,"column":43}},"362":{"start":{"line":1232,"column":6},"end":{"line":1232,"column":46}},"363":{"start":{"line":1233,"column":6},"end":{"line":1233,"column":46}},"364":{"start":{"line":1234,"column":6},"end":{"line":1234,"column":24}},"365":{"start":{"line":1237,"column":4},"end":{"line":1240,"column":7}},"366":{"start":{"line":1243,"column":4},"end":{"line":1243,"column":47}},"367":{"start":{"line":1244,"column":4},"end":{"line":1247,"column":7}},"368":{"start":{"line":1252,"column":29},"end":{"line":1324,"column":1}},"369":{"start":{"line":1253,"column":2},"end":{"line":1323,"column":3}},"370":{"start":{"line":1254,"column":21},"end":{"line":1254,"column":34}},"371":{"start":{"line":1255,"column":23},"end":{"line":1255,"column":31}},"372":{"start":{"line":1257,"column":17},"end":{"line":1261,"column":6}},"373":{"start":{"line":1263,"column":4},"end":{"line":1268,"column":5}},"374":{"start":{"line":1264,"column":6},"end":{"line":1267,"column":9}},"375":{"start":{"line":1270,"column":4},"end":{"line":1270,"column":40}},"376":{"start":{"line":1271,"column":4},"end":{"line":1271,"column":22}},"377":{"start":{"line":1273,"column":15},"end":{"line":1273,"column":32}},"378":{"start":{"line":1275,"column":4},"end":{"line":1279,"column":7}},"379":{"start":{"line":1282,"column":4},"end":{"line":1286,"column":7}},"380":{"start":{"line":1287,"column":4},"end":{"line":1292,"column":7}},"381":{"start":{"line":1294,"column":28},"end":{"line":1294,"column":95}},"382":{"start":{"line":1295,"column":4},"end":{"line":1303,"column":5}},"383":{"start":{"line":1296,"column":6},"end":{"line":1302,"column":9}},"384":{"start":{"line":1305,"column":4},"end":{"line":1315,"column":7}},"385":{"start":{"line":1318,"column":4},"end":{"line":1318,"column":50}},"386":{"start":{"line":1319,"column":4},"end":{"line":1322,"column":7}},"387":{"start":{"line":1327,"column":25},"end":{"line":1414,"column":1}},"388":{"start":{"line":1328,"column":2},"end":{"line":1413,"column":3}},"389":{"start":{"line":1329,"column":21},"end":{"line":1329,"column":34}},"390":{"start":{"line":1330,"column":23},"end":{"line":1330,"column":31}},"391":{"start":{"line":1332,"column":17},"end":{"line":1336,"column":6}},"392":{"start":{"line":1338,"column":4},"end":{"line":1343,"column":5}},"393":{"start":{"line":1339,"column":6},"end":{"line":1342,"column":9}},"394":{"start":{"line":1348,"column":33},"end":{"line":1351,"column":43}},"395":{"start":{"line":1353,"column":4},"end":{"line":1364,"column":5}},"396":{"start":{"line":1354,"column":6},"end":{"line":1363,"column":9}},"397":{"start":{"line":1366,"column":4},"end":{"line":1366,"column":37}},"398":{"start":{"line":1367,"column":4},"end":{"line":1367,"column":22}},"399":{"start":{"line":1369,"column":15},"end":{"line":1369,"column":32}},"400":{"start":{"line":1371,"column":4},"end":{"line":1376,"column":7}},"401":{"start":{"line":1379,"column":4},"end":{"line":1384,"column":7}},"402":{"start":{"line":1385,"column":4},"end":{"line":1390,"column":7}},"403":{"start":{"line":1392,"column":4},"end":{"line":1405,"column":7}},"404":{"start":{"line":1408,"column":4},"end":{"line":1408,"column":46}},"405":{"start":{"line":1409,"column":4},"end":{"line":1412,"column":7}},"406":{"start":{"line":1417,"column":28},"end":{"line":1665,"column":1}},"407":{"start":{"line":1418,"column":2},"end":{"line":1664,"column":3}},"408":{"start":{"line":1419,"column":21},"end":{"line":1419,"column":34}},"409":{"start":{"line":1420,"column":23},"end":{"line":1420,"column":31}},"410":{"start":{"line":1422,"column":17},"end":{"line":1426,"column":6}},"411":{"start":{"line":1428,"column":4},"end":{"line":1433,"column":5}},"412":{"start":{"line":1429,"column":6},"end":{"line":1432,"column":9}},"413":{"start":{"line":1435,"column":19},"end":{"line":1435,"column":50}},"414":{"start":{"line":1436,"column":35},"end":{"line":1436,"column":69}},"415":{"start":{"line":1437,"column":31},"end":{"line":1437,"column":60}},"416":{"start":{"line":1439,"column":27},"end":{"line":1443,"column":5}},"417":{"start":{"line":1445,"column":4},"end":{"line":1445,"column":50}},"418":{"start":{"line":1446,"column":4},"end":{"line":1446,"column":50}},"419":{"start":{"line":1447,"column":4},"end":{"line":1447,"column":35}},"420":{"start":{"line":1449,"column":4},"end":{"line":1451,"column":5}},"421":{"start":{"line":1450,"column":6},"end":{"line":1450,"column":39}},"422":{"start":{"line":1454,"column":4},"end":{"line":1467,"column":5}},"423":{"start":{"line":1460,"column":6},"end":{"line":1466,"column":9}},"424":{"start":{"line":1470,"column":29},"end":{"line":1470,"column":57}},"425":{"start":{"line":1471,"column":26},"end":{"line":1471,"column":66}},"426":{"start":{"line":1473,"column":4},"end":{"line":1473,"column":50}},"427":{"start":{"line":1474,"column":4},"end":{"line":1474,"column":44}},"428":{"start":{"line":1476,"column":4},"end":{"line":1476,"column":22}},"429":{"start":{"line":1478,"column":28},"end":{"line":1478,"column":29}},"430":{"start":{"line":1479,"column":17},"end":{"line":1479,"column":19}},"431":{"start":{"line":1480,"column":19},"end":{"line":1480,"column":21}},"432":{"start":{"line":1481,"column":22},"end":{"line":1481,"column":24}},"433":{"start":{"line":1483,"column":4},"end":{"line":1495,"column":5}},"434":{"start":{"line":1485,"column":6},"end":{"line":1485,"column":44}},"435":{"start":{"line":1486,"column":6},"end":{"line":1486,"column":23}},"436":{"start":{"line":1487,"column":6},"end":{"line":1487,"column":34}},"437":{"start":{"line":1488,"column":6},"end":{"line":1488,"column":44}},"438":{"start":{"line":1491,"column":6},"end":{"line":1491,"column":40}},"439":{"start":{"line":1492,"column":6},"end":{"line":1492,"column":24}},"440":{"start":{"line":1493,"column":6},"end":{"line":1493,"column":39}},"441":{"start":{"line":1494,"column":6},"end":{"line":1494,"column":100}},"442":{"start":{"line":1497,"column":28},"end":{"line":1497,"column":48}},"443":{"start":{"line":1498,"column":4},"end":{"line":1498,"column":46}},"444":{"start":{"line":1501,"column":22},"end":{"line":1511,"column":5}},"445":{"start":{"line":1513,"column":18},"end":{"line":1513,"column":62}},"446":{"start":{"line":1514,"column":18},"end":{"line":1514,"column":41}},"447":{"start":{"line":1516,"column":4},"end":{"line":1519,"column":5}},"448":{"start":{"line":1517,"column":6},"end":{"line":1517,"column":30}},"449":{"start":{"line":1518,"column":6},"end":{"line":1518,"column":48}},"450":{"start":{"line":1521,"column":4},"end":{"line":1521,"column":27}},"451":{"start":{"line":1522,"column":4},"end":{"line":1522,"column":50}},"452":{"start":{"line":1523,"column":4},"end":{"line":1523,"column":30}},"453":{"start":{"line":1524,"column":4},"end":{"line":1524,"column":24}},"454":{"start":{"line":1527,"column":28},"end":{"line":1527,"column":32}},"455":{"start":{"line":1528,"column":4},"end":{"line":1553,"column":5}},"456":{"start":{"line":1529,"column":23},"end":{"line":1529,"column":72}},"457":{"start":{"line":1530,"column":6},"end":{"line":1552,"column":7}},"458":{"start":{"line":1531,"column":32},"end":{"line":1531,"column":54}},"459":{"start":{"line":1532,"column":8},"end":{"line":1532,"column":56}},"460":{"start":{"line":1533,"column":8},"end":{"line":1533,"column":67}},"461":{"start":{"line":1533,"column":40},"end":{"line":1533,"column":67}},"462":{"start":{"line":1534,"column":8},"end":{"line":1534,"column":30}},"463":{"start":{"line":1535,"column":8},"end":{"line":1535,"column":51}},"464":{"start":{"line":1537,"column":8},"end":{"line":1548,"column":11}},"465":{"start":{"line":1550,"column":8},"end":{"line":1550,"column":41}},"466":{"start":{"line":1551,"column":8},"end":{"line":1551,"column":26}},"467":{"start":{"line":1557,"column":4},"end":{"line":1582,"column":5}},"468":{"start":{"line":1558,"column":23},"end":{"line":1558,"column":72}},"469":{"start":{"line":1559,"column":6},"end":{"line":1581,"column":7}},"470":{"start":{"line":1560,"column":32},"end":{"line":1560,"column":54}},"471":{"start":{"line":1561,"column":8},"end":{"line":1561,"column":59}},"472":{"start":{"line":1562,"column":8},"end":{"line":1562,"column":30}},"473":{"start":{"line":1565,"column":8},"end":{"line":1567,"column":9}},"474":{"start":{"line":1566,"column":12},"end":{"line":1566,"column":55}},"475":{"start":{"line":1569,"column":8},"end":{"line":1580,"column":11}},"476":{"start":{"line":1585,"column":4},"end":{"line":1596,"column":7}},"477":{"start":{"line":1599,"column":15},"end":{"line":1599,"column":32}},"478":{"start":{"line":1601,"column":27},"end":{"line":1616,"column":5}},"479":{"start":{"line":1619,"column":4},"end":{"line":1619,"column":61}},"480":{"start":{"line":1622,"column":4},"end":{"line":1622,"column":72}},"481":{"start":{"line":1623,"column":4},"end":{"line":1628,"column":7}},"482":{"start":{"line":1631,"column":4},"end":{"line":1640,"column":7}},"483":{"start":{"line":1642,"column":4},"end":{"line":1656,"column":7}},"484":{"start":{"line":1659,"column":4},"end":{"line":1659,"column":49}},"485":{"start":{"line":1660,"column":4},"end":{"line":1663,"column":7}},"486":{"start":{"line":1672,"column":26},"end":{"line":1923,"column":1}},"487":{"start":{"line":1673,"column":2},"end":{"line":1922,"column":3}},"488":{"start":{"line":1674,"column":19},"end":{"line":1674,"column":55}},"489":{"start":{"line":1675,"column":19},"end":{"line":1675,"column":59}},"490":{"start":{"line":1677,"column":33},"end":{"line":1677,"column":59}},"491":{"start":{"line":1679,"column":4},"end":{"line":1684,"column":5}},"492":{"start":{"line":1680,"column":6},"end":{"line":1683,"column":9}},"493":{"start":{"line":1686,"column":4},"end":{"line":1691,"column":5}},"494":{"start":{"line":1687,"column":6},"end":{"line":1690,"column":9}},"495":{"start":{"line":1694,"column":17},"end":{"line":1696,"column":34}},"496":{"start":{"line":1698,"column":4},"end":{"line":1703,"column":5}},"497":{"start":{"line":1699,"column":6},"end":{"line":1702,"column":9}},"498":{"start":{"line":1705,"column":4},"end":{"line":1710,"column":7}},"499":{"start":{"line":1713,"column":4},"end":{"line":1718,"column":5}},"500":{"start":{"line":1714,"column":6},"end":{"line":1717,"column":9}},"501":{"start":{"line":1721,"column":23},"end":{"line":1721,"column":28}},"502":{"start":{"line":1723,"column":4},"end":{"line":1741,"column":5}},"503":{"start":{"line":1724,"column":29},"end":{"line":1724,"column":112}},"504":{"start":{"line":1725,"column":6},"end":{"line":1729,"column":7}},"505":{"start":{"line":1726,"column":8},"end":{"line":1726,"column":28}},"506":{"start":{"line":1728,"column":8},"end":{"line":1728,"column":110}},"507":{"start":{"line":1731,"column":9},"end":{"line":1741,"column":5}},"508":{"start":{"line":1732,"column":27},"end":{"line":1732,"column":102}},"509":{"start":{"line":1733,"column":6},"end":{"line":1737,"column":7}},"510":{"start":{"line":1734,"column":8},"end":{"line":1734,"column":28}},"511":{"start":{"line":1736,"column":8},"end":{"line":1736,"column":108}},"512":{"start":{"line":1739,"column":9},"end":{"line":1741,"column":5}},"513":{"start":{"line":1740,"column":6},"end":{"line":1740,"column":26}},"514":{"start":{"line":1743,"column":4},"end":{"line":1748,"column":5}},"515":{"start":{"line":1744,"column":6},"end":{"line":1747,"column":9}},"516":{"start":{"line":1751,"column":15},"end":{"line":1751,"column":32}},"517":{"start":{"line":1753,"column":27},"end":{"line":1753,"column":38}},"518":{"start":{"line":1754,"column":4},"end":{"line":1758,"column":7}},"519":{"start":{"line":1759,"column":4},"end":{"line":1759,"column":32}},"520":{"start":{"line":1760,"column":4},"end":{"line":1760,"column":165}},"521":{"start":{"line":1761,"column":4},"end":{"line":1761,"column":29}},"522":{"start":{"line":1764,"column":23},"end":{"line":1764,"column":24}},"523":{"start":{"line":1765,"column":30},"end":{"line":1765,"column":35}},"524":{"start":{"line":1767,"column":4},"end":{"line":1774,"column":5}},"525":{"start":{"line":1769,"column":6},"end":{"line":1769,"column":43}},"526":{"start":{"line":1770,"column":6},"end":{"line":1770,"column":33}},"527":{"start":{"line":1771,"column":6},"end":{"line":1771,"column":38}},"528":{"start":{"line":1772,"column":6},"end":{"line":1772,"column":39}},"529":{"start":{"line":1773,"column":6},"end":{"line":1773,"column":42}},"530":{"start":{"line":1776,"column":4},"end":{"line":1776,"column":22}},"531":{"start":{"line":1777,"column":4},"end":{"line":1782,"column":7}},"532":{"start":{"line":1785,"column":4},"end":{"line":1802,"column":5}},"533":{"start":{"line":1786,"column":21},"end":{"line":1786,"column":64}},"534":{"start":{"line":1787,"column":6},"end":{"line":1790,"column":7}},"535":{"start":{"line":1788,"column":8},"end":{"line":1788,"column":34}},"536":{"start":{"line":1789,"column":8},"end":{"line":1789,"column":28}},"537":{"start":{"line":1793,"column":6},"end":{"line":1801,"column":7}},"538":{"start":{"line":1794,"column":28},"end":{"line":1794,"column":124}},"539":{"start":{"line":1795,"column":27},"end":{"line":1795,"column":64}},"540":{"start":{"line":1796,"column":8},"end":{"line":1800,"column":9}},"541":{"start":{"line":1797,"column":10},"end":{"line":1797,"column":40}},"542":{"start":{"line":1798,"column":10},"end":{"line":1798,"column":35}},"543":{"start":{"line":1799,"column":10},"end":{"line":1799,"column":60}},"544":{"start":{"line":1805,"column":4},"end":{"line":1811,"column":5}},"545":{"start":{"line":1806,"column":28},"end":{"line":1806,"column":63}},"546":{"start":{"line":1807,"column":6},"end":{"line":1810,"column":7}},"547":{"start":{"line":1808,"column":8},"end":{"line":1808,"column":43}},"548":{"start":{"line":1809,"column":8},"end":{"line":1809,"column":59}},"549":{"start":{"line":1814,"column":29},"end":{"line":1825,"column":5}},"550":{"start":{"line":1828,"column":4},"end":{"line":1831,"column":5}},"551":{"start":{"line":1829,"column":6},"end":{"line":1829,"column":51}},"552":{"start":{"line":1830,"column":6},"end":{"line":1830,"column":102}},"553":{"start":{"line":1836,"column":4},"end":{"line":1839,"column":5}},"554":{"start":{"line":1837,"column":25},"end":{"line":1837,"column":81}},"555":{"start":{"line":1838,"column":6},"end":{"line":1838,"column":79}},"556":{"start":{"line":1842,"column":4},"end":{"line":1845,"column":5}},"557":{"start":{"line":1843,"column":23},"end":{"line":1843,"column":71}},"558":{"start":{"line":1844,"column":6},"end":{"line":1844,"column":75}},"559":{"start":{"line":1848,"column":4},"end":{"line":1857,"column":5}},"560":{"start":{"line":1849,"column":6},"end":{"line":1856,"column":9}},"561":{"start":{"line":1850,"column":8},"end":{"line":1855,"column":9}},"562":{"start":{"line":1851,"column":10},"end":{"line":1854,"column":13}},"563":{"start":{"line":1860,"column":28},"end":{"line":1860,"column":51}},"564":{"start":{"line":1861,"column":4},"end":{"line":1863,"column":5}},"565":{"start":{"line":1862,"column":6},"end":{"line":1862,"column":89}},"566":{"start":{"line":1866,"column":4},"end":{"line":1866,"column":74}},"567":{"start":{"line":1867,"column":4},"end":{"line":1876,"column":7}},"568":{"start":{"line":1879,"column":4},"end":{"line":1888,"column":7}},"569":{"start":{"line":1891,"column":25},"end":{"line":1901,"column":5}},"570":{"start":{"line":1904,"column":4},"end":{"line":1908,"column":5}},"571":{"start":{"line":1905,"column":6},"end":{"line":1905,"column":47}},"572":{"start":{"line":1906,"column":6},"end":{"line":1906,"column":54}},"573":{"start":{"line":1907,"column":6},"end":{"line":1907,"column":111}},"574":{"start":{"line":1910,"column":4},"end":{"line":1914,"column":7}},"575":{"start":{"line":1917,"column":4},"end":{"line":1917,"column":49}},"576":{"start":{"line":1918,"column":4},"end":{"line":1921,"column":7}},"577":{"start":{"line":1926,"column":32},"end":{"line":2042,"column":1}},"578":{"start":{"line":1927,"column":2},"end":{"line":2041,"column":3}},"579":{"start":{"line":1928,"column":23},"end":{"line":1928,"column":33}},"580":{"start":{"line":1929,"column":37},"end":{"line":1929,"column":45}},"581":{"start":{"line":1930,"column":33},"end":{"line":1930,"column":59}},"582":{"start":{"line":1932,"column":4},"end":{"line":1937,"column":5}},"583":{"start":{"line":1933,"column":6},"end":{"line":1936,"column":9}},"584":{"start":{"line":1939,"column":4},"end":{"line":1944,"column":5}},"585":{"start":{"line":1940,"column":6},"end":{"line":1943,"column":9}},"586":{"start":{"line":1946,"column":4},"end":{"line":1951,"column":5}},"587":{"start":{"line":1947,"column":6},"end":{"line":1950,"column":9}},"588":{"start":{"line":1953,"column":17},"end":{"line":1955,"column":34}},"589":{"start":{"line":1957,"column":4},"end":{"line":1962,"column":5}},"590":{"start":{"line":1958,"column":6},"end":{"line":1961,"column":9}},"591":{"start":{"line":1964,"column":4},"end":{"line":1969,"column":5}},"592":{"start":{"line":1965,"column":6},"end":{"line":1968,"column":9}},"593":{"start":{"line":1971,"column":4},"end":{"line":1981,"column":5}},"594":{"start":{"line":1972,"column":6},"end":{"line":1980,"column":9}},"595":{"start":{"line":1983,"column":27},"end":{"line":1983,"column":38}},"596":{"start":{"line":1984,"column":22},"end":{"line":1984,"column":32}},"597":{"start":{"line":1986,"column":4},"end":{"line":1990,"column":7}},"598":{"start":{"line":1992,"column":4},"end":{"line":1994,"column":5}},"599":{"start":{"line":1993,"column":6},"end":{"line":1993,"column":90}},"600":{"start":{"line":1996,"column":4},"end":{"line":1996,"column":22}},"601":{"start":{"line":1997,"column":4},"end":{"line":1997,"column":59}},"602":{"start":{"line":1999,"column":4},"end":{"line":2005,"column":5}},"603":{"start":{"line":2000,"column":28},"end":{"line":2000,"column":63}},"604":{"start":{"line":2001,"column":6},"end":{"line":2004,"column":7}},"605":{"start":{"line":2002,"column":8},"end":{"line":2002,"column":38}},"606":{"start":{"line":2003,"column":8},"end":{"line":2003,"column":59}},"607":{"start":{"line":2007,"column":23},"end":{"line":2016,"column":5}},"608":{"start":{"line":2018,"column":4},"end":{"line":2018,"column":62}},"609":{"start":{"line":2019,"column":4},"end":{"line":2019,"column":57}},"610":{"start":{"line":2021,"column":4},"end":{"line":2033,"column":7}},"611":{"start":{"line":2036,"column":4},"end":{"line":2036,"column":54}},"612":{"start":{"line":2037,"column":4},"end":{"line":2040,"column":7}},"613":{"start":{"line":2045,"column":34},"end":{"line":2153,"column":1}},"614":{"start":{"line":2046,"column":2},"end":{"line":2152,"column":3}},"615":{"start":{"line":2047,"column":21},"end":{"line":2047,"column":34}},"616":{"start":{"line":2048,"column":44},"end":{"line":2048,"column":52}},"617":{"start":{"line":2050,"column":17},"end":{"line":2054,"column":6}},"618":{"start":{"line":2056,"column":4},"end":{"line":2061,"column":5}},"619":{"start":{"line":2057,"column":6},"end":{"line":2060,"column":9}},"620":{"start":{"line":2063,"column":4},"end":{"line":2069,"column":7}},"621":{"start":{"line":2071,"column":4},"end":{"line":2071,"column":22}},"622":{"start":{"line":2073,"column":4},"end":{"line":2079,"column":7}},"623":{"start":{"line":2081,"column":14},"end":{"line":2081,"column":18}},"624":{"start":{"line":2082,"column":18},"end":{"line":2082,"column":22}},"625":{"start":{"line":2084,"column":4},"end":{"line":2122,"column":5}},"626":{"start":{"line":2085,"column":22},"end":{"line":2089,"column":7}},"627":{"start":{"line":2090,"column":6},"end":{"line":2090,"column":29}},"628":{"start":{"line":2091,"column":6},"end":{"line":2091,"column":37}},"629":{"start":{"line":2092,"column":11},"end":{"line":2122,"column":5}},"630":{"start":{"line":2093,"column":22},"end":{"line":2097,"column":7}},"631":{"start":{"line":2098,"column":6},"end":{"line":2098,"column":29}},"632":{"start":{"line":2099,"column":6},"end":{"line":2099,"column":37}},"633":{"start":{"line":2101,"column":31},"end":{"line":2105,"column":7}},"634":{"start":{"line":2107,"column":44},"end":{"line":2107,"column":47}},"635":{"start":{"line":2109,"column":6},"end":{"line":2121,"column":7}},"636":{"start":{"line":2110,"column":8},"end":{"line":2110,"column":36}},"637":{"start":{"line":2111,"column":8},"end":{"line":2111,"column":26}},"638":{"start":{"line":2113,"column":19},"end":{"line":2113,"column":36}},"639":{"start":{"line":2114,"column":8},"end":{"line":2120,"column":11}},"640":{"start":{"line":2124,"column":15},"end":{"line":2124,"column":32}},"641":{"start":{"line":2125,"column":4},"end":{"line":2132,"column":7}},"642":{"start":{"line":2134,"column":4},"end":{"line":2144,"column":7}},"643":{"start":{"line":2147,"column":4},"end":{"line":2147,"column":56}},"644":{"start":{"line":2148,"column":4},"end":{"line":2151,"column":7}},"645":{"start":{"line":2156,"column":25},"end":{"line":2242,"column":1}},"646":{"start":{"line":2157,"column":2},"end":{"line":2241,"column":3}},"647":{"start":{"line":2158,"column":23},"end":{"line":2158,"column":37}},"648":{"start":{"line":2159,"column":23},"end":{"line":2159,"column":33}},"649":{"start":{"line":2160,"column":17},"end":{"line":2164,"column":34}},"650":{"start":{"line":2166,"column":4},"end":{"line":2171,"column":5}},"651":{"start":{"line":2167,"column":6},"end":{"line":2170,"column":9}},"652":{"start":{"line":2173,"column":19},"end":{"line":2173,"column":39}},"653":{"start":{"line":2174,"column":27},"end":{"line":2174,"column":71}},"654":{"start":{"line":2176,"column":14},"end":{"line":2176,"column":18}},"655":{"start":{"line":2177,"column":18},"end":{"line":2177,"column":22}},"656":{"start":{"line":2178,"column":27},"end":{"line":2178,"column":31}},"657":{"start":{"line":2179,"column":31},"end":{"line":2179,"column":35}},"658":{"start":{"line":2181,"column":4},"end":{"line":2206,"column":5}},"659":{"start":{"line":2182,"column":22},"end":{"line":2186,"column":7}},"660":{"start":{"line":2187,"column":6},"end":{"line":2187,"column":29}},"661":{"start":{"line":2188,"column":6},"end":{"line":2188,"column":37}},"662":{"start":{"line":2189,"column":6},"end":{"line":2189,"column":42}},"663":{"start":{"line":2190,"column":6},"end":{"line":2190,"column":50}},"664":{"start":{"line":2191,"column":11},"end":{"line":2206,"column":5}},"665":{"start":{"line":2193,"column":25},"end":{"line":2193,"column":51}},"666":{"start":{"line":2194,"column":25},"end":{"line":2196,"column":27}},"667":{"start":{"line":2197,"column":22},"end":{"line":2201,"column":7}},"668":{"start":{"line":2202,"column":6},"end":{"line":2202,"column":29}},"669":{"start":{"line":2203,"column":6},"end":{"line":2203,"column":37}},"670":{"start":{"line":2204,"column":6},"end":{"line":2204,"column":42}},"671":{"start":{"line":2205,"column":6},"end":{"line":2205,"column":50}},"672":{"start":{"line":2208,"column":4},"end":{"line":2233,"column":7}},"673":{"start":{"line":2236,"column":4},"end":{"line":2236,"column":46}},"674":{"start":{"line":2237,"column":4},"end":{"line":2240,"column":7}},"675":{"start":{"line":2245,"column":29},"end":{"line":2323,"column":1}},"676":{"start":{"line":2246,"column":2},"end":{"line":2322,"column":3}},"677":{"start":{"line":2247,"column":23},"end":{"line":2247,"column":33}},"678":{"start":{"line":2248,"column":19},"end":{"line":2248,"column":51}},"679":{"start":{"line":2249,"column":21},"end":{"line":2249,"column":81}},"680":{"start":{"line":2251,"column":17},"end":{"line":2251,"column":47}},"681":{"start":{"line":2253,"column":4},"end":{"line":2258,"column":5}},"682":{"start":{"line":2254,"column":6},"end":{"line":2257,"column":9}},"683":{"start":{"line":2260,"column":4},"end":{"line":2265,"column":5}},"684":{"start":{"line":2261,"column":6},"end":{"line":2264,"column":9}},"685":{"start":{"line":2267,"column":4},"end":{"line":2272,"column":5}},"686":{"start":{"line":2268,"column":6},"end":{"line":2271,"column":9}},"687":{"start":{"line":2274,"column":4},"end":{"line":2314,"column":7}},"688":{"start":{"line":2317,"column":4},"end":{"line":2317,"column":51}},"689":{"start":{"line":2318,"column":4},"end":{"line":2321,"column":7}},"690":{"start":{"line":2326,"column":26},"end":{"line":2387,"column":1}},"691":{"start":{"line":2327,"column":2},"end":{"line":2386,"column":3}},"692":{"start":{"line":2328,"column":23},"end":{"line":2328,"column":37}},"693":{"start":{"line":2329,"column":23},"end":{"line":2329,"column":33}},"694":{"start":{"line":2330,"column":31},"end":{"line":2330,"column":39}},"695":{"start":{"line":2332,"column":17},"end":{"line":2336,"column":6}},"696":{"start":{"line":2338,"column":4},"end":{"line":2343,"column":5}},"697":{"start":{"line":2339,"column":6},"end":{"line":2342,"column":9}},"698":{"start":{"line":2345,"column":4},"end":{"line":2350,"column":5}},"699":{"start":{"line":2346,"column":6},"end":{"line":2349,"column":9}},"700":{"start":{"line":2352,"column":4},"end":{"line":2356,"column":6}},"701":{"start":{"line":2358,"column":4},"end":{"line":2358,"column":22}},"702":{"start":{"line":2360,"column":24},"end":{"line":2363,"column":6}},"703":{"start":{"line":2365,"column":22},"end":{"line":2365,"column":107}},"704":{"start":{"line":2365,"column":53},"end":{"line":2365,"column":82}},"705":{"start":{"line":2367,"column":4},"end":{"line":2369,"column":7}},"706":{"start":{"line":2371,"column":4},"end":{"line":2378,"column":7}},"707":{"start":{"line":2381,"column":4},"end":{"line":2381,"column":47}},"708":{"start":{"line":2382,"column":4},"end":{"line":2385,"column":7}},"709":{"start":{"line":2390,"column":28},"end":{"line":2451,"column":1}},"710":{"start":{"line":2391,"column":2},"end":{"line":2450,"column":3}},"711":{"start":{"line":2392,"column":21},"end":{"line":2392,"column":34}},"712":{"start":{"line":2393,"column":23},"end":{"line":2393,"column":33}},"713":{"start":{"line":2394,"column":31},"end":{"line":2394,"column":39}},"714":{"start":{"line":2396,"column":17},"end":{"line":2400,"column":6}},"715":{"start":{"line":2402,"column":4},"end":{"line":2407,"column":5}},"716":{"start":{"line":2403,"column":6},"end":{"line":2406,"column":9}},"717":{"start":{"line":2409,"column":4},"end":{"line":2414,"column":5}},"718":{"start":{"line":2410,"column":6},"end":{"line":2413,"column":9}},"719":{"start":{"line":2416,"column":4},"end":{"line":2420,"column":6}},"720":{"start":{"line":2422,"column":4},"end":{"line":2422,"column":22}},"721":{"start":{"line":2424,"column":26},"end":{"line":2427,"column":6}},"722":{"start":{"line":2429,"column":22},"end":{"line":2429,"column":109}},"723":{"start":{"line":2429,"column":55},"end":{"line":2429,"column":82}},"724":{"start":{"line":2431,"column":4},"end":{"line":2433,"column":7}},"725":{"start":{"line":2435,"column":4},"end":{"line":2442,"column":7}},"726":{"start":{"line":2445,"column":4},"end":{"line":2445,"column":49}},"727":{"start":{"line":2446,"column":4},"end":{"line":2449,"column":7}},"728":{"start":{"line":2454,"column":38},"end":{"line":2511,"column":1}},"729":{"start":{"line":2455,"column":2},"end":{"line":2510,"column":3}},"730":{"start":{"line":2456,"column":23},"end":{"line":2456,"column":37}},"731":{"start":{"line":2457,"column":45},"end":{"line":2457,"column":54}},"732":{"start":{"line":2459,"column":18},"end":{"line":2459,"column":55}},"733":{"start":{"line":2460,"column":4},"end":{"line":2460,"column":38}},"734":{"start":{"line":2460,"column":16},"end":{"line":2460,"column":38}},"735":{"start":{"line":2462,"column":18},"end":{"line":2466,"column":43}},"736":{"start":{"line":2468,"column":18},"end":{"line":2468,"column":50}},"737":{"start":{"line":2470,"column":19},"end":{"line":2480,"column":6}},"738":{"start":{"line":2482,"column":4},"end":{"line":2502,"column":7}},"739":{"start":{"line":2485,"column":34},"end":{"line":2489,"column":9}},"740":{"start":{"line":2505,"column":4},"end":{"line":2505,"column":61}},"741":{"start":{"line":2506,"column":4},"end":{"line":2509,"column":7}},"742":{"start":{"line":2514,"column":36},"end":{"line":2571,"column":1}},"743":{"start":{"line":2515,"column":2},"end":{"line":2570,"column":3}},"744":{"start":{"line":2516,"column":21},"end":{"line":2516,"column":34}},"745":{"start":{"line":2517,"column":45},"end":{"line":2517,"column":54}},"746":{"start":{"line":2519,"column":18},"end":{"line":2519,"column":49}},"747":{"start":{"line":2520,"column":4},"end":{"line":2520,"column":38}},"748":{"start":{"line":2520,"column":16},"end":{"line":2520,"column":38}},"749":{"start":{"line":2522,"column":18},"end":{"line":2526,"column":43}},"750":{"start":{"line":2528,"column":18},"end":{"line":2528,"column":50}},"751":{"start":{"line":2530,"column":21},"end":{"line":2540,"column":6}},"752":{"start":{"line":2542,"column":4},"end":{"line":2562,"column":7}},"753":{"start":{"line":2545,"column":34},"end":{"line":2549,"column":9}},"754":{"start":{"line":2565,"column":4},"end":{"line":2565,"column":59}},"755":{"start":{"line":2566,"column":4},"end":{"line":2569,"column":7}},"756":{"start":{"line":2574,"column":36},"end":{"line":2650,"column":1}},"757":{"start":{"line":2575,"column":2},"end":{"line":2649,"column":3}},"758":{"start":{"line":2576,"column":21},"end":{"line":2576,"column":34}},"759":{"start":{"line":2577,"column":36},"end":{"line":2577,"column":44}},"760":{"start":{"line":2579,"column":4},"end":{"line":2584,"column":5}},"761":{"start":{"line":2580,"column":6},"end":{"line":2583,"column":9}},"762":{"start":{"line":2587,"column":19},"end":{"line":2597,"column":5}},"763":{"start":{"line":2599,"column":4},"end":{"line":2604,"column":5}},"764":{"start":{"line":2600,"column":6},"end":{"line":2603,"column":9}},"765":{"start":{"line":2607,"column":15},"end":{"line":2607,"column":32}},"766":{"start":{"line":2610,"column":4},"end":{"line":2621,"column":7}},"767":{"start":{"line":2624,"column":4},"end":{"line":2631,"column":5}},"768":{"start":{"line":2625,"column":6},"end":{"line":2630,"column":9}},"769":{"start":{"line":2633,"column":4},"end":{"line":2641,"column":7}},"770":{"start":{"line":2644,"column":4},"end":{"line":2644,"column":58}},"771":{"start":{"line":2645,"column":4},"end":{"line":2648,"column":7}},"772":{"start":{"line":2653,"column":32},"end":{"line":2745,"column":1}},"773":{"start":{"line":2654,"column":2},"end":{"line":2744,"column":3}},"774":{"start":{"line":2655,"column":61},"end":{"line":2655,"column":70}},"775":{"start":{"line":2657,"column":4},"end":{"line":2662,"column":5}},"776":{"start":{"line":2658,"column":6},"end":{"line":2661,"column":9}},"777":{"start":{"line":2664,"column":28},"end":{"line":2668,"column":5}},"778":{"start":{"line":2670,"column":4},"end":{"line":2672,"column":5}},"779":{"start":{"line":2671,"column":6},"end":{"line":2671,"column":48}},"780":{"start":{"line":2674,"column":20},"end":{"line":2700,"column":6}},"781":{"start":{"line":2702,"column":31},"end":{"line":2725,"column":7}},"782":{"start":{"line":2703,"column":37},"end":{"line":2703,"column":71}},"783":{"start":{"line":2704,"column":22},"end":{"line":2708,"column":7}},"784":{"start":{"line":2710,"column":6},"end":{"line":2724,"column":8}},"785":{"start":{"line":2727,"column":4},"end":{"line":2727,"column":63}},"786":{"start":{"line":2727,"column":38},"end":{"line":2727,"column":61}},"787":{"start":{"line":2729,"column":4},"end":{"line":2736,"column":7}},"788":{"start":{"line":2739,"column":4},"end":{"line":2739,"column":54}},"789":{"start":{"line":2740,"column":4},"end":{"line":2743,"column":7}},"790":{"start":{"line":2748,"column":37},"end":{"line":2876,"column":1}},"791":{"start":{"line":2749,"column":2},"end":{"line":2875,"column":3}},"792":{"start":{"line":2750,"column":83},"end":{"line":2750,"column":92}},"793":{"start":{"line":2753,"column":21},"end":{"line":2753,"column":23}},"794":{"start":{"line":2754,"column":4},"end":{"line":2765,"column":5}},"795":{"start":{"line":2755,"column":6},"end":{"line":2762,"column":7}},"796":{"start":{"line":2756,"column":8},"end":{"line":2756,"column":39}},"797":{"start":{"line":2758,"column":8},"end":{"line":2761,"column":11}},"798":{"start":{"line":2763,"column":11},"end":{"line":2765,"column":5}},"799":{"start":{"line":2764,"column":6},"end":{"line":2764,"column":52}},"800":{"start":{"line":2767,"column":4},"end":{"line":2772,"column":5}},"801":{"start":{"line":2768,"column":6},"end":{"line":2771,"column":9}},"802":{"start":{"line":2774,"column":4},"end":{"line":2779,"column":5}},"803":{"start":{"line":2775,"column":6},"end":{"line":2778,"column":9}},"804":{"start":{"line":2782,"column":25},"end":{"line":2782,"column":27}},"805":{"start":{"line":2783,"column":24},"end":{"line":2783,"column":25}},"806":{"start":{"line":2784,"column":24},"end":{"line":2784,"column":25}},"807":{"start":{"line":2785,"column":18},"end":{"line":2785,"column":39}},"808":{"start":{"line":2786,"column":18},"end":{"line":2786,"column":39}},"809":{"start":{"line":2788,"column":4},"end":{"line":2811,"column":5}},"810":{"start":{"line":2788,"column":17},"end":{"line":2788,"column":18}},"811":{"start":{"line":2789,"column":19},"end":{"line":2789,"column":48}},"812":{"start":{"line":2790,"column":19},"end":{"line":2790,"column":48}},"813":{"start":{"line":2791,"column":22},"end":{"line":2795,"column":7}},"814":{"start":{"line":2797,"column":6},"end":{"line":2805,"column":9}},"815":{"start":{"line":2807,"column":6},"end":{"line":2807,"column":40}},"816":{"start":{"line":2808,"column":6},"end":{"line":2808,"column":40}},"817":{"start":{"line":2809,"column":6},"end":{"line":2809,"column":21}},"818":{"start":{"line":2810,"column":6},"end":{"line":2810,"column":21}},"819":{"start":{"line":2813,"column":4},"end":{"line":2813,"column":57}},"820":{"start":{"line":2816,"column":17},"end":{"line":2816,"column":69}},"821":{"start":{"line":2818,"column":32},"end":{"line":2836,"column":6}},"822":{"start":{"line":2838,"column":31},"end":{"line":2838,"column":65}},"823":{"start":{"line":2840,"column":4},"end":{"line":2867,"column":7}},"824":{"start":{"line":2854,"column":43},"end":{"line":2858,"column":13}},"825":{"start":{"line":2870,"column":4},"end":{"line":2870,"column":50}},"826":{"start":{"line":2871,"column":4},"end":{"line":2874,"column":7}},"827":{"start":{"line":2880,"column":46},"end":{"line":2963,"column":1}},"828":{"start":{"line":2881,"column":2},"end":{"line":2962,"column":3}},"829":{"start":{"line":2882,"column":21},"end":{"line":2882,"column":34}},"830":{"start":{"line":2883,"column":44},"end":{"line":2883,"column":52}},"831":{"start":{"line":2884,"column":15},"end":{"line":2884,"column":32}},"832":{"start":{"line":2886,"column":4},"end":{"line":2891,"column":5}},"833":{"start":{"line":2887,"column":6},"end":{"line":2890,"column":9}},"834":{"start":{"line":2894,"column":19},"end":{"line":2904,"column":5}},"835":{"start":{"line":2906,"column":4},"end":{"line":2911,"column":5}},"836":{"start":{"line":2907,"column":6},"end":{"line":2910,"column":9}},"837":{"start":{"line":2912,"column":25},"end":{"line":2924,"column":5}},"838":{"start":{"line":2927,"column":4},"end":{"line":2944,"column":5}},"839":{"start":{"line":2928,"column":6},"end":{"line":2928,"column":76}},"840":{"start":{"line":2931,"column":30},"end":{"line":2931,"column":53}},"841":{"start":{"line":2932,"column":6},"end":{"line":2932,"column":89}},"842":{"start":{"line":2935,"column":30},"end":{"line":2935,"column":79}},"843":{"start":{"line":2936,"column":6},"end":{"line":2943,"column":9}},"844":{"start":{"line":2937,"column":8},"end":{"line":2942,"column":11}},"845":{"start":{"line":2946,"column":4},"end":{"line":2954,"column":7}},"846":{"start":{"line":2957,"column":4},"end":{"line":2957,"column":58}},"847":{"start":{"line":2958,"column":4},"end":{"line":2961,"column":7}},"848":{"start":{"line":2967,"column":2},"end":{"line":2995,"column":3}},"849":{"start":{"line":2969,"column":17},"end":{"line":2969,"column":60}},"850":{"start":{"line":2970,"column":27},"end":{"line":2973,"column":38}},"851":{"start":{"line":2975,"column":28},"end":{"line":2975,"column":30}},"852":{"start":{"line":2977,"column":4},"end":{"line":2989,"column":5}},"853":{"start":{"line":2978,"column":37},"end":{"line":2978,"column":68}},"854":{"start":{"line":2979,"column":23},"end":{"line":2979,"column":83}},"855":{"start":{"line":2981,"column":6},"end":{"line":2988,"column":7}},"856":{"start":{"line":2982,"column":8},"end":{"line":2987,"column":11}},"857":{"start":{"line":2991,"column":4},"end":{"line":2991,"column":27}},"858":{"start":{"line":2993,"column":4},"end":{"line":2993,"column":60}},"859":{"start":{"line":2994,"column":4},"end":{"line":2994,"column":14}},"860":{"start":{"line":3003,"column":36},"end":{"line":3144,"column":1}},"861":{"start":{"line":3004,"column":2},"end":{"line":3143,"column":3}},"862":{"start":{"line":3005,"column":21},"end":{"line":3005,"column":34}},"863":{"start":{"line":3006,"column":39},"end":{"line":3006,"column":47}},"864":{"start":{"line":3007,"column":15},"end":{"line":3007,"column":32}},"865":{"start":{"line":3009,"column":19},"end":{"line":3009,"column":50}},"866":{"start":{"line":3010,"column":4},"end":{"line":3015,"column":5}},"867":{"start":{"line":3011,"column":6},"end":{"line":3014,"column":9}},"868":{"start":{"line":3017,"column":17},"end":{"line":3020,"column":6}},"869":{"start":{"line":3021,"column":4},"end":{"line":3026,"column":5}},"870":{"start":{"line":3022,"column":6},"end":{"line":3025,"column":9}},"871":{"start":{"line":3029,"column":35},"end":{"line":3029,"column":66}},"872":{"start":{"line":3030,"column":29},"end":{"line":3035,"column":5}},"873":{"start":{"line":3037,"column":36},"end":{"line":3037,"column":37}},"874":{"start":{"line":3038,"column":4},"end":{"line":3043,"column":5}},"875":{"start":{"line":3039,"column":6},"end":{"line":3042,"column":9}},"876":{"start":{"line":3046,"column":18},"end":{"line":3046,"column":53}},"877":{"start":{"line":3047,"column":24},"end":{"line":3047,"column":66}},"878":{"start":{"line":3050,"column":4},"end":{"line":3057,"column":6}},"879":{"start":{"line":3058,"column":4},"end":{"line":3058,"column":41}},"880":{"start":{"line":3059,"column":4},"end":{"line":3064,"column":6}},"881":{"start":{"line":3065,"column":4},"end":{"line":3065,"column":22}},"882":{"start":{"line":3068,"column":4},"end":{"line":3068,"column":31}},"883":{"start":{"line":3069,"column":4},"end":{"line":3069,"column":24}},"884":{"start":{"line":3072,"column":27},"end":{"line":3090,"column":5}},"885":{"start":{"line":3093,"column":4},"end":{"line":3093,"column":88}},"886":{"start":{"line":3096,"column":4},"end":{"line":3096,"column":71}},"887":{"start":{"line":3097,"column":4},"end":{"line":3105,"column":7}},"888":{"start":{"line":3108,"column":28},"end":{"line":3108,"column":51}},"889":{"start":{"line":3109,"column":4},"end":{"line":3109,"column":84}},"890":{"start":{"line":3112,"column":4},"end":{"line":3119,"column":7}},"891":{"start":{"line":3113,"column":6},"end":{"line":3118,"column":7}},"892":{"start":{"line":3114,"column":8},"end":{"line":3117,"column":11}},"893":{"start":{"line":3121,"column":4},"end":{"line":3135,"column":7}},"894":{"start":{"line":3138,"column":4},"end":{"line":3138,"column":47}},"895":{"start":{"line":3139,"column":4},"end":{"line":3142,"column":7}},"896":{"start":{"line":3147,"column":44},"end":{"line":3231,"column":1}},"897":{"start":{"line":3148,"column":2},"end":{"line":3230,"column":3}},"898":{"start":{"line":3149,"column":23},"end":{"line":3149,"column":33}},"899":{"start":{"line":3150,"column":23},"end":{"line":3150,"column":37}},"900":{"start":{"line":3152,"column":17},"end":{"line":3152,"column":82}},"901":{"start":{"line":3154,"column":4},"end":{"line":3159,"column":5}},"902":{"start":{"line":3155,"column":6},"end":{"line":3158,"column":9}},"903":{"start":{"line":3161,"column":4},"end":{"line":3166,"column":5}},"904":{"start":{"line":3162,"column":6},"end":{"line":3165,"column":9}},"905":{"start":{"line":3168,"column":19},"end":{"line":3168,"column":62}},"906":{"start":{"line":3170,"column":4},"end":{"line":3175,"column":5}},"907":{"start":{"line":3171,"column":6},"end":{"line":3174,"column":9}},"908":{"start":{"line":3177,"column":23},"end":{"line":3177,"column":57}},"909":{"start":{"line":3180,"column":14},"end":{"line":3180,"column":18}},"910":{"start":{"line":3181,"column":18},"end":{"line":3181,"column":22}},"911":{"start":{"line":3182,"column":28},"end":{"line":3182,"column":32}},"912":{"start":{"line":3184,"column":4},"end":{"line":3203,"column":5}},"913":{"start":{"line":3185,"column":37},"end":{"line":3185,"column":68}},"914":{"start":{"line":3186,"column":23},"end":{"line":3186,"column":72}},"915":{"start":{"line":3187,"column":20},"end":{"line":3187,"column":55}},"916":{"start":{"line":3188,"column":6},"end":{"line":3188,"column":47}},"917":{"start":{"line":3189,"column":6},"end":{"line":3189,"column":30}},"918":{"start":{"line":3190,"column":6},"end":{"line":3190,"column":35}},"919":{"start":{"line":3191,"column":11},"end":{"line":3203,"column":5}},"920":{"start":{"line":3193,"column":25},"end":{"line":3193,"column":51}},"921":{"start":{"line":3194,"column":25},"end":{"line":3196,"column":27}},"922":{"start":{"line":3197,"column":33},"end":{"line":3197,"column":55}},"923":{"start":{"line":3198,"column":23},"end":{"line":3198,"column":68}},"924":{"start":{"line":3199,"column":20},"end":{"line":3199,"column":55}},"925":{"start":{"line":3200,"column":6},"end":{"line":3200,"column":47}},"926":{"start":{"line":3201,"column":6},"end":{"line":3201,"column":30}},"927":{"start":{"line":3202,"column":6},"end":{"line":3202,"column":35}},"928":{"start":{"line":3205,"column":4},"end":{"line":3222,"column":7}},"929":{"start":{"line":3225,"column":4},"end":{"line":3225,"column":55}},"930":{"start":{"line":3226,"column":4},"end":{"line":3229,"column":7}},"931":{"start":{"line":3234,"column":35},"end":{"line":3312,"column":1}},"932":{"start":{"line":3235,"column":2},"end":{"line":3311,"column":3}},"933":{"start":{"line":3236,"column":23},"end":{"line":3236,"column":33}},"934":{"start":{"line":3237,"column":19},"end":{"line":3237,"column":51}},"935":{"start":{"line":3239,"column":17},"end":{"line":3239,"column":47}},"936":{"start":{"line":3241,"column":4},"end":{"line":3246,"column":5}},"937":{"start":{"line":3242,"column":6},"end":{"line":3245,"column":9}},"938":{"start":{"line":3249,"column":4},"end":{"line":3254,"column":5}},"939":{"start":{"line":3250,"column":6},"end":{"line":3253,"column":9}},"940":{"start":{"line":3256,"column":4},"end":{"line":3261,"column":5}},"941":{"start":{"line":3257,"column":6},"end":{"line":3260,"column":9}},"942":{"start":{"line":3263,"column":25},"end":{"line":3263,"column":29}},"943":{"start":{"line":3264,"column":24},"end":{"line":3264,"column":28}},"944":{"start":{"line":3266,"column":4},"end":{"line":3279,"column":5}},"945":{"start":{"line":3267,"column":21},"end":{"line":3267,"column":64}},"946":{"start":{"line":3268,"column":6},"end":{"line":3278,"column":7}},"947":{"start":{"line":3269,"column":27},"end":{"line":3269,"column":61}},"948":{"start":{"line":3270,"column":8},"end":{"line":3270,"column":38}},"949":{"start":{"line":3271,"column":8},"end":{"line":3277,"column":10}},"950":{"start":{"line":3281,"column":4},"end":{"line":3303,"column":7}},"951":{"start":{"line":3306,"column":4},"end":{"line":3306,"column":58}},"952":{"start":{"line":3307,"column":4},"end":{"line":3310,"column":7}},"953":{"start":{"line":3315,"column":12},"end":{"line":3315,"column":16}},"954":{"start":{"line":3316,"column":15},"end":{"line":3316,"column":44}},"955":{"start":{"line":3317,"column":15},"end":{"line":3317,"column":44}},"956":{"start":{"line":3319,"column":4},"end":{"line":3321,"column":43}},"957":{"start":{"line":3322,"column":12},"end":{"line":3322,"column":58}},"958":{"start":{"line":3323,"column":2},"end":{"line":3323,"column":15}},"959":{"start":{"line":3327,"column":17},"end":{"line":3333,"column":3}},"960":{"start":{"line":3334,"column":2},"end":{"line":3334,"column":35}}},"fnMap":{"0":{"name":"(anonymous_0)","decl":{"start":{"line":15,"column":44},"end":{"line":15,"column":45}},"loc":{"start":{"line":21,"column":5},"end":{"line":63,"column":1}},"line":21},"1":{"name":"(anonymous_1)","decl":{"start":{"line":33,"column":45},"end":{"line":33,"column":46}},"loc":{"start":{"line":33,"column":61},"end":{"line":33,"column":87}},"line":33},"2":{"name":"(anonymous_2)","decl":{"start":{"line":35,"column":50},"end":{"line":35,"column":51}},"loc":{"start":{"line":35,"column":66},"end":{"line":37,"column":7}},"line":35},"3":{"name":"(anonymous_3)","decl":{"start":{"line":66,"column":43},"end":{"line":66,"column":44}},"loc":{"start":{"line":66,"column":111},"end":{"line":156,"column":1}},"line":66},"4":{"name":"(anonymous_4)","decl":{"start":{"line":74,"column":49},"end":{"line":74,"column":50}},"loc":{"start":{"line":74,"column":56},"end":{"line":74,"column":101}},"line":74},"5":{"name":"(anonymous_5)","decl":{"start":{"line":84,"column":42},"end":{"line":84,"column":43}},"loc":{"start":{"line":84,"column":58},"end":{"line":96,"column":7}},"line":84},"6":{"name":"(anonymous_6)","decl":{"start":{"line":98,"column":50},"end":{"line":98,"column":51}},"loc":{"start":{"line":98,"column":66},"end":{"line":98,"column":92}},"line":98},"7":{"name":"(anonymous_7)","decl":{"start":{"line":99,"column":55},"end":{"line":99,"column":56}},"loc":{"start":{"line":99,"column":71},"end":{"line":99,"column":157}},"line":99},"8":{"name":"(anonymous_8)","decl":{"start":{"line":159,"column":45},"end":{"line":159,"column":46}},"loc":{"start":{"line":159,"column":94},"end":{"line":188,"column":1}},"line":159},"9":{"name":"(anonymous_9)","decl":{"start":{"line":191,"column":35},"end":{"line":191,"column":36}},"loc":{"start":{"line":191,"column":63},"end":{"line":201,"column":1}},"line":191},"10":{"name":"(anonymous_10)","decl":{"start":{"line":204,"column":27},"end":{"line":204,"column":28}},"loc":{"start":{"line":204,"column":37},"end":{"line":212,"column":1}},"line":204},"11":{"name":"(anonymous_11)","decl":{"start":{"line":215,"column":19},"end":{"line":215,"column":20}},"loc":{"start":{"line":215,"column":25},"end":{"line":218,"column":1}},"line":215},"12":{"name":"(anonymous_12)","decl":{"start":{"line":242,"column":30},"end":{"line":242,"column":31}},"loc":{"start":{"line":242,"column":39},"end":{"line":247,"column":1}},"line":242},"13":{"name":"(anonymous_13)","decl":{"start":{"line":249,"column":29},"end":{"line":249,"column":30}},"loc":{"start":{"line":249,"column":55},"end":{"line":260,"column":1}},"line":249},"14":{"name":"(anonymous_14)","decl":{"start":{"line":262,"column":43},"end":{"line":262,"column":44}},"loc":{"start":{"line":262,"column":67},"end":{"line":281,"column":1}},"line":262},"15":{"name":"(anonymous_15)","decl":{"start":{"line":284,"column":40},"end":{"line":284,"column":41}},"loc":{"start":{"line":284,"column":60},"end":{"line":475,"column":1}},"line":284},"16":{"name":"(anonymous_16)","decl":{"start":{"line":419,"column":51},"end":{"line":419,"column":52}},"loc":{"start":{"line":419,"column":59},"end":{"line":429,"column":9}},"line":419},"17":{"name":"(anonymous_17)","decl":{"start":{"line":448,"column":15},"end":{"line":448,"column":16}},"loc":{"start":{"line":448,"column":23},"end":{"line":458,"column":11}},"line":448},"18":{"name":"(anonymous_18)","decl":{"start":{"line":459,"column":18},"end":{"line":459,"column":19}},"loc":{"start":{"line":459,"column":26},"end":{"line":459,"column":57}},"line":459},"19":{"name":"(anonymous_19)","decl":{"start":{"line":460,"column":16},"end":{"line":460,"column":17}},"loc":{"start":{"line":460,"column":26},"end":{"line":460,"column":69}},"line":460},"20":{"name":"processRides","decl":{"start":{"line":478,"column":15},"end":{"line":478,"column":27}},"loc":{"start":{"line":478,"column":87},"end":{"line":633,"column":1}},"line":478},"21":{"name":"(anonymous_21)","decl":{"start":{"line":497,"column":61},"end":{"line":497,"column":62}},"loc":{"start":{"line":497,"column":77},"end":{"line":593,"column":3}},"line":497},"22":{"name":"(anonymous_22)","decl":{"start":{"line":501,"column":8},"end":{"line":501,"column":9}},"loc":{"start":{"line":501,"column":13},"end":{"line":501,"column":72}},"line":501},"23":{"name":"(anonymous_23)","decl":{"start":{"line":506,"column":8},"end":{"line":506,"column":9}},"loc":{"start":{"line":506,"column":13},"end":{"line":507,"column":48}},"line":506},"24":{"name":"(anonymous_24)","decl":{"start":{"line":516,"column":10},"end":{"line":516,"column":11}},"loc":{"start":{"line":516,"column":15},"end":{"line":516,"column":74}},"line":516},"25":{"name":"(anonymous_25)","decl":{"start":{"line":596,"column":47},"end":{"line":596,"column":48}},"loc":{"start":{"line":596,"column":52},"end":{"line":596,"column":62}},"line":596},"26":{"name":"(anonymous_26)","decl":{"start":{"line":599,"column":21},"end":{"line":599,"column":22}},"loc":{"start":{"line":599,"column":31},"end":{"line":606,"column":3}},"line":599},"27":{"name":"(anonymous_27)","decl":{"start":{"line":625,"column":47},"end":{"line":625,"column":48}},"loc":{"start":{"line":625,"column":52},"end":{"line":625,"column":65}},"line":625},"28":{"name":"(anonymous_28)","decl":{"start":{"line":626,"column":42},"end":{"line":626,"column":43}},"loc":{"start":{"line":626,"column":47},"end":{"line":626,"column":61}},"line":626},"29":{"name":"(anonymous_29)","decl":{"start":{"line":628,"column":34},"end":{"line":628,"column":35}},"loc":{"start":{"line":628,"column":46},"end":{"line":628,"column":87}},"line":628},"30":{"name":"(anonymous_30)","decl":{"start":{"line":638,"column":27},"end":{"line":638,"column":28}},"loc":{"start":{"line":638,"column":47},"end":{"line":889,"column":1}},"line":638},"31":{"name":"(anonymous_31)","decl":{"start":{"line":763,"column":56},"end":{"line":763,"column":57}},"loc":{"start":{"line":763,"column":71},"end":{"line":767,"column":5}},"line":763},"32":{"name":"(anonymous_32)","decl":{"start":{"line":866,"column":33},"end":{"line":866,"column":34}},"loc":{"start":{"line":866,"column":48},"end":{"line":870,"column":11}},"line":866},"33":{"name":"(anonymous_33)","decl":{"start":{"line":892,"column":26},"end":{"line":892,"column":27}},"loc":{"start":{"line":892,"column":58},"end":{"line":976,"column":1}},"line":892},"34":{"name":"(anonymous_34)","decl":{"start":{"line":971,"column":15},"end":{"line":971,"column":16}},"loc":{"start":{"line":971,"column":21},"end":{"line":971,"column":58}},"line":971},"35":{"name":"(anonymous_35)","decl":{"start":{"line":979,"column":36},"end":{"line":979,"column":37}},"loc":{"start":{"line":979,"column":56},"end":{"line":1003,"column":1}},"line":979},"36":{"name":"(anonymous_36)","decl":{"start":{"line":988,"column":6},"end":{"line":988,"column":7}},"loc":{"start":{"line":988,"column":11},"end":{"line":988,"column":36}},"line":988},"37":{"name":"(anonymous_37)","decl":{"start":{"line":1006,"column":26},"end":{"line":1006,"column":27}},"loc":{"start":{"line":1006,"column":46},"end":{"line":1210,"column":1}},"line":1006},"38":{"name":"(anonymous_38)","decl":{"start":{"line":1059,"column":6},"end":{"line":1059,"column":7}},"loc":{"start":{"line":1059,"column":11},"end":{"line":1059,"column":59}},"line":1059},"39":{"name":"(anonymous_39)","decl":{"start":{"line":1094,"column":35},"end":{"line":1094,"column":36}},"loc":{"start":{"line":1094,"column":40},"end":{"line":1099,"column":7}},"line":1094},"40":{"name":"(anonymous_40)","decl":{"start":{"line":1152,"column":35},"end":{"line":1152,"column":36}},"loc":{"start":{"line":1152,"column":40},"end":{"line":1159,"column":7}},"line":1152},"41":{"name":"(anonymous_41)","decl":{"start":{"line":1213,"column":26},"end":{"line":1213,"column":27}},"loc":{"start":{"line":1213,"column":46},"end":{"line":1249,"column":1}},"line":1213},"42":{"name":"(anonymous_42)","decl":{"start":{"line":1227,"column":6},"end":{"line":1227,"column":7}},"loc":{"start":{"line":1227,"column":11},"end":{"line":1227,"column":73}},"line":1227},"43":{"name":"(anonymous_43)","decl":{"start":{"line":1252,"column":29},"end":{"line":1252,"column":30}},"loc":{"start":{"line":1252,"column":49},"end":{"line":1324,"column":1}},"line":1252},"44":{"name":"(anonymous_44)","decl":{"start":{"line":1327,"column":25},"end":{"line":1327,"column":26}},"loc":{"start":{"line":1327,"column":45},"end":{"line":1414,"column":1}},"line":1327},"45":{"name":"(anonymous_45)","decl":{"start":{"line":1417,"column":28},"end":{"line":1417,"column":29}},"loc":{"start":{"line":1417,"column":48},"end":{"line":1665,"column":1}},"line":1417},"46":{"name":"(anonymous_46)","decl":{"start":{"line":1672,"column":26},"end":{"line":1672,"column":27}},"loc":{"start":{"line":1672,"column":46},"end":{"line":1923,"column":1}},"line":1672},"47":{"name":"(anonymous_47)","decl":{"start":{"line":1849,"column":35},"end":{"line":1849,"column":36}},"loc":{"start":{"line":1849,"column":51},"end":{"line":1856,"column":7}},"line":1849},"48":{"name":"(anonymous_48)","decl":{"start":{"line":1926,"column":32},"end":{"line":1926,"column":33}},"loc":{"start":{"line":1926,"column":52},"end":{"line":2042,"column":1}},"line":1926},"49":{"name":"(anonymous_49)","decl":{"start":{"line":2045,"column":34},"end":{"line":2045,"column":35}},"loc":{"start":{"line":2045,"column":54},"end":{"line":2153,"column":1}},"line":2045},"50":{"name":"(anonymous_50)","decl":{"start":{"line":2156,"column":25},"end":{"line":2156,"column":26}},"loc":{"start":{"line":2156,"column":45},"end":{"line":2242,"column":1}},"line":2156},"51":{"name":"(anonymous_51)","decl":{"start":{"line":2245,"column":29},"end":{"line":2245,"column":30}},"loc":{"start":{"line":2245,"column":49},"end":{"line":2323,"column":1}},"line":2245},"52":{"name":"(anonymous_52)","decl":{"start":{"line":2326,"column":26},"end":{"line":2326,"column":27}},"loc":{"start":{"line":2326,"column":46},"end":{"line":2387,"column":1}},"line":2326},"53":{"name":"(anonymous_53)","decl":{"start":{"line":2365,"column":41},"end":{"line":2365,"column":42}},"loc":{"start":{"line":2365,"column":53},"end":{"line":2365,"column":82}},"line":2365},"54":{"name":"(anonymous_54)","decl":{"start":{"line":2390,"column":28},"end":{"line":2390,"column":29}},"loc":{"start":{"line":2390,"column":48},"end":{"line":2451,"column":1}},"line":2390},"55":{"name":"(anonymous_55)","decl":{"start":{"line":2429,"column":43},"end":{"line":2429,"column":44}},"loc":{"start":{"line":2429,"column":55},"end":{"line":2429,"column":82}},"line":2429},
[...]
60,"column":19},"end":{"line":360,"column":37}},"61":{"start":{"line":362,"column":2},"end":{"line":362,"column":33}},"62":{"start":{"line":365,"column":26},"end":{"line":365,"column":86}}},"fnMap":{"0":{"name":"(anonymous_0)","decl":{"start":{"line":24,"column":13},"end":{"line":24,"column":14}},"loc":{"start":{"line":24,"column":20},"end":{"line":24,"column":41}},"line":24},"1":{"name":"(anonymous_1)","decl":{"start":{"line":42,"column":13},"end":{"line":42,"column":14}},"loc":{"start":{"line":42,"column":20},"end":{"line":42,"column":41}},"line":42},"2":{"name":"(anonymous_2)","decl":{"start":{"line":54,"column":13},"end":{"line":54,"column":14}},"loc":{"start":{"line":54,"column":20},"end":{"line":54,"column":41}},"line":54},"3":{"name":"(anonymous_3)","decl":{"start":{"line":65,"column":13},"end":{"line":65,"column":14}},"loc":{"start":{"line":65,"column":20},"end":{"line":65,"column":41}},"line":65},"4":{"name":"(anonymous_4)","decl":{"start":{"line":77,"column":13},"end":{"line":77,"column":14}},"loc":{"start":{"line":77,"column":20},"end":{"line":77,"column":41}},"line":77},"5":{"name":"(anonymous_5)","decl":{"start":{"line":206,"column":19},"end":{"line":206,"column":20}},"loc":{"start":{"line":206,"column":26},"end":{"line":206,"column":47}},"line":206},"6":{"name":"(anonymous_6)","decl":{"start":{"line":234,"column":15},"end":{"line":234,"column":16}},"loc":{"start":{"line":234,"column":22},"end":{"line":234,"column":43}},"line":234},"7":{"name":"(anonymous_7)","decl":{"start":{"line":249,"column":36},"end":{"line":249,"column":37}},"loc":{"start":{"line":249,"column":51},"end":{"line":297,"column":1}},"line":249},"8":{"name":"(anonymous_8)","decl":{"start":{"line":300,"column":57},"end":{"line":300,"column":58}},"loc":{"start":{"line":300,"column":68},"end":{"line":363,"column":1}},"line":300}},"branchMap":{"0":{"loc":{"start":{"line":260,"column":4},"end":{"line":286,"column":5}},"type":"if","locations":[{"start":{"line":260,"column":4},"end":{"line":286,"column":5}},{"start":{},"end":{}}],"line":260},"1":{"loc":{"start":{"line":262,"column":6},"end":{"line":285,"column":7}},"type":"if","locations":[{"start":{"line":262,"column":6},"end":{"line":285,"column":7}},{"start":{"line":278,"column":13},"end":{"line":285,"column":7}}],"line":262},"2":{"loc":{"start":{"line":263,"column":8},"end":{"line":267,"column":9}},"type":"if","locations":[{"start":{"line":263,"column":8},"end":{"line":267,"column":9}},{"start":{},"end":{}}],"line":263},"3":{"loc":{"start":{"line":263,"column":12},"end":{"line":263,"column":67}},"type":"binary-expr","locations":[{"start":{"line":263,"column":12},"end":{"line":263,"column":31}},{"start":{"line":263,"column":35},"end":{"line":263,"column":67}}],"line":263},"4":{"loc":{"start":{"line":264,"column":10},"end":{"line":266,"column":11}},"type":"if","locations":[{"start":{"line":264,"column":10},"end":{"line":266,"column":11}},{"start":{},"end":{}}],"line":264},"5":{"loc":{"start":{"line":268,"column":8},"end":{"line":272,"column":9}},"type":"if","locations":[{"start":{"line":268,"column":8},"end":{"line":272,"column":9}},{"start":{},"end":{}}],"line":268},"6":{"loc":{"start":{"line":268,"column":12},"end":{"line":268,"column":65}},"type":"binary-expr","locations":[{"start":{"line":268,"column":12},"end":{"line":268,"column":30}},{"start":{"line":268,"column":34},"end":{"line":268,"column":65}}],"line":268},"7":{"loc":{"start":{"line":269,"column":10},"end":{"line":271,"column":11}},"type":"if","locations":[{"start":{"line":269,"column":10},"end":{"line":271,"column":11}},{"start":{},"end":{}}],"line":269},"8":{"loc":{"start":{"line":273,"column":8},"end":{"line":277,"column":9}},"type":"if","locations":[{"start":{"line":273,"column":8},"end":{"line":277,"column":9}},{"start":{},"end":{}}],"line":273},"9":{"loc":{"start":{"line":274,"column":10},"end":{"line":276,"column":11}},"type":"if","locations":[{"start":{"line":274,"column":10},"end":{"line":276,"column":11}},{"start":{},"end":{}}],"line":274},"10":{"loc":{"start":{"line":280,"column":8},"end":{"line":284,"column":9}},"type":"if","locations":[{"start":{"line":280,"column":8},"end":{"line":284,"column":9}},{"start":{},"end":{}}],"line":280},"11":{"loc":{"start":{"line":281,"column":10},"end":{"line":283,"column":11}},"type":"if","locations":[{"start":{"line":281,"column":10},"end":{"line":283,"column":11}},{"start":{},"end":{}}],"line":281},"12":{"loc":{"start":{"line":290,"column":2},"end":{"line":294,"column":3}},"type":"if","locations":[{"start":{"line":290,"column":2},"end":{"line":294,"column":3}},{"start":{},"end":{}}],"line":290},"13":{"loc":{"start":{"line":290,"column":6},"end":{"line":290,"column":55}},"type":"binary-expr","locations":[{"start":{"line":290,"column":6},"end":{"line":290,"column":22}},{"start":{"line":290,"column":26},"end":{"line":290,"column":55}}],"line":290},"14":{"loc":{"start":{"line":291,"column":4},"end":{"line":293,"column":5}},"type":"if","locations":[{"start":{"line":291,"column":4},"end":{"line":293,"column":5}},{"start":{},"end":{}}],"line":291},"15":{"loc":{"start":{"line":302,"column":31},"end":{"line":303,"column":59}},"type":"binary-expr","locations":[{"start":{"line":302,"column":31},"end":{"line":302,"column":49}},{"start":{"line":303,"column":5},"end":{"line":303,"column":58}}],"line":302},"16":{"loc":{"start":{"line":306,"column":30},"end":{"line":307,"column":63}},"type":"binary-expr","locations":[{"start":{"line":306,"column":30},"end":{"line":306,"column":53}},{"start":{"line":307,"column":5},"end":{"line":307,"column":62}}],"line":306},"17":{"loc":{"start":{"line":308,"column":29},"end":{"line":309,"column":62}},"type":"binary-expr","locations":[{"start":{"line":308,"column":29},"end":{"line":308,"column":51}},{"start":{"line":309,"column":5},"end":{"line":309,"column":61}}],"line":308},"18":{"loc":{"start":{"line":310,"column":25},"end":{"line":310,"column":66}},"type":"binary-expr","locations":[{"start":{"line":310,"column":25},"end":{"line":310,"column":44}},{"start":{"line":310,"column":48},"end":{"line":310,"column":66}}],"line":310},"19":{"loc":{"start":{"line":313,"column":22},"end":{"line":314,"column":54}},"type":"binary-expr","locations":[{"start":{"line":313,"column":22},"end":{"line":313,"column":35}},{"start":{"line":314,"column":5},"end":{"line":314,"column":53}}],"line":313},"20":{"loc":{"start":{"line":317,"column":26},"end":{"line":318,"column":61}},"type":"binary-expr","locations":[{"start":{"line":317,"column":26},"end":{"line":317,"column":46}},{"start":{"line":318,"column":5},"end":{"line":318,"column":60}}],"line":317},"21":{"loc":{"start":{"line":321,"column":21},"end":{"line":322,"column":56}},"type":"binary-expr","locations":[{"start":{"line":321,"column":21},"end":{"line":321,"column":36}},{"start":{"line":322,"column":5},"end":{"line":322,"column":55}}],"line":321},"22":{"loc":{"start":{"line":325,"column":31},"end":{"line":326,"column":59}},"type":"binary-expr","locations":[{"start":{"line":325,"column":31},"end":{"line":325,"column":49}},{"start":{"line":326,"column":5},"end":{"line":326,"column":58}}],"line":325},"23":{"loc":{"start":{"line":329,"column":23},"end":{"line":330,"column":58}},"type":"binary-expr","locations":[{"start":{"line":329,"column":23},"end":{"line":329,"column":40}},{"start":{"line":330,"column":5},"end":{"line":330,"column":57}}],"line":329},"24":{"loc":{"start":{"line":334,"column":4},"end":{"line":341,"column":59}},"type":"binary-expr","locations":[{"start":{"line":334,"column":5},"end":{"line":334,"column":59}},{"start":{"line":335,"column":5},"end":{"line":335,"column":64}},{"start":{"line":336,"column":5},"end":{"line":336,"column":63}},{"start":{"line":337,"column":5},"end":{"line":337,"column":54}},{"start":{"line":338,"column":5},"end":{"line":338,"column":61}},{"start":{"line":339,"column":5},"end":{"line":339,"column":56}},{"start":{"line":340,"column":5},"end":{"line":340,"column":59}},{"start":{"line":341,"column":5},"end":{"line":341,"column":58}}],"line":334},"25":{"loc":{"start":{"line":345,"column":4},"end":{"line":352,"column":58}},"type":"binary-expr","locations":[{"start":{"line":345,"column":5},"end":{"line":345,"column":58}},{"start":{"line":346,"column":5},"end":{"line":346,"column":63}},{"start":{"line":347,"column":5},"end":{"line":347,"column":62}},{"start":{"line":348,"column":5},"end":{"line":348,"column":53}},{"start":{"line":349,"column":5},"end":{"line":349,"column":60}},{"start":{"line":350,"column":5},"end":{"line":350,"column":55}},{"start":{"line":351,"column":5},"end":{"line":351,"column":58}},{"start":{"line":352,"column":5},"end":{"line":352,"column":57}}],"line":345},"26":{"loc":{"start":{"line":355,"column":22},"end":{"line":356,"column":91}},"type":"binary-expr","locations":[{"start":{"line":355,"column":22},"end":{"line":355,"column":42}},{"start":{"line":355,"column":46},"end":{"line":355,"column":60}},{"start":{"line":355,"column":64},"end":{"line":355,"column":75}},{"start":{"line":356,"column":22},"end":{"line":356,"column":37}},{"start":{"line":356,"column":41},"end":{"line":356,"column":51}},{"start":{"line":356,"column":55},"end":{"line":356,"column":75}},{"start":{"line":356,"column":79},"end":{"line":356,"column":91}}],"line":355},"27":{"loc":{"start":{"line":358,"column":2},"end":{"line":358,"column":47}},"type":"if","locations":[{"start":{"line":358,"column":2},"end":{"line":358,"column":47}},{"start":{},"end":{}}],"line":358},"28":{"loc":{"start":{"line":359,"column":2},"end":{"line":359,"column":40}},"type":"if","locations":[{"start":{"line":359,"column":2},"end":{"line":359,"column":40}},{"start":{},"end":{}}],"line":359},"29":{"loc":{"start":{"line":360,"column":2},"end":{"line":360,"column":37}},"type":"if","locations":[{"start":{"line":360,"column":2},"end":{"line":360,"column":37}},{"start":{},"end":{}}],"line":360}},"s":{"0":1,"1":1,"2":0,"3":1,"4":0,"5":1,"6":0,"7":1,"8":0,"9":1,"10":0,"11":1,"12":1,"13":0,"14":0,"15":1,"16":1,"17":1,"18":1,"19":1,"20":1,"21":1,"22":0,"23":0,"24":0,"25":0,"26":0,"27":0,"28":0,"29":0,"30":0,"31":0,"32":0,"33":0,"34":0,"35":0,"36":0,"37":0,"38":0,"39":0,"40":0,"41":0,"42":1,"43":0,"44":0,"45":0,"46":0,"47":0,"48":0,"49":0,"50":0,"51":0,"52":0,"53":0,"54":0,"55":0,"56":0,"57":0,"58":0,"59":0,"60":0,"61":0,"62":1},"f":{"0":0,"1":0,"2":0,"3":0,"4":0,"5":0,"6":0,"7":0,"8":0},"b":{"0":[0,0],"1":[0,0],"2":[0,0],"3":[0,0],"4":[0,0],"5":[0,0],"6":[0,0],"7":[0,0],"8":[0,0],"9":[0,0],"10":[0,0],"11":[0,0],"12":[0,0],"13":[0,0],"14":[0,0],"15":[0,0],"16":[0,0],"17":[0,0],"18":[0,0],"19":[0,0],"20":[0,0],"21":[0,0],"22":[0,0],"23":[0,0],"24":[0,0,0,0,0,0,0,0],"25":[0,0,0,0,0,0,0,0],"26":[0,0,0,0,0,0,0],"27":[0,0],"28":[0,0],"29":[0,0]},"_coverageSchema":"1a1c01bbd47fc00a2c39e90264f33305004495a9","hash":"c2c14517dee78e2065b4669ee293e9906197a7f8"}
,"E:\\Office\\porter\\backend\\routes\\rideRoutes.js": {"path":"E:\\Office\\porter\\backend\\routes\\rideRoutes.js","statementMap":{"0":{"start":{"line":34,"column":27},"end":{"line":74,"column":1}},"1":{"start":{"line":35,"column":2},"end":{"line":73,"column":3}},"2":{"start":{"line":36,"column":53},"end":{"line":36,"column":62}},"3":{"start":{"line":37,"column":18},"end":{"line":37,"column":20}},"4":{"start":{"line":38,"column":4},"end":{"line":38,"column":38}},"5":{"start":{"line":38,"column":16},"end":{"line":38,"column":38}},"6":{"start":{"line":40,"column":4},"end":{"line":48,"column":5}},"7":{"start":{"line":41,"column":6},"end":{"line":47,"column":8}},"8":{"start":{"line":50,"column":18},"end":{"line":53,"column":29}},"9":{"start":{"line":55,"column":18},"end":{"line":55,"column":50}},"10":{"start":{"line":57,"column":4},"end":{"line":66,"column":7}},"11":{"start":{"line":68,"column":4},"end":{"line":68,"column":49}},"12":{"start":{"line":69,"column":4},"end":{"line":72,"column":7}},"13":{"start":{"line":76,"column":15},"end":{"line":76,"column":31}},"14":{"start":{"line":79,"column":0},"end":{"line":79,"column":48}},"15":{"start":{"line":80,"column":0},"end":{"line":80,"column":52}},"16":{"start":{"line":83,"column":0},"end":{"line":83,"column":61}},"17":{"start":{"line":84,"column":0},"end":{"line":84,"column":71}},"18":{"start":{"line":85,"column":0},"end":{"line":85,"column":69}},"19":{"start":{"line":86,"column":0},"end":{"line":86,"column":64}},"20":{"start":{"line":87,"column":0},"end":{"line":87,"column":72}},"21":{"start":{"line":90,"column":0},"end":{"line":90,"column":93}},"22":{"start":{"line":92,"column":0},"end":{"line":92,"column":93}},"23":{"start":{"line":93,"column":0},"end":{"line":93,"column":74}},"24":{"start":{"line":96,"column":0},"end":{"line":96,"column":79}},"25":{"start":{"line":98,"column":0},"end":{"line":98,"column":87}},"26":{"start":{"line":100,"column":0},"end":{"line":100,"column":76}},"27":{"start":{"line":101,"column":0},"end":{"line":101,"column":57}},"28":{"start":{"line":102,"column":0},"end":{"line":102,"column":57}},"29":{"start":{"line":103,"column":0},"end":{"line":103,"column":61}},"30":{"start":{"line":104,"column":0},"end":{"line":104,"column":55}},"31":{"start":{"line":105,"column":0},"end":{"line":105,"column":61}},"32":{"start":{"line":106,"column":0},"end":{"line":106,"column":67}},"33":{"start":{"line":107,"column":0},"end":{"line":107,"column":74}},"34":{"start":{"line":108,"column":0},"end":{"line":108,"column":74}},"35":{"start":{"line":111,"column":0},"end":{"line":111,"column":79}},"36":{"start":{"line":112,"column":0},"end":{"line":112,"column":66}},"37":{"start":{"line":113,"column":0},"end":{"line":113,"column":45}}},"fnMap":{"0":{"name":"(anonymous_0)","decl":{"start":{"line":34,"column":27},"end":{"line":34,"column":28}},"loc":{"start":{"line":34,"column":47},"end":{"line":74,"column":1}},"line":34}},"branchMap":{"0":{"loc":{"start":{"line":36,"column":12},"end":{"line":36,"column":20}},"type":"default-arg","locations":[{"start":{"line":36,"column":19},"end":{"line":36,"column":20}}],"line":36},"1":{"loc":{"start":{"line":36,"column":22},"end":{"line":36,"column":32}},"type":"default-arg","locations":[{"start":{"line":36,"column":30},"end":{"line":36,"column":32}}],"line":36},"2":{"loc":{"start":{"line":38,"column":4},"end":{"line":38,"column":38}},"type":"if","locations":[{"start":{"line":38,"column":4},"end":{"line":38,"column":38}},{"start":{},"end":{}}],"line":38},"3":{"loc":{"start":{"line":40,"column":4},"end":{"line":48,"column":5}},"type":"if","locations":[{"start":{"line":40,"column":4},"end":{"line":48,"column":5}},{"start":{},"end":{}}],"line":40},"4":{"loc":{"start":{"line":71,"column":15},"end":{"line":71,"column":53}},"type":"binary-expr","locations":[{"start":{"line":71,"column":15},"end":{"line":71,"column":28}},{"start":{"line":71,"column":32},"end":{"line":71,"column":53}}],"line":71}},"s":{"0":1,"1":0,"2":0,"3":0,"4":0,"5":0,"6":0,"7":0,"8":0,"9":0,"10":0,"11":0,"12":0,"13":1,"14":1,"15":1,"16":1,"17":1,"18":1,"19":1,"20":1,"21":1,"22":1,"23":1,"24":1,"25":1,"26":1,"27":1,"28":1,"29":1,"30":1,"31":1,"32":1,"33":1,"34":1,"35":1,"36":1,"37":1},"f":{"0":0},"b":{"0":[0],"1":[0],"2":[0,0],"3":[0,0],"4":[0,0]},"_coverageSchema":"1a1c01bbd47fc00a2c39e90264f33305004495a9","hash":"2205104150b95be9e4b7ca0dc11086e137fc50c5"}
,"E:\\Office\\porter\\backend\\utils\\rideLogger.js": {"path":"E:\\Office\\porter\\backend\\utils\\rideLogger.js","statementMap":{"0":{"start":{"line":1,"column":21},"end":{"line":13,"column":1}},"1":{"start":{"line":2,"column":16},"end":{"line":2,"column":18}},"2":{"start":{"line":4,"column":2},"end":{"line":4,"column":53}},"3":{"start":{"line":4,"column":19},"end":{"line":4,"column":53}},"4":{"start":{"line":5,"column":2},"end":{"line":5,"column":59}},"5":{"start":{"line":5,"column":21},"end":{"line":5,"column":59}},"6":{"start":{"line":6,"column":2},"end":{"line":6,"column":65}},"7":{"start":{"line":6,"column":23},"end":{"line":6,"column":65}},"8":{"start":{"line":7,"column":2},"end":{"line":7,"column":53}},"9":{"start":{"line":7,"column":19},"end":{"line":7,"column":53}},"10":{"start":{"line":8,"column":2},"end":{"line":8,"column":61}},"11":{"start":{"line":8,"column":21},"end":{"line":8,"column":61}},"12":{"start":{"line":9,"column":2},"end":{"line":9,"column":55}},"13":{"start":{"line":9,"column":19},"end":{"line":9,"column":55}},"14":{"start":{"line":10,"column":2},"end":{"line":10,"column":45}},"15":{"start":{"line":10,"column":20},"end":{"line":10,"column":45}},"16":{"start":{"line":12,"column":2},"end":{"line":12,"column":55}},"17":{"start":{"line":15,"column":27},"end":{"line":18,"column":1}},"18":{"start":{"line":16,"column":18},"end":{"line":16,"column":36}},"19":{"start":{"line":17,"column":2},"end":{"line":17,"column":49}},"20":{"start":{"line":20,"column":29},"end":{"line":23,"column":1}},"21":{"start":{"line":21,"column":18},"end":{"line":21,"column":36}},"22":{"start":{"line":22,"column":2},"end":{"line":22,"column":46}}},"fnMap":{"0":{"name":"(anonymous_0)","decl":{"start":{"line":1,"column":21},"end":{"line":1,"column":22}},"loc":{"start":{"line":1,"column":36},"end":{"line":13,"column":1}},"line":1},"1":{"name":"(anonymous_1)","decl":{"start":{"line":15,"column":27},"end":{"line":15,"column":28}},"loc":{"start":{"line":15,"column":49},"end":{"line":18,"column":1}},"line":15},"2":{"name":"(anonymous_2)","decl":{"start":{"line":20,"column":29},"end":{"line":20,"column":30}},"loc":{"start":{"line":20,"column":51},"end":{"line":23,"column":1}},"line":20}},"branchMap":{"0":{"loc":{"start":{"line":1,"column":22},"end":{"line":1,"column":31}},"type":"default-arg","locations":[{"start":{"line":1,"column":29},"end":{"line":1,"column":31}}],"line":1},"1":{"loc":{"start":{"line":4,"column":2},"end":{"line":4,"column":53}},"type":"if","locations":[{"start":{"line":4,"column":2},"end":{"line":4,"column":53}},{"start":{},"end":{}}],"line":4},"2":{"loc":{"start":{"line":5,"column":2},"end":{"line":5,"column":59}},"type":"if","locations":[{"start":{"line":5,"column":2},"end":{"line":5,"column":59}},{"start":{},"end":{}}],"line":5},"3":{"loc":{"start":{"line":6,"column":2},"end":{"line":6,"column":65}},"type":"if","locations":[{"start":{"line":6,"column":2},"end":{"line":6,"column":65}},{"start":{},"end":{}}],"line":6},"4":{"loc":{"start":{"line":7,"column":2},"end":{"line":7,"column":53}},"type":"if","locations":[{"start":{"line":7,"column":2},"end":{"line":7,"column":53}},{"start":{},"end":{}}],"line":7},"5":{"loc":{"start":{"line":8,"column":2},"end":{"line":8,"column":61}},"type":"if","locations":[{"start":{"line":8,"column":2},"end":{"line":8,"column":61}},{"start":{},"end":{}}],"line":8},"6":{"loc":{"start":{"line":9,"column":2},"end":{"line":9,"column":55}},"type":"if","locations":[{"start":{"line":9,"column":2},"end":{"line":9,"column":55}},{"start":{},"end":{}}],"line":9},"7":{"loc":{"start":{"line":10,"column":2},"end":{"line":10,"column":45}},"type":"if","locations":[{"start":{"line":10,"column":2},"end":{"line":10,"column":45}},{"start":{},"end":{}}],"line":10},"8":{"loc":{"start":{"line":12,"column":9},"end":{"line":12,"column":54}},"type":"cond-expr","locations":[{"start":{"line":12,"column":24},"end":{"line":12,"column":49}},{"start":{"line":12,"column":52},"end":{"line":12,"column":54}}],"line":12},"9":{"loc":{"start":{"line":15,"column":35},"end":{"line":15,"column":44}},"type":"default-arg","locations":[{"start":{"line":15,"column":42},"end":{"line":15,"column":44}}],"line":15},"10":{"loc":{"start":{"line":20,"column":37},"end":{"line":20,"column":46}},"type":"default-arg","locations":[{"start":{"line":20,"column":44},"end":{"line":20,"column":46}}],"line":20}},"s":{"0":1,"1":10,"2":10,"3":10,"4":10,"5":0,"6":10,"7":0,"8":10,"9":5,"10":10,"11":10,"12":10,"13":10,"14":10,"15":0,"16":10,"17":1,"18":10,"19":10,"20":1,"21":0,"22":0},"f":{"0":10,"1":10,"2":0},"b":{"0":[0],"1":[10,0],"2":[0,10],"3":[0,10],"4":[5,5],"5":[10,0],"6":[10,0],"7":[0,10],"8":[10,0],"9":[0],"10":[0]},"_coverageSchema":"1a1c01bbd47fc00a2c39e90264f33305004495a9","hash":"ac1c0c6e90a28a8b7792a132b7fe8544d710cfdc"}
}
