{"E:\\Office\\porter\\backend\\config\\cloudinary.js": {"path":"E:\\Office\\porter\\backend\\config\\cloudinary.js","statementMap":{"0":{"start":{"line":4,"column":0},"end":{"line":4,"column":16}},"1":{"start":{"line":6,"column":0},"end":{"line":11,"column":3}},"2":{"start":{"line":13,"column":34},"end":{"line":42,"column":1}},"3":{"start":{"line":14,"column":2},"end":{"line":41,"column":3}},"4":{"start":{"line":15,"column":4},"end":{"line":38,"column":7}},"5":{"start":{"line":16,"column":27},"end":{"line":35,"column":7}},"6":{"start":{"line":24,"column":10},"end":{"line":33,"column":11}},"7":{"start":{"line":25,"column":12},"end":{"line":25,"column":26}},"8":{"start":{"line":27,"column":12},"end":{"line":32,"column":15}},"9":{"start":{"line":37,"column":6},"end":{"line":37,"column":35}},"10":{"start":{"line":40,"column":4},"end":{"line":40,"column":66}},"11":{"start":{"line":44,"column":36},"end":{"line":51,"column":1}},"12":{"start":{"line":45,"column":2},"end":{"line":50,"column":3}},"13":{"start":{"line":46,"column":19},"end":{"line":46,"column":62}},"14":{"start":{"line":47,"column":4},"end":{"line":47,"column":18}},"15":{"start":{"line":49,"column":4},"end":{"line":49,"column":66}}},"fnMap":{"0":{"name":"(anonymous_0)","decl":{"start":{"line":13,"column":34},"end":{"line":13,"column":35}},"loc":{"start":{"line":13,"column":77},"end":{"line":42,"column":1}},"line":13},"1":{"name":"(anonymous_1)","decl":{"start":{"line":15,"column":23},"end":{"line":15,"column":24}},"loc":{"start":{"line":15,"column":44},"end":{"line":38,"column":5}},"line":15},"2":{"name":"(anonymous_2)","decl":{"start":{"line":23,"column":8},"end":{"line":23,"column":9}},"loc":{"start":{"line":23,"column":27},"end":{"line":34,"column":9}},"line":23},"3":{"name":"(anonymous_3)","decl":{"start":{"line":44,"column":36},"end":{"line":44,"column":37}},"loc":{"start":{"line":44,"column":56},"end":{"line":51,"column":1}},"line":44}},"branchMap":{"0":{"loc":{"start":{"line":13,"column":53},"end":{"line":13,"column":72}},"type":"default-arg","locations":[{"start":{"line":13,"column":62},"end":{"line":13,"column":72}}],"line":13},"1":{"loc":{"start":{"line":24,"column":10},"end":{"line":33,"column":11}},"type":"if","locations":[{"start":{"line":24,"column":10},"end":{"line":33,"column":11}},{"start":{"line":26,"column":17},"end":{"line":33,"column":11}}],"line":24}},"s":{"0":1,"1":1,"2":1,"3":0,"4":0,"5":0,"6":0,"7":0,"8":0,"9":0,"10":0,"11":1,"12":0,"13":0,"14":0,"15":0},"f":{"0":0,"1":0,"2":0,"3":0},"b":{"0":[0],"1":[0,0]},"_coverageSchema":"1a1c01bbd47fc00a2c39e90264f33305004495a9","hash":"d2b5f409db47fa99b4d003c832b86c34e9b5327b"}
,"E:\\Office\\porter\\backend\\controllers\\driverAuthController.js": {"path":"E:\\Office\\porter\\backend\\controllers\\driverAuthController.js","statementMap":{"0":{"start":{"line":9,"column":28},"end":{"line":21,"column":1}},"1":{"start":{"line":10,"column":2},"end":{"line":20,"column":4}},"2":{"start":{"line":24,"column":26},"end":{"line":34,"column":1}},"3":{"start":{"line":25,"column":2},"end":{"line":33,"column":3}},"4":{"start":{"line":26,"column":20},"end":{"line":26,"column":61}},"5":{"start":{"line":27,"column":4},"end":{"line":29,"column":5}},"6":{"start":{"line":28,"column":6},"end":{"line":28,"column":44}},"7":{"start":{"line":30,"column":4},"end":{"line":30,"column":19}},"8":{"start":{"line":32,"column":4},"end":{"line":32,"column":16}},"9":{"start":{"line":37,"column":21},"end":{"line":56,"column":1}},"10":{"start":{"line":38,"column":27},"end":{"line":38,"column":81}},"11":{"start":{"line":39,"column":18},"end":{"line":39,"column":33}},"12":{"start":{"line":41,"column":2},"end":{"line":46,"column":3}},"13":{"start":{"line":42,"column":4},"end":{"line":45,"column":6}},"14":{"start":{"line":48,"column":2},"end":{"line":53,"column":3}},"15":{"start":{"line":49,"column":4},"end":{"line":52,"column":6}},"16":{"start":{"line":55,"column":2},"end":{"line":55,"column":25}},"17":{"start":{"line":59,"column":32},"end":{"line":72,"column":1}},"18":{"start":{"line":60,"column":17},"end":{"line":60,"column":74}},"19":{"start":{"line":61,"column":2},"end":{"line":63,"column":3}},"20":{"start":{"line":62,"column":4},"end":{"line":62,"column":40}},"21":{"start":{"line":64,"column":2},"end":{"line":64,"column":22}},"22":{"start":{"line":66,"column":22},"end":{"line":66,"column":42}},"23":{"start":{"line":67,"column":2},"end":{"line":69,"column":3}},"24":{"start":{"line":68,"column":4},"end":{"line":68,"column":100}},"25":{"start":{"line":71,"column":2},"end":{"line":71,"column":33}},"26":{"start":{"line":77,"column":23},"end":{"line":122,"column":1}},"27":{"start":{"line":78,"column":2},"end":{"line":121,"column":3}},"28":{"start":{"line":79,"column":22},"end":{"line":79,"column":30}},"29":{"start":{"line":81,"column":4},"end":{"line":86,"column":5}},"30":{"start":{"line":82,"column":6},"end":{"line":85,"column":9}},"31":{"start":{"line":88,"column":23},"end":{"line":88,"column":33}},"32":{"start":{"line":89,"column":4},"end":{"line":94,"column":5}},"33":{"start":{"line":90,"column":6},"end":{"line":93,"column":9}},"34":{"start":{"line":96,"column":4},"end":{"line":96,"column":44}},"35":{"start":{"line":98,"column":16},"end":{"line":98,"column":29}},"36":{"start":{"line":99,"column":22},"end":{"line":102,"column":6}},"37":{"start":{"line":103,"column":4},"end":{"line":103,"column":27}},"38":{"start":{"line":105,"column":4},"end":{"line":105,"column":33}},"39":{"start":{"line":107,"column":4},"end":{"line":114,"column":7}},"40":{"start":{"line":116,"column":4},"end":{"line":116,"column":46}},"41":{"start":{"line":117,"column":4},"end":{"line":120,"column":7}},"42":{"start":{"line":126,"column":25},"end":{"line":365,"column":1}},"43":{"start":{"line":127,"column":2},"end":{"line":364,"column":3}},"44":{"start":{"line":128,"column":27},"end":{"line":128,"column":35}},"45":{"start":{"line":130,"column":4},"end":{"line":135,"column":5}},"46":{"start":{"line":131,"column":6},"end":{"line":134,"column":9}},"47":{"start":{"line":137,"column":22},"end":{"line":137,"column":58}},"48":{"start":{"line":139,"column":4},"end":{"line":144,"column":5}},"49":{"start":{"line":140,"column":6},"end":{"line":143,"column":9}},"50":{"start":{"line":146,"column":4},"end":{"line":152,"column":5}},"51":{"start":{"line":147,"column":6},"end":{"line":147,"column":50}},"52":{"start":{"line":148,"column":6},"end":{"line":151,"column":9}},"53":{"start":{"line":154,"column":4},"end":{"line":161,"column":5}},"54":{"start":{"line":155,"column":6},"end":{"line":155,"column":30}},"55":{"start":{"line":156,"column":6},"end":{"line":156,"column":29}},"56":{"start":{"line":157,"column":6},"end":{"line":160,"column":9}},"57":{"start":{"line":164,"column":4},"end":{"line":164,"column":32}},"58":{"start":{"line":165,"column":4},"end":{"line":165,"column":27}},"59":{"start":{"line":168,"column":32},"end":{"line":168,"column":74}},"60":{"start":{"line":169,"column":22},"end":{"line":169,"column":26}},"61":{"start":{"line":170,"column":27},"end":{"line":170,"column":32}},"62":{"start":{"line":171,"column":21},"end":{"line":171,"column":26}},"63":{"start":{"line":172,"column":31},"end":{"line":172,"column":36}},"64":{"start":{"line":173,"column":28},"end":{"line":173,"column":32}},"65":{"start":{"line":174,"column":24},"end":{"line":174,"column":26}},"66":{"start":{"line":175,"column":19},"end":{"line":175,"column":23}},"67":{"start":{"line":177,"column":4},"end":{"line":311,"column":5}},"68":{"start":{"line":178,"column":6},"end":{"line":178,"column":65}},"69":{"start":{"line":179,"column":6},"end":{"line":179,"column":30}},"70":{"start":{"line":182,"column":6},"end":{"line":290,"column":7}},"71":{"start":{"line":185,"column":10},"end":{"line":185,"column":28}},"72":{"start":{"line":186,"column":10},"end":{"line":186,"column":39}},"73":{"start":{"line":187,"column":10},"end":{"line":187,"column":63}},"74":{"start":{"line":190,"column":23},"end":{"line":190,"column":54}},"75":{"start":{"line":191,"column":10},"end":{"line":204,"column":11}},"76":{"start":{"line":192,"column":12},"end":{"line":202,"column":15}},"77":{"start":{"line":203,"column":12},"end":{"line":203,"column":32}},"78":{"start":{"line":206,"column":10},"end":{"line":206,"column":32}},"79":{"start":{"line":207,"column":10},"end":{"line":207,"column":69}},"80":{"start":{"line":208,"column":10},"end":{"line":208,"column":16}},"81":{"start":{"line":213,"column":10},"end":{"line":213,"column":29}},"82":{"start":{"line":214,"column":10},"end":{"line":214,"column":39}},"83":{"start":{"line":215,"column":10},"end":{"line":215,"column":92}},"84":{"start":{"line":218,"column":10},"end":{"line":229,"column":12}},"85":{"start":{"line":230,"column":10},"end":{"line":230,"column":16}},"86":{"start":{"line":234,"column":10},"end":{"line":234,"column":29}},"87":{"start":{"line":235,"column":10},"end":{"line":235,"column":38}},"88":{"start":{"line":236,"column":10},"end":{"line":236,"column":159}},"89":{"start":{"line":239,"column":10},"end":{"line":249,"column":12}},"90":{"start":{"line":250,"column":10},"end":{"line":250,"column":16}},"91":{"start":{"line":254,"column":10},"end":{"line":254,"column":29}},"92":{"start":{"line":255,"column":10},"end":{"line":255,"column":39}},"93":{"start":{"line":256,"column":10},"end":{"line":256,"column":109}},"94":{"start":{"line":259,"column":10},"end":{"line":270,"column":12}},"95":{"start":{"line":271,"column":10},"end":{"line":271,"column":16}},"96":{"start":{"line":275,"column":10},"end":{"line":275,"column":29}},"97":{"start":{"line":276,"column":10},"end":{"line":276,"column":38}},"98":{"start":{"line":277,"column":10},"end":{"line":277,"column":80}},"99":{"start":{"line":279,"column":10},"end":{"line":289,"column":12}},"100":{"start":{"line":293,"column":6},"end":{"line":293,"column":31}},"101":{"start":{"line":294,"column":6},"end":{"line":294,"column":25}},"102":{"start":{"line":295,"column":6},"end":{"line":295,"column":34}},"103":{"start":{"line":296,"column":6},"end":{"line":296,"column":31}},"104":{"start":{"line":297,"column":6},"end":{"line":297,"column":66}},"105":{"start":{"line":300,"column":6},"end":{"line":310,"column":8}},"106":{"start":{"line":314,"column":4},"end":{"line":314,"column":48}},"107":{"start":{"line":317,"column":25},"end":{"line":325,"column":5}},"108":{"start":{"line":328,"column":4},"end":{"line":330,"column":5}},"109":{"start":{"line":329,"column":6},"end":{"line":329,"column":39}},"110":{"start":{"line":333,"column":4},"end":{"line":335,"column":5}},"111":{"start":{"line":334,"column":6},"end":{"line":334,"column":59}},"112":{"start":{"line":338,"column":4},"end":{"line":350,"column":5}},"113":{"start":{"line":339,"column":29},"end":{"line":348,"column":7}},"114":{"start":{"line":349,"column":6},"end":{"line":349,"column":51}},"115":{"start":{"line":352,"column":4},"end":{"line":356,"column":7}},"116":{"start":{"line":359,"column":4},"end":{"line":359,"column":48}},"117":{"start":{"line":360,"column":4},"end":{"line":363,"column":7}},"118":{"start":{"line":368,"column":27},"end":{"line":445,"column":1}},"119":{"start":{"line":369,"column":2},"end":{"line":444,"column":3}},"120":{"start":{"line":370,"column":22},"end":{"line":370,"column":30}},"121":{"start":{"line":372,"column":4},"end":{"line":377,"column":5}},"122":{"start":{"line":373,"column":6},"end":{"line":376,"column":9}},"123":{"start":{"line":379,"column":24},"end":{"line":382,"column":6}},"124":{"start":{"line":384,"column":4},"end":{"line":389,"column":5}},"125":{"start":{"line":385,"column":6},"end":{"line":388,"column":9}},"126":{"start":{"line":391,"column":17},"end":{"line":391,"column":74}},"127":{"start":{"line":393,"column":4},"end":{"line":409,"column":5}},"128":{"start":{"line":394,"column":6},"end":{"line":404,"column":9}},"129":{"start":{"line":405,"column":6},"end":{"line":405,"column":26}},"130":{"start":{"line":407,"column":6},"end":{"line":407,"column":37}},"131":{"start":{"line":408,"column":6},"end":{"line":408,"column":26}},"132":{"start":{"line":411,"column":24},"end":{"line":411,"column":68}},"133":{"start":{"line":413,"column":4},"end":{"line":436,"column":7}},"134":{"start":{"line":439,"column":4},"end":{"line":439,"column":50}},"135":{"start":{"line":440,"column":4},"end":{"line":443,"column":7}},"136":{"start":{"line":448,"column":28},"end":{"line":473,"column":1}},"137":{"start":{"line":449,"column":2},"end":{"line":472,"column":3}},"138":{"start":{"line":450,"column":21},"end":{"line":450,"column":34}},"139":{"start":{"line":452,"column":4},"end":{"line":457,"column":7}},"140":{"start":{"line":459,"column":4},"end":{"line":465,"column":7}},"141":{"start":{"line":467,"column":4},"end":{"line":467,"column":51}},"142":{"start":{"line":468,"column":4},"end":{"line":471,"column":7}},"143":{"start":{"line":476,"column":28},"end":{"line":508,"column":1}},"144":{"start":{"line":477,"column":2},"end":{"line":507,"column":3}},"145":{"start":{"line":478,"column":21},"end":{"line":478,"column":34}},"146":{"start":{"line":479,"column":18},"end":{"line":479,"column":34}},"147":{"start":{"line":481,"column":19},"end":{"line":481,"column":50}},"148":{"start":{"line":482,"column":4},"end":{"line":487,"column":5}},"149":{"start":{"line":483,"column":6},"end":{"line":486,"column":9}},"150":{"start":{"line":489,"column":24},"end":{"line":489,"column":80}},"151":{"start":{"line":490,"column":23},"end":{"line":490,"column":69}},"152":{"start":{"line":492,"column":21},"end":{"line":492,"column":69}},"153":{"start":{"line":494,"column":4},"end":{"line":500,"column":7}},"154":{"start":{"line":502,"column":4},"end":{"line":502,"column":51}},"155":{"start":{"line":503,"column":4},"end":{"line":506,"column":7}},"156":{"start":{"line":513,"column":36},"end":{"line":888,"column":1}},"157":{"start":{"line":514,"column":2},"end":{"line":887,"column":3}},"158":{"start":{"line":515,"column":23},"end":{"line":515,"column":48}},"159":{"start":{"line":517,"column":4},"end":{"line":522,"column":5}},"160":{"start":{"line":518,"column":6},"end":{"line":521,"column":9}},"161":{"start":{"line":524,"column":18},"end":{"line":524,"column":42}},"162":{"start":{"line":525,"column":24},"end":{"line":525,"column":29}},"163":{"start":{"line":527,"column":4},"end":{"line":873,"column":5}},"164":{"start":{"line":528,"column":22},"end":{"line":528,"column":46}},"165":{"start":{"line":529,"column":20},"end":{"line":529,"column":33}},"166":{"start":{"line":531,"column":6},"end":{"line":536,"column":7}},"167":{"start":{"line":532,"column":8},"end":{"line":535,"column":11}},"168":{"start":{"line":561,"column":10},"end":{"line":561,"column":18}},"169":{"start":{"line":564,"column":6},"end":{"line":569,"column":7}},"170":{"start":{"line":565,"column":8},"end":{"line":568,"column":11}},"171":{"start":{"line":571,"column":6},"end":{"line":576,"column":7}},"172":{"start":{"line":572,"column":8},"end":{"line":575,"column":11}},"173":{"start":{"line":578,"column":25},"end":{"line":578,"column":53}},"174":{"start":{"line":579,"column":6},"end":{"line":584,"column":7}},"175":{"start":{"line":580,"column":8},"end":{"line":583,"column":11}},"176":{"start":{"line":586,"column":6},"end":{"line":591,"column":7}},"177":{"start":{"line":587,"column":8},"end":{"line":590,"column":11}},"178":{"start":{"line":593,"column":26},"end":{"line":593,"column":28}},"179":{"start":{"line":594,"column":6},"end":{"line":601,"column":7}},"180":{"start":{"line":595,"column":8},"end":{"line":595,"column":44}},"181":{"start":{"line":597,"column":8},"end":{"line":600,"column":11}},"182":{"start":{"line":603,"column":28},"end":{"line":611,"column":7}},"183":{"start":{"line":613,"column":28},"end":{"line":613,"column":43}},"184":{"start":{"line":614,"column":27},"end":{"line":614,"column":113}},"185":{"start":{"line":614,"column":56},"end":{"line":614,"column":112}},"186":{"start":{"line":616,"column":6},"end":{"line":621,"column":7}},"187":{"start":{"line":617,"column":8},"end":{"line":620,"column":11}},"188":{"start":{"line":623,"column":24},"end":{"line":623,"column":66}},"189":{"start":{"line":625,"column":6},"end":{"line":670,"column":7}},"190":{"start":{"line":626,"column":8},"end":{"line":626,"column":40}},"191":{"start":{"line":627,"column":8},"end":{"line":627,"column":34}},"192":{"start":{"line":628,"column":8},"end":{"line":628,"column":56}},"193":{"start":{"line":629,"column":8},"end":{"line":629,"column":44}},"194":{"start":{"line":630,"column":8},"end":{"line":630,"column":46}},"195":{"start":{"line":631,"column":8},"end":{"line":631,"column":65}},"196":{"start":{"line":632,"column":8},"end":{"line":632,"column":48}},"197":{"start":{"line":633,"column":8},"end":{"line":633,"column":82}},"198":{"start":{"line":634,"column":8},"end":{"line":634,"column":48}},"199":{"start":{"line":636,"column":8},"end":{"line":645,"column":9}},"200":{"start":{"line":637,"column":10},"end":{"line":644,"column":12}},"201":{"start":{"line":647,"column":25},"end":{"line":647,"column":99}},"202":{"start":{"line":649,"column":8},"end":{"line":669,"column":11}},"203":{"start":{"line":672,"column":21},"end":{"line":672,"column":48}},"204":{"start":{"line":674,"column":25},"end":{"line":691,"column":7}},"205":{"start":{"line":675,"column":8},"end":{"line":675,"column":62}},"206":{"start":{"line":675,"column":50},"end":{"line":675,"column":62}},"207":{"start":{"line":677,"column":21},"end":{"line":677,"column":33}},"208":{"start":{"line":678,"column":27},"end":{"line":678,"column":45}},"209":{"start":{"line":679,"column":8},"end":{"line":681,"column":9}},"210":{"start":{"line":680,"column":10},"end":{"line":680,"column":63}},"211":{"start":{"line":683,"column":23},"end":{"line":683,"column":68}},"212":{"start":{"line":685,"column":8},"end":{"line":690,"column":10}},"213":{"start":{"line":693,"column":6},"end":{"line":791,"column":7}},"214":{"start":{"line":694,"column":8},"end":{"line":696,"column":9}},"215":{"start":{"line":695,"column":10},"end":{"line":695,"column":94}},"216":{"start":{"line":698,"column":8},"end":{"line":704,"column":9}},"217":{"start":{"line":699,"column":33},"end":{"line":699,"column":87}},"218":{"start":{"line":700,"column":10},"end":{"line":702,"column":11}},"219":{"start":{"line":701,"column":12},"end":{"line":701,"column":40}},"220":{"start":{"line":703,"column":10},"end":{"line":703,"column":56}},"221":{"start":{"line":706,"column":8},"end":{"line":712,"column":9}},"222":{"start":{"line":707,"column":32},"end":{"line":707,"column":84}},"223":{"start":{"line":708,"column":10},"end":{"line":710,"column":11}},"224":{"start":{"line":709,"column":12},"end":{"line":709,"column":40}},"225":{"start":{"line":711,"column":10},"end":{"line":711,"column":54}},"226":{"start":{"line":714,"column":8},"end":{"line":716,"column":9}},"227":{"start":{"line":715,"column":10},"end":{"line":715,"column":61}},"228":{"start":{"line":718,"column":8},"end":{"line":720,"column":9}},"229":{"start":{"line":719,"column":10},"end":{"line":719,"column":79}},"230":{"start":{"line":722,"column":8},"end":{"line":729,"column":9}},"231":{"start":{"line":723,"column":29},"end":{"line":723,"column":89}},"232":{"start":{"line":724,"column":10},"end":{"line":728,"column":12}},"233":{"start":{"line":731,"column":8},"end":{"line":737,"column":9}},"234":{"start":{"line":732,"column":24},"end":{"line":732,"column":74}},"235":{"start":{"line":733,"column":10},"end":{"line":736,"column":12}},"236":{"start":{"line":739,"column":8},"end":{"line":741,"column":9}},"237":{"start":{"line":740,"column":10},"end":{"line":740,"column":94}},"238":{"start":{"line":744,"column":33},"end":{"line":744,"column":85}},"239":{"start":{"line":745,"column":8},"end":{"line":785,"column":9}},"240":{"start":{"line":747,"column":10},"end":{"line":752,"column":11}},"241":{"start":{"line":748,"column":12},"end":{"line":751,"column":15}},"242":{"start":{"line":753,"column":10},"end":{"line":758,"column":11}},"243":{"start":{"line":754,"column":12},"end":{"line":757,"column":15}},"244":{"start":{"line":760,"column":32},"end":{"line":760,"column":36}},"245":{"start":{"line":761,"column":10},"end":{"line":763,"column":11}},"246":{"start":{"line":762,"column":12},"end":{"line":762,"column":99}},"247":{"start":{"line":765,"column":10},"end":{"line":777,"column":12}},"248":{"start":{"line":779,"column":10},"end":{"line":784,"column":12}},"249":{"start":{"line":787,"column":8},"end":{"line":790,"column":11}},"250":{"start":{"line":793,"column":32},"end":{"line":793,"column":70}},"251":{"start":{"line":794,"column":6},"end":{"line":801,"column":7}},"252":{"start":{"line":795,"column":8},"end":{"line":795,"column":52}},"253":{"start":{"line":796,"column":8},"end":{"line":796,"column":44}},"254":{"start":{"line":797,"column":13},"end":{"line":801,"column":7}},"255":{"start":{"line":798,"column":8},"end":{"line":798,"column":59}},"256":{"start":{"line":800,"column":8},"end":{"line":800,"column":53}},"257":{"start":{"line":803,"column":6},"end":{"line":805,"column":7}},"258":{"start":{"line":804,"column":8},"end":{"line":804,"column":45}},"259":{"start":{"line":807,"column":6},"end":{"line":807,"column":31}},"260":{"start":{"line":809,"column":6},"end":{"line":830,"column":7}},"261":{"start":{"line":810,"column":29},"end":{"line":810,"column":86}},"262":{"start":{"line":811,"column":8},"end":{"line":827,"column":9}},"263":{"start":{"line":812,"column":10},"end":{"line":822,"column":13}},"264":{"start":{"line":823,"column":10},"end":{"line":823,"column":38}},"265":{"start":{"line":825,"column":10},"end":{"line":825,"column":49}},"266":{"start":{"line":826,"column":10},"end":{"line":826,"column":38}},"267":{"start":{"line":829,"column":8},"end":{"line":829,"column":77}},"268":{"start":{"line":832,"column":29},"end":{"line":841,"column":7}},"269":{"start":{"line":843,"column":6},"end":{"line":864,"column":9}},"270":{"start":{"line":866,"column":6},"end":{"line":871,"column":7}},"271":{"start":{"line":867,"column":8},"end":{"line":870,"column":11}},"272":{"start":{"line":872,"column":6},"end":{"line":872,"column":18}},"273":{"start":{"line":876,"column":4},"end":{"line":876,"column":59}},"274":{"start":{"line":877,"column":4},"end":{"line":882,"column":5}},"275":{"start":{"line":878,"column":6},"end":{"line":881,"column":9}},"276":{"start":{"line":883,"column":4},"end":{"line":886,"column":7}},"277":{"start":{"line":891,"column":36},"end":{"line":941,"column":1}},"278":{"start":{"line":892,"column":2},"end":{"line":940,"column":3}},"279":{"start":{"line":893,"column":22},"end":{"line":893,"column":32}},"280":{"start":{"line":895,"column":4},"end":{"line":900,"column":5}},"281":{"start":{"line":896,"column":6},"end":{"line":899,"column":9}},"282":{"start":{"line":902,"column":24},"end":{"line":902,"column":66}},"283":{"start":{"line":904,"column":4},"end":{"line":909,"column":5}},"284":{"start":{"line":905,"column":6},"end":{"line":908,"column":9}},"285":{"start":{"line":911,"column":27},"end":{"line":920,"column":5}},"286":{"start":{"line":922,"column":4},"end":{"line":933,"column":7}},"287":{"start":{"line":935,"column":4},"end":{"line":935,"column":59}},"288":{"start":{"line":936,"column":4},"end":{"line":939,"column":7}},"289":{"start":{"line":944,"column":32},"end":{"line":1004,"column":1}},"290":{"start":{"line":945,"column":2},"end":{"line":1003,"column":3}},"291":{"start":{"line":946,"column":21},"end":{"line":946,"column":34}},"292":{"start":{"line":947,"column":36},"end":{"line":947,"column":75}},"293":{"start":{"line":949,"column":24},"end":{"line":985,"column":5}},"294":{"start":{"line":987,"column":4},"end":{"line":990,"column":7}},"295":{"start":{"line":992,"column":4},"end":{"line":992,"column":55}},"296":{"start":{"line":993,"column":4},"end":{"line":998,"column":5}},"297":{"start":{"line":994,"column":6},"end":{"line":997,"column":9}},"298":{"start":{"line":999,"column":4},"end":{"line":1002,"column":7}},"299":{"start":{"line":1007,"column":30},"end":{"line":1094,"column":1}},"300":{"start":{"line":1008,"column":2},"end":{"line":1093,"column":3}},"301":{"start":{"line":1009,"column":82},"end":{"line":1009,"column":90}},"302":{"start":{"line":1010,"column":20},"end":{"line":1010,"column":34}},"303":{"start":{"line":1012,"column":24},"end":{"line":1012,"column":71}},"304":{"start":{"line":1013,"column":4},"end":{"line":1018,"column":5}},"305":{"start":{"line":1014,"column":6},"end":{"line":1017,"column":9}},"306":{"start":{"line":1020,"column":4},"end":{"line":1053,"column":5}},"307":{"start":{"line":1021,"column":6},"end":{"line":1035,"column":7}},"308":{"start":{"line":1022,"column":8},"end":{"line":1027,"column":10}},"309":{"start":{"line":1028,"column":13},"end":{"line":1035,"column":7}},"310":{"start":{"line":1029,"column":8},"end":{"line":1034,"column":10}},"311":{"start":{"line":1037,"column":6},"end":{"line":1043,"column":7}},"312":{"start":{"line":1039,"column":8},"end":{"line":1039,"column":69}},"313":{"start":{"line":1040,"column":13},"end":{"line":1043,"column":7}},"314":{"start":{"line":1042,"column":8},"end":{"line":1042,"column":69}},"315":{"start":{"line":1045,"column":6},"end":{"line":1052,"column":7}},"316":{"start":{"line":1046,"column":8},"end":{"line":1051,"column":10}},"317":{"start":{"line":1055,"column":4},"end":{"line":1056,"column":56}},"318":{"start":{"line":1058,"column":4},"end":{"line":1076,"column":5}},"319":{"start":{"line":1059,"column":6},"end":{"line":1059,"column":42}},"320":{"start":{"line":1061,"column":19},"end":{"line":1061,"column":69}},"321":{"start":{"line":1063,"column":6},"end":{"line":1075,"column":7}},"322":{"start":{"line":1064,"column":8},"end":{"line":1073,"column":11}},"323":{"start":{"line":1074,"column":8},"end":{"line":1074,"column":28}},"324":{"start":{"line":1078,"column":4},"end":{"line":1078,"column":29}},"325":{"start":{"line":1080,"column":4},"end":{"line":1086,"column":7}},"326":{"start":{"line":1088,"column":4},"end":{"line":1088,"column":53}},"327":{"start":{"line":1089,"column":4},"end":{"line":1092,"column":7}}},"fnMap":{"0":{"name":"(anonymous_0)","decl":{"start":{"line":9,"column":28},"end":{"line":9,"column":29}},"loc":{"start":{"line":9,"column":69},"end":{"line":21,"column":1}},"line":9},"1":{"name":"(anonymous_1)","decl":{"start":{"line":24,"column":26},"end":{"line":24,"column":27}},"loc":{"start":{"line":24,"column":37},"end":{"line":34,"column":1}},"line":24},"2":{"name":"(anonymous_2)","decl":{"start":{"line":37,"column":21},"end":{"line":37,"column":22}},"loc":{"start":{"line":37,"column":31},"end":{"line":56,"column":1}},"line":37},"3":{"name":"(anonymous_3)","decl":{"start":{"line":59,"column":32},"end":{"line":59,"column":33}},"loc":{"start":{"line":59,"column":52},"end":{"line":72,"column":1}},"line":59},"4":{"name":"(anonymous_4)","decl":{"start":{"line":77,"column":23},"end":{"line":77,"column":24}},"loc":{"start":{"line":77,"column":43},"end":{"line":122,"column":1}},"line":77},"5":{"name":"(anonymous_5)","decl":{"start":{"line":126,"column":25},"end":{"line":126,"column":26}},"loc":{"start":{"line":126,"column":45},"end":{"line":365,"column":1}},"line":126},"6":{"name":"(anonymous_6)","decl":{"start":{"line":368,"column":27},"end":{"line":368,"column":28}},"loc":{"start":{"line":368,"column":47},"end":{"line":445,"column":1}},"line":368},"7":{"name":"(anonymous_7)","decl":{"start":{"line":448,"column":28},"end":{"line":448,"column":29}},"loc":{"start":{"line":448,"column":48},"end":{"line":473,"column":1}},"line":448},"8":{"name":"(anonymous_8)","decl":{"start":{"line":476,"column":28},"end":{"line":476,"column":29}},"loc":{"start":{"line":476,"column":48},"end":{"line":508,"column":1}},"line":476},"9":{"name":"(anonymous_9)","decl":{"start":{"line":513,"column":36},"end":{"line":513,"column":37}},"loc":{"start":{"line":513,"column":56},"end":{"line":888,"column":1}},"line":513},"10":{"name":"(anonymous_10)","decl":{"start":{"line":614,"column":48},"end":{"line":614,"column":49}},"loc":{"start":{"line":614,"column":56},"end":{"line":614,"column":112}},"line":614},"11":{"name":"(anonymous_11)","decl":{"start":{"line":674,"column":25},"end":{"line":674,"column":26}},"loc":{"start":{"line":674,"column":55},"end":{"line":691,"column":7}},"line":674},"12":{"name":"(anonymous_12)","decl":{"start":{"line":891,"column":36},"end":{"line":891,"column":37}},"loc":{"start":{"line":891,"column":56},"end":{"line":941,"column":1}},"line":891},"13":{"name":"(anonymous_13)","decl":{"start":{"line":944,"column":32},"end":{"line":944,"column":33}},"loc":{"start":{"line":944,"column":52},"end":{"line":1004,"column":1}},"line":944},"14":{"name":"(anonymous_14)","decl":{"start":{"line":1007,"column":30},"end":{"line":1007,"column":31}},"loc":{"start":{"line":1007,"column":50},"end":{"line":1094,"column":1}},"line":1007}},"branchMap":{"0":{"loc":{"start":{"line":9,"column":46},"end":{"line":9,"column":64}},"type":"default-arg","locations":[{"start":{"line":9,"column":59},"end":{"line":9,"column":64}}],"line":9},"1":{"loc":{"start":{"line":27,"column":4},"end":{"line":29,"column":5}},"type":"if","locations":[{"start":{"line":27,"column":4},"end":{"line":29,"column":5}},{"start":{},"end":{}}],"line":27},"2":{"loc":{"start":{"line":41,"column":2},"end":{"line":46,"column":3}},"type":"if","locations":[{"start":{"line":41,"column":2},"end":{"line":46,"column":3}},{"start":{},"end":{}}],"line":41},"3":{"loc":{"start":{"line":48,"column":2},"end":{"line":53,"column":3}},"type":"if","locations":[{"start":{"line":48,"column":2},"end":{"line":53,"column":3}},{"start":{},"end":{}}],"line":48},"4":{"loc":{"start":{"line":61,"column":2},"end":{"line":63,"column":3}},"type":"if","locations":[{"start":{"line":61,"column":2},"end":{"line":63,"column":3}},{"start":{},"end":{}}],"line":61},"5":{"loc":{"start":{"line":67,"column":2},"end":{"line":69,"column":3}},"type":"if","locations":[{"start":{"line":67,"column":2},"end":{"line":69,"column":3}},{"start":{},"end":{}}],"line":67},"6":{"loc":{"start":{"line":67,"column":6},"end":{"line":67,"column":67}},"type":"binary-expr","locations":[{"start":{"line":67,"column":6},"end":{"line":67,"column":18}},{"start":{"line":67,"column":22},"end":{"line":67,"column":67}}],"line":67},"7":{"loc":{"start":{"line":81,"column":4},"end":{"line":86,"column":5}},"type":"if","locations":[{"start":{"line":81,"column":4},"end":{"line":86,"column":5}},{"start":{},"end":{}}],"line":81},"8":{"loc":{"start":{"line":89,"column":4},"end":{"line":94,"column":5}},"type":"if","locations":[{"start":{"line":89,"column":4},"end":{"line":94,"column":5}},{"start":{},"end":{}}],"line":89},"9":{"loc":{"start":{"line":112,"column":13},"end":{"line":112,"column":69}},"type":"cond-expr","locations":[{"start":{"line":112,"column":54},"end":{"line":112,"column":57}},{"start":{"line":112,"column":60},"end":{"line":112,"column":69}}],"line":112},"10":{"loc":{"start":{"line":130,"column":4},"end":{"line":135,"column":5}},"type":"if","locations":[{"start":{"line":130,"column":4},"end":{"line":135,"column":5}},{"start":{},"end":{}}],"line":130},"11":{"loc":{"start":{"line":130,"column":8},"end":{"line":130,"column":22}},"type":"binary-expr","locations":[{"start":{"line":130,"column":8},"end":{"line":130,"column":14}},{"start":{"line":130,"column":18},"end":{"line":130,"column":22}}],"line":130},"12":{"loc":{"start":{"line":139,"column":4},"end":{"line":144,"column":5}},"type":"if","locations":[{"start":{"line":139,"column":4},"end":{"line":144,"column":5}},{"start":{},"end":{}}],"line":139},"13":{"loc":{"start":{"line":146,"column":4},"end":{"line":152,"column":5}},"type":"if","locations":[{"start":{"line":146,"column":4},"end":{"line":152,"column":5}},{"start":{},"end":{}}],"line":146},"14":{"loc":{"start":{"line":154,"column":4},"end":{"line":161,"column":5}},"type":"if","locations":[{"start":{"line":154,"column":4},"end":{"line":161,"column":5}},{"start":{},"end":{}}],"line":154},"15":{"loc":{"start":{"line":177,"column":4},"end":{"line":311,"column":5}},"type":"if","locations":[{"start":{"line":177,"column":4},"end":{"line":311,"column":5}},{"start":{"line":291,"column":11},"end":{"line":311,"column":5}}],"line":177},"16":{"loc":{"start":{"line":182,"column":6},"end":{"line":290,"column":7}},"type":"switch","locations":[{"start":{"line":183,"column":8},"end":{"line":208,"column":16}},{"start":{"line":210,"column":8},"end":{"line":210,"column":25}},{"start":{"line":211,"column":8},"end":{"line":230,"column":16}},{"start":{"line":232,"column":8},"end":{"line":250,"column":16}},{"start":{"line":252,"column":8},"end":{"line":271,"column":16}},{"start":{"line":273,"column":8},"end":{"line":289,"column":12}}],"line":182},"17":{"loc":{"start":{"line":191,"column":10},"end":{"line":204,"column":11}},"type":"if","locations":[{"start":{"line":191,"column":10},"end":{"line":204,"column":11}},{"start":{},"end":{}}],"line":191},"18":{"loc":{"start":{"line":236,"column":68},"end":{"line":236,"column":122}},"type":"binary-expr","locations":[{"start":{"line":236,"column":68},"end":{"line":236,"column":103}},{"start":{"line":236,"column":107},"end":{"line":236,"column":122}}],"line":236},"19":{"loc":{"start":{"line":328,"column":4},"end":{"line":330,"column":5}},"type":"if","locations":[{"start":{"line":328,"column":4},"end":{"line":330,"column":5}},{"start":{},"end":{}}],"line":328},"20":{"loc":{"start":{"line":333,"column":4},"end":{"line":335,"column":5}},"type":"if","locations":[{"start":{"line":333,"column":4},"end":{"line":335,"column":5}},{"start":{},"end":{}}],"line":333},"21":{"loc":{"start":{"line":338,"column":4},"end":{"line":350,"column":5}},"type":"if","locations":[{"start":{"line":338,"column":4},"end":{"line":350,"column":5}},{"start":{},"end":{}}],"line":338},"22":{"loc":{"start":{"line":338,"column":8},"end":{"line":338,"column":63}},"type":"binary-expr","locations":[{"start":{"line":338,"column":8},"end":{"line":338,"column":27}},{"start":{"line":338,"column":31},"end":{"line":338,"column":63}}],"line":338},"23":{"loc":{"start":{"line":340,"column":22},"end":{"line":340,"column":94}},"type":"binary-expr","locations":[{"start":{"line":340,"column":22},"end":{"line":340,"column":76}},{"start":{"line":340,"column":80},"end":{"line":340,"column":94}}],"line":340},"24":{"loc":{"start":{"line":341,"column":21},"end":{"line":341,"column":98}},"type":"binary-expr","locations":[{"start":{"line":341,"column":21},"end":{"line":341,"column":80}},{"start":{"line":341,"column":84},"end":{"line":341,"column":98}}],"line":341},"25":{"loc":{"start":{"line":342,"column":20},"end":{"line":342,"column":96}},"type":"binary-expr","locations":[{"start":{"line":342,"column":20},"end":{"line":342,"column":78}},{"start":{"line":342,"column":82},"end":{"line":342,"column":96}}],"line":342},"26":{"loc":{"start":{"line":343,"column":17},"end":{"line":343,"column":84}},"type":"binary-expr","locations":[{"start":{"line":343,"column":17},"end":{"line":343,"column":66}},{"start":{"line":343,"column":70},"end":{"line":343,"column":84}}],"line":343},"27":{"loc":{"start":{"line":344,"column":24},"end":{"line":344,"column":98}},"type":"binary-expr","locations":[{"start":{"line":344,"column":24},"end":{"line":344,"column":80}},{"start":{"line":344,"column":84},"end":{"line":344,"column":98}}],"line":344},"28":{"loc":{"start":{"line":345,"column":19},"end":{"line":345,"column":88}},"type":"binary-expr","locations":[{"start":{"line":345,"column":19},"end":{"line":345,"column":70}},{"start":{"line":345,"column":74},"end":{"line":345,"column":88}}],"line":345},"29":{"loc":{"start":{"line":346,"column":22},"end":{"line":346,"column":94}},"type":"binary-expr","locations":[{"start":{"line":346,"column":22},"end":{"line":346,"column":76}},{"start":{"line":346,"column":80},"end":{"line":346,"column":94}}],"line":346},"30":{"loc":{"start":{"line":347,"column":21},"end":{"line":347,"column":92}},"type":"binary-expr","locations":[{"start":{"line":347,"column":21},"end":{"line":347,"column":74}},{"start":{"line":347,"column":78},"end":{"line":347,"column":92}}],"line":347},"31":{"loc":{"start":{"line":372,"column":4},"end":{"line":377,"column":5}},"type":"if","locations":[{"start":{"line":372,"column":4},"end":{"line":377,"column":5}},{"start":{},"end":{}}],"line":372},"32":{"loc":{"start":{"line":384,"column":4},"end":{"line":389,"column":5}},"type":"if","locations":[{"start":{"line":384,"column":4},"end":{"line":389,"column":5}},{"start":{},"end":{}}],"line":384},"33":{"loc":{"start":{"line":393,"column":4},"end":{"line":409,"column":5}},"type":"if","locations":[{"start":{"line":393,"column":4},"end":{"line":409,"column":5}},{"start":{"line":406,"column":11},"end":{"line":409,"column":5}}],"line":393},"34":{"loc":{"start":{"line":421,"column":25},"end":{"line":421,"column":74}},"type":"binary-expr","locations":[{"start":{"line":421,"column":25},"end":{"line":421,"column":50}},{"start":{"line":421,"column":54},"end":{"line":421,"column":74}}],"line":421},"35":{"loc":{"start":{"line":463,"column":23},"end":{"line":463,"column":55}},"type":"binary-expr","locations":[{"start":{"line":463,"column":23},"end":{"line":463,"column":47}},{"start":{"line":463,"column":51},"end":{"line":463,"column":55}}],"line":463},"36":{"loc":{"start":{"line":482,"column":4},"end":{"line":487,"column":5}},"type":"if","locations":[{"start":{"line":482,"column":4},"end":{"line":487,"column":5}},{"start":{},"end":{}}],"line":482},"37":{"loc":{"start":{"line":498,"column":23},"end":{"line":498,"column":47}},"type":"binary-expr","locations":[{"start":{"line":498,"column":23},"end":{"line":498,"column":39}},{"start":{"line":498,"column":43},"end":{"line":498,"column":47}}],"line":498},"38":{"loc":{"start":{"line":517,"column":4},"end":{"line":522,"column":5}},"type":"if","locations":[{"start":{"line":517,"column":4},"end":{"line":522,"column":5}},{"start":{},"end":{}}],"line":517},"39":{"loc":{"start":{"line":531,"column":6},"end":{"line":536,"column":7}},"type":"if","locations":[{"start":{"line":531,"column":6},"end":{"line":536,"column":7}},{"start":{},"end":{}}],"line":531},"40":{"loc":{"start":{"line":564,"column":6},"end":{"line":569,"column":7}},"type":"if","locations":[{"start":{"line":564,"column":6},"end":{"line":569,"column":7}},{"start":{},"end":{}}],"line":564},"41":{"loc":{"start":{"line":571,"column":6},"end":{"line":576,"column":7}},"type":"if","locations":[{"start":{"line":571,"column":6},"end":{"line":576,"column":7}},{"start":{},"end":{}}],"line":571},"42":{"loc":{"start":{"line":579,"column":6},"end":{"line":584,"column":7}},"type":"if","locations":[{"start":{"line":579,"column":6},"end":{"line":584,"column":7}},{"start":{},"end":{}}],"line":579},"43":{"loc":{"start":{"line":586,"column":6},"end":{"line":591,"column":7}},"type":"if","locations":[{"start":{"line":586,"column":6},"end":{"line":591,"column":7}},{"start":{},"end":{}}],"line":586},"44":{"loc":{"start":{"line":613,"column":28},"end":{"line":613,"column":43}},"type":"binary-expr","locations":[{"start":{"line":613,"column":28},"end":{"line":613,"column":37}},{"start":{"line":613,"column":41},"end":{"line":613,"column":43}}],"line":613},"45":{"loc":{"start":{"line":614,"column":56},"end":{"line":614,"column":112}},"type":"binary-expr","locations":[{"start":{"line":614,"column":56},"end":{"line":614,"column":76}},{"start":{"line":614,"column":80},"end":{"line":614,"column":112}}],"line":614},"46":{"loc":{"start":{"line":616,"column":6},"end":{"line":621,"column":7}},"type":"if","locations":[{"start":{"line":616,"column":6},"end":{"line":621,"column":7}},{"start":{},"end":{}}],"line":616},"47":{"loc":{"start":{"line":625,"column":6},"end":{"line":670,"column":7}},"type":"if","locations":[{"start":{"line":625,"column":6},"end":{"line":670,"column":7}},{"start":{"line":646,"column":13},"end":{"line":670,"column":7}}],"line":625},"48":{"loc":{"start":{"line":633,"column":34},"end":{"line":633,"column":81}},"type":"cond-expr","locations":[{"start":{"line":633,"column":48},"end":{"line":633,"column":69}},{"start":{"line":633,"column":72},"end":{"line":633,"column":81}}],"line":633},"49":{"loc":{"start":{"line":636,"column":8},"end":{"line":645,"column":9}},"type":"if","locations":[{"start":{"line":636,"column":8},"end":{"line":645,"column":9}},{"start":{},"end":{}}],"line":636},"50":{"loc":{"start":{"line":636,"column":12},"end":{"line":636,"column":70}},"type":"binary-expr","locations":[{"start":{"line":636,"column":12},"end":{"line":636,"column":29}},{"start":{"line":636,"column":33},"end":{"line":636,"column":46}},{"start":{"line":636,"column":50},"end":{"line":636,"column":58}},{"start":{"line":636,"column":62},"end":{"line":636,"column":70}}],"line":636},"51":{"loc":{"start":{"line":642,"column":24},"end":{"line":642,"column":40}},"type":"binary-expr","locations":[{"start":{"line":642,"column":24},"end":{"line":642,"column":34}},{"start":{"line":642,"column":38},"end":{"line":642,"column":40}}],"line":642},"52":{"loc":{"start":{"line":659,"column":23},"end":{"line":659,"column":70}},"type":"cond-expr","locations":[{"start":{"line":659,"column":37},"end":{"line":659,"column":58}},{"start":{"line":659,"column":61},"end":{"line":659,"column":70}}],"line":659},"53":{"loc":{"start":{"line":661,"column":23},"end":{"line":668,"column":23}},"type":"cond-expr","locations":[{"start":{"line":661,"column":84},"end":{"line":668,"column":11}},{"start":{"line":668,"column":14},"end":{"line":668,"column":23}}],"line":661},"54":{"loc":{"start":{"line":661,"column":23},"end":{"line":661,"column":81}},"type":"binary-expr","locations":[{"start":{"line":661,"column":23},"end":{"line":661,"column":40}},{"start":{"line":661,"column":44},"end":{"line":661,"column":57}},{"start":{"line":661,"column":61},"end":{"line":661,"column":69}},{"start":{"line":661,"column":73},"end":{"line":661,"column":81}}],"line":661},"55":{"loc":{"start":{"line":666,"column":24},"end":{"line":666,"column":40}},"type":"binary-expr","locations":[{"start":{"line":666,"column":24},"end":{"line":666,"column":34}},{"start":{"line":666,"column":38},"end":{"line":666,"column":40}}],"line":666},"56":{"loc":{"start":{"line":675,"column":8},"end":{"line":675,"column":62}},"type":"if","locations":[{"start":{"line":675,"column":8},"end":{"line":675,"column":62}},{"start":{},"end":{}}],"line":675},"57":{"loc":{"start":{"line":675,"column":12},"end":{"line":675,"column":48}},"type":"binary-expr","locations":[{"start":{"line":675,"column":12},"end":{"line":675,"column":22}},{"start":{"line":675,"column":26},"end":{"line":675,"column":48}}],"line":675},"58":{"loc":{"start":{"line":679,"column":8},"end":{"line":681,"column":9}},"type":"if","locations":[{"start":{"line":679,"column":8},"end":{"line":681,"column":9}},{"start":{},"end":{}}],"line":679},"59":{"loc":{"start":{"line":694,"column":8},"end":{"line":696,"column":9}},"type":"if","locations":[{"start":{"line":694,"column":8},"end":{"line":696,"column":9}},{"start":{},"end":{}}],"line":694},"60":{"loc":{"start":{"line":698,"column":8},"end":{"line":704,"column":9}},"type":"if","locations":[{"start":{"line":698,"column":8},"end":{"line":704,"column":9}},{"start":{},"end":{}}],"line":698},"61":{"loc":{"start":{"line":700,"column":10},"end":{"line":702,"column":11}},"type":"if","locations":[{"start":{"line":700,"column":10},"end":{"line":702,"column":11}},{"start":{},"end":{}}],"line":700},"62":{"loc":{"start":{"line":706,"column":8},"end":{"line":712,"column":9}},"type":"if","locations":[{"start":{"line":706,"column":8},"end":{"line":712,"column":9}},{"start":{},"end":{}}],"line":706},"63":{"loc":{"start":{"line":708,"column":10},"end":{"line":710,"column":11}},"type":"if","locations":[{"start":{"line":708,"column":10},"end":{"line":710,"column":11}},{"start":{},"end":{}}],"line":708},"64":{"loc":{"start":{"line":714,"column":8},"end":{"line":716,"column":9}},"type":"if","locations":[{"start":{"line":714,"column":8},"end":{"line":716,"column":9}},{"start":{},"end":{}}],"line":714},"65":{"loc":{"start":{"line":714,"column":12},"end":{"line":714,"column":50}},"type":"binary-expr","locations":[{"start":{"line":714,"column":12},"end":{"line":714,"column":24}},{"start":{"line":714,"column":28},"end":{"line":714,"column":50}}],"line":714},"66":{"loc":{"start":{"line":718,"column":8},"end":{"line":720,"column":9}},"type":"if","locations":[{"start":{"line":718,"column":8},"end":{"line":720,"column":9}},{"start":{},"end":{}}],"line":718},"67":{"loc":{"start":{"line":722,"column":8},"end":{"line":729,"column":9}},"type":"if","locations":[{"start":{"line":722,"column":8},"end":{"line":729,"column":9}},{"start":{},"end":{}}],"line":722},"68":{"loc":{"start":{"line":726,"column":27},"end":{"line":726,"column":46}},"type":"binary-expr","locations":[{"start":{"line":726,"column":27},"end":{"line":726,"column":40}},{"start":{"line":726,"column":44},"end":{"line":726,"column":46}}],"line":726},"69":{"loc":{"start":{"line":727,"column":24},"end":{"line":727,"column":83}},"type":"cond-expr","locations":[{"start":{"line":727,"column":44},"end":{"line":727,"column":71}},{"start":{"line":727,"column":74},"end":{"line":727,"column":83}}],"line":727},"70":{"loc":{"start":{"line":731,"column":8},"end":{"line":737,"column":9}},"type":"if","locations":[{"start":{"line":731,"column":8},"end":{"line":737,"column":9}},{"start":{},"end":{}}],"line":731},"71":{"loc":{"start":{"line":735,"column":22},"end":{"line":735,"column":36}},"type":"binary-expr","locations":[{"start":{"line":735,"column":22},"end":{"line":735,"column":30}},{"start":{"line":735,"column":34},"end":{"line":735,"column":36}}],"line":735},"72":{"loc":{"start":{"line":739,"column":8},"end":{"line":741,"column":9}},"type":"if","locations":[{"start":{"line":739,"column":8},"end":{"line":741,"column":9}},{"start":{},"end":{}}],"line":739},"73":{"loc":{"start":{"line":744,"column":33},"end":{"line":744,"column":85}},"type":"binary-expr","locations":[{"start":{"line":744,"column":33},"end":{"line":744,"column":58}},{"start":{"line":744,"column":62},"end":{"line":744,"column":85}}],"line":744},"74":{"loc":{"start":{"line":745,"column":8},"end":{"line":785,"column":9}},"type":"if","locations":[{"start":{"line":745,"column":8},"end":{"line":785,"column":9}},{"start":{"line":778,"column":15},"end":{"line":785,"column":9}}],"line":745},"75":{"loc":{"start":{"line":747,"column":10},"end":{"line":752,"column":11}},"type":"if","locations":[{"start":{"line":747,"column":10},"end":{"line":752,"column":11}},{"start":{},"end":{}}],"line":747},"76":{"loc":{"start":{"line":747,"column":14},"end":{"line":747,"column":51}},"type":"binary-expr","locations":[{"start":{"line":747,"column":14},"end":{"line":747,"column":30}},{"start":{"line":747,"column":34},"end":{"line":747,"column":51}}],"line":747},"77":{"loc":{"start":{"line":753,"column":10},"end":{"line":758,"column":11}},"type":"if","locations":[{"start":{"line":753,"column":10},"end":{"line":758,"column":11}},{"start":{},"end":{}}],"line":753},"78":{"loc":{"start":{"line":761,"column":10},"end":{"line":763,"column":11}},"type":"if","locations":[{"start":{"line":761,"column":10},"end":{"line":763,"column":11}},{"start":{},"end":{}}],"line":761},"79":{"loc":{"start":{"line":769,"column":26},"end":{"line":776,"column":100}},"type":"cond-expr","locations":[{"start":{"line":770,"column":16},"end":{"line":775,"column":17}},{"start":{"line":776,"column":16},"end":{"line":776,"column":100}}],"line":769},"80":{"loc":{"start":{"line":794,"column":6},"end":{"line":801,"column":7}},"type":"if","locations":[{"start":{"line":794,"column":6},"end":{"line":801,"column":7}},{"start":{"line":797,"column":13},"end":{"line":801,"column":7}}],"line":794},"81":{"loc":{"start":{"line":797,"column":13},"end":{"line":801,"column":7}},"type":"if","locations":[{"start":{"line":797,"column":13},"end":{"line":801,"column":7}},{"start":{"line":799,"column":13},"end":{"line":801,"column":7}}],"line":797},"82":{"loc":{"start":{"line":803,"column":6},"end":{"line":805,"column":7}},"type":"if","locations":[{"start":{"line":803,"column":6},"end":{"line":805,"column":7}},{"start":{},"end":{}}],"line":803},"83":{"loc":{"start":{"line":809,"column":6},"end":{"line":830,"column":7}},"type":"if","locations":[{"start":{"line":809,"column":6},"end":{"line":830,"column":7}},{"start":{},"end":{}}],"line":809},"84":{"loc":{"start":{"line":811,"column":8},"end":{"line":827,"column":9}},"type":"if","locations":[{"start":{"line":811,"column":8},"end":{"line":827,"column":9}},{"start":{"line":824,"column":15},"end":{"line":827,"column":9}}],"line":811},"85":{"loc":{"start":{"line":833,"column":22},"end":{"line":833,"column":81}},"type":"binary-expr","locations":[{"start":{"line":833,"column":22},"end":{"line":833,"column":68}},{"start":{"line":833,"column":72},"end":{"line":833,"column":81}}],"line":833},"86":{"loc":{"start":{"line":834,"column":21},"end":{"line":834,"column":85}},"type":"binary-expr","locations":[{"start":{"line":834,"column":21},"end":{"line":834,"column":72}},{"start":{"line":834,"column":76},"end":{"line":834,"column":85}}],"line":834},"87":{"loc":{"start":{"line":835,"column":20},"end":{"line":835,"column":83}},"type":"binary-expr","locations":[{"start":{"line":835,"column":20},"end":{"line":835,"column":70}},{"start":{"line":835,"column":74},"end":{"line":835,"column":83}}],"line":835},"88":{"loc":{"start":{"line":836,"column":17},"end":{"line":836,"column":71}},"type":"binary-expr","locations":[{"start":{"line":836,"column":17},"end":{"line":836,"column":58}},{"start":{"line":836,"column":62},"end":{"line":836,"column":71}}],"line":836},"89":{"loc":{"start":{"line":837,"column":24},"end":{"line":837,"column":85}},"type":"binary-expr","locations":[{"start":{"line":837,"column":24},"end":{"line":837,"column":72}},{"start":{"line":837,"column":76},"end":{"line":837,"column":85}}],"line":837},"90":{"loc":{"start":{"line":838,"column":19},"end":{"line":838,"column":75}},"type":"binary-expr","locations":[{"start":{"line":838,"column":19},"end":{"line":838,"column":62}},{"start":{"line":838,"column":66},"end":{"line":838,"column":75}}],"line":838},"91":{"loc":{"start":{"line":839,"column":22},"end":{"line":839,"column":81}},"type":"binary-expr","locations":[{"start":{"line":839,"column":22},"end":{"line":839,"column":68}},{"start":{"line":839,"column":72},"end":{"line":839,"column":81}}],"line":839},"92":{"loc":{"start":{"line":840,"column":21},"end":{"line":840,"column":79}},"type":"binary-expr","locations":[{"start":{"line":840,"column":21},"end":{"line":840,"column":66}},{"start":{"line":840,"column":70},"end":{"line":840,"column":79}}],"line":840},"93":{"loc":{"start":{"line":845,"column":17},"end":{"line":847,"column":84}},"type":"cond-expr","locations":[{"start":{"line":846,"column":12},"end":{"line":846,"column":76}},{"start":{"line":847,"column":12},"end":{"line":847,"column":84}}],"line":845},"94":{"loc":{"start":{"line":857,"column":28},"end":{"line":857,"column":76}},"type":"binary-expr","locations":[{"start":{"line":857,"column":28},"end":{"line":857,"column":67}},{"start":{"line":857,"column":71},"end":{"line":857,"column":76}}],"line":857},"95":{"loc":{"start":{"line":858,"column":18},"end":{"line":858,"column":55}},"type":"binary-expr","locations":[{"start":{"line":858,"column":18},"end":{"line":858,"column":47}},{"start":{"line":858,"column":51},"end":{"line":858,"column":55}}],"line":858},"96":{"loc":{"start":{"line":859,"column":19},"end":{"line":859,"column":57}},"type":"binary-expr","locations":[{"start":{"line":859,"column":19},"end":{"line":859,"column":49}},{"start":{"line":859,"column":53},"end":{"line":859,"column":57}}],"line":859},"97":{"loc":{"start":{"line":866,"column":6},"end":{"line":871,"column":7}},"type":"if","locations":[{"start":{"line":866,"column":6},"end":{"line":871,"column":7}},{"start":{},"end":{}}],"line":866},"98":{"loc":{"start":{"line":877,"column":4},"end":{"line":882,"column":5}},"type":"if","locations":[{"start":{"line":877,"column":4},"end":{"line":882,"column":5}},{"start":{},"end":{}}],"line":877},"99":{"loc":{"start":{"line":895,"column":4},"end":{"line":900,"column":5}},"type":"if","locations":[{"start":{"line":895,"column":4},"end":{"line":900,"column":5}},{"start":{},"end":{}}],"line":895},"100":{"loc":{"start":{"line":904,"column":4},"end":{"line":909,"column":5}},"type":"if","locations":[{"start":{"line":904,"column":4},"end":{"line":909,"column":5}},{"start":{},"end":{}}],"line":904},"101":{"loc":{"start":{"line":912,"column":20},"end":{"line":912,"column":84}},"type":"binary-expr","locations":[{"start":{"line":912,"column":20},"end":{"line":912,"column":66}},{"start":{"line":912,"column":70},"end":{"line":912,"column":84}}],"line":912},"102":{"loc":{"start":{"line":913,"column":19},"end":{"line":913,"column":88}},"type":"binary-expr","locations":[{"start":{"line":913,"column":19},"end":{"line":913,"column":70}},{"start":{"line":913,"column":74},"end":{"line":913,"column":88}}],"line":913},"103":{"loc":{"start":{"line":914,"column":18},"end":{"line":914,"column":86}},"type":"binary-expr","locations":[{"start":{"line":914,"column":18},"end":{"line":914,"column":68}},{"start":{"line":914,"column":72},"end":{"line":914,"column":86}}],"line":914},"104":{"loc":{"start":{"line":915,"column":15},"end":{"line":915,"column":74}},"type":"binary-expr","locations":[{"start":{"line":915,"column":15},"end":{"line":915,"column":56}},{"start":{"line":915,"column":60},"end":{"line":915,"column":74}}],"line":915},"105":{"loc":{"start":{"line":916,"column":22},"end":{"line":916,"column":88}},"type":"binary-expr","locations":[{"start":{"line":916,"column":22},"end":{"line":916,"column":70}},{"start":{"line":916,"column":74},"end":{"line":916,"column":88}}],"line":916},"106":{"loc":{"start":{"line":917,"column":17},"end":{"line":917,"column":78}},"type":"binary-expr","locations":[{"start":{"line":917,"column":17},"end":{"line":917,"column":60}},{"start":{"line":917,"column":64},"end":{"line":917,"column":78}}],"line":917},"107":{"loc":{"start":{"line":918,"column":20},"end":{"line":918,"column":84}},"type":"binary-expr","locations":[{"start":{"line":918,"column":20},"end":{"line":918,"column":66}},{"start":{"line":918,"column":70},"end":{"line":918,"column":84}}],"line":918},"108":{"loc":{"start":{"line":919,"column":19},"end":{"line":919,"column":82}},"type":"binary-expr","locations":[{"start":{"line":919,"column":19},"end":{"line":919,"column":64}},{"start":{"line":919,"column":68},"end":{"line":919,"column":82}}],"line":919},"109":{"loc":{"start":{"line":952,"column":21},"end":{"line":952,"column":61}},"type":"binary-expr","locations":[{"start":{"line":952,"column":21},"end":{"line":952,"column":37}},{"start":{"line":952,"column":41},"end":{"line":952,"column":61}}],"line":952},"110":{"loc":{"start":{"line":967,"column":26},"end":{"line":983,"column":14}},"type":"cond-expr","locations":[{"start":{"line":967,"column":40},"end":{"line":983,"column":7}},{"start":{"line":983,"column":10},"end":{"line":983,"column":14}}],"line":967},"111":{"loc":{"start":{"line":975,"column":21},"end":{"line":982,"column":16}},"type":"cond-expr","locations":[{"start":{"line":975,"column":47},"end":{"line":982,"column":9}},{"start":{"line":982,"column":12},"end":{"line":982,"column":16}}],"line":975},"112":{"loc":{"start":{"line":977,"column":25},"end":{"line":978,"column":75}},"type":"cond-expr","locations":[{"start":{"line":978,"column":12},"end":{"line":978,"column":68}},{"start":{"line":978,"column":71},"end":{"line":978,"column":75}}],"line":977},"113":{"loc":{"start":{"line":984,"column":26},"end":{"line":984,"column":70}},"type":"binary-expr","locations":[{"start":{"line":984,"column":26},"end":{"line":984,"column":57}},{"start":{"line":984,"column":61},"end":{"line":984,"column":70}}],"line":984},"114":{"loc":{"start":{"line":993,"column":4},"end":{"line":998,"column":5}},"type":"if","locations":[{"start":{"line":993,"column":4},"end":{"line":998,"column":5}},{"start":{},"end":{}}],"line":993},"115":{"loc":{"start":{"line":993,"column":8},"end":{"line":993,"column":144}},"type":"binary-expr","locations":[{"start":{"line":993,"column":8},"end":{"line":993,"column":44}},{"start":{"line":993,"column":48},"end":{"line":993,"column":144}}],"line":993},"116":{"loc":{"start":{"line":1013,"column":4},"end":{"line":1018,"column":5}},"type":"if","locations":[{"start":{"line":1013,"column":4},"end":{"line":1018,"column":5}},{"start":{},"end":{}}],"line":1013},"117":{"loc":{"start":{"line":1020,"column":4},"end":{"line":1053,"column":5}},"type":"if","locations":[{"start":{"line":1020,"column":4},"end":{"line":1053,"column":5}},{"start":{"line":1044,"column":11},"end":{"line":1053,"column":5}}],"line":1020},"118":{"loc":{"start":{"line":1020,"column":8},"end":{"line":1020,"column":52}},"type":"binary-expr","locations":[{"start":{"line":1020,"column":8},"end":{"line":1020,"column":37}},{"start":{"line":1020,"column":41},"end":{"line":1020,"column":52}}],"line":1020},"119":{"loc":{"start":{"line":1021,"column":6},"end":{"line":1035,"column":7}},"type":"if","locations":[{"start":{"line":1021,"column":6},"end":{"line":1035,"column":7}},{"start":{"line":1028,"column":13},"end":{"line":1035,"column":7}}],"line":1021},"120":{"loc":{"start":{"line":1021,"column":10},"end":{"line":1021,"column":66}},"type":"binary-expr","locations":[{"start":{"line":1021,"column":10},"end":{"line":1021,"column":33}},{"start":{"line":1021,"column":37},"end":{"line":1021,"column":66}}],"line":1021},"121":{"loc":{"start":{"line":1024,"column":22},"end":{"line":1024,"column":68}},"type":"cond-expr","locations":[{"start":{"line":1024,"column":46},"end":{"line":1024,"column":56}},{"start":{"line":1024,"column":59},"end":{"line":1024,"column":68}}],"line":1024},"122":{"loc":{"start":{"line":1025,"column":27},"end":{"line":1025,"column":78}},"type":"cond-expr","locations":[{"start":{"line":1025,"column":51},"end":{"line":1025,"column":66}},{"start":{"line":1025,"column":69},"end":{"line":1025,"column":78}}],"line":1025},"123":{"loc":{"start":{"line":1028,"column":13},"end":{"line":1035,"column":7}},"type":"if","locations":[{"start":{"line":1028,"column":13},"end":{"line":1035,"column":7}},{"start":{},"end":{}}],"line":1028},"124":{"loc":{"start":{"line":1028,"column":17},"end":{"line":1028,"column":71}},"type":"binary-expr","locations":[{"start":{"line":1028,"column":17},"end":{"line":1028,"column":39}},{"start":{"line":1028,"column":43},"end":{"line":1028,"column":71}}],"line":1028},"125":{"loc":{"start":{"line":1031,"column":22},"end":{"line":1031,"column":68}},"type":"cond-expr","locations":[{"start":{"line":1031,"column":46},"end":{"line":1031,"column":56}},{"start":{"line":1031,"column":59},"end":{"line":1031,"column":68}}],"line":1031},"126":{"loc":{"start":{"line":1032,"column":27},"end":{"line":1032,"column":78}},"type":"cond-expr","locations":[{"start":{"line":1032,"column":51},"end":{"line":1032,"column":66}},{"start":{"line":1032,"column":69},"end":{"line":1032,"column":78}}],"line":1032},"127":{"loc":{"start":{"line":1037,"column":6},"end":{"line":1043,"column":7}},"type":"if","locations":[{"start":{"line":1037,"column":6},"end":{"line":1043,"column":7}},{"start":{"line":1040,"column":13},"end":{"line":1043,"column":7}}],"line":1037},"128":{"loc":{"start":{"line":1037,"column":10},"end":{"line":1038,"column":75}},"type":"binary-expr","locations":[{"start":{"line":1037,"column":10},"end":{"line":1037,"column":76}},{"start":{"line":1038,"column":10},"end":{"line":1038,"column":75}}],"line":1037},"129":{"loc":{"start":{"line":1040,"column":13},"end":{"line":1043,"column":7}},"type":"if","locations":[{"start":{"line":1040,"column":13},"end":{"line":1043,"column":7}},{"start":{},"end":{}}],"line":1040},"130":{"loc":{"start":{"line":1040,"column":17},"end":{"line":1041,"column":82}},"type":"binary-expr","locations":[{"start":{"line":1040,"column":17},"end":{"line":1040,"column":83}},{"start":{"line":1041,"column":17},"end":{"line":1041,"column":82}}],"line":1040},"131":{"loc":{"start":{"line":1045,"column":6},"end":{"line":1052,"column":7}},"type":"if","locations":[{"start":{"line":1045,"column":6},"end":{"line":1052,"column":7}},{"start":{},"end":{}}],"line":1045},"132":{"loc":{"start":{"line":1048,"column":22},"end":{"line":1048,"column":68}},"type":"cond-expr","locations":[{"start":{"line":1048,"column":46},"end":{"line":1048,"column":56}},{"start":{"line":1048,"column":59},"end":{"line":1048,"column":68}}],"line":1048},"133":{"loc":{"start":{"line":1049,"column":27},"end":{"line":1049,"column":78}},"type":"cond-expr","locations":[{"start":{"line":1049,"column":51},"end":{"line":1049,"column":66}},{"start":{"line":1049,"column":69},"end":{"line":1049,"column":78}}],"line":1049},"134":{"loc":{"start":{"line":1055,"column":37},"end":{"line":1056,"column":55}},"type":"binary-expr","locations":[{"start":{"line":1055,"column":37},"end":{"line":1055,"column":75}},{"start":{"line":1056,"column":7},"end":{"line":1056,"column":54}}],"line":1055},"135":{"loc":{"start":{"line":1056,"column":7},"end":{"line":1056,"column":54}},"type":"cond-expr","locations":[{"start":{"line":1056,"column":31},"end":{"line":1056,"column":41}},{"start":{"line":1056,"column":44},"end":{"line":1056,"column":54}}],"line":1056},"136":{"loc":{"start":{"line":1058,"column":4},"end":{"line":1076,"column":5}},"type":"if","locations":[{"start":{"line":1058,"column":4},"end":{"line":1076,"column":5}},{"start":{},"end":{}}],"line":1058},"137":{"loc":{"start":{"line":1063,"column":6},"end":{"line":1075,"column":7}},"type":"if","locations":[{"start":{"line":1063,"column":6},"end":{"line":1075,"column":7}},{"start":{},"end":{}}],"line":1063}},"s":{"0":1,"1":0,"2":1,"3":0,"4":0,"5":0,"6":0,"7":0,"8":0,"9":1,"10":0,"11":0,"12":0,"13":0,"14":0,"15":0,"16":0,"17":1,"18":1,"19":1,"20":0,"21":1,"22":1,"23":1,"24":0,"25":1,"26":1,"27":0,"28":0,"29":0,"30":0,"31":0,"32":0,"33":0,"34":0,"35":0,"36":0,"37":0,"38":0,"39":0,"40":0,"41":0,"42":1,"43":0,"44":0,"45":0,"46":0,"47":0,"48":0,"49":0,"50":0,"51":0,"52":0,"53":0,"54":0,"55":0,"56":0,"57":0,"58":0,"59":0,"60":0,"61":0,"62":0,"63":0,"64":0,"65":0,"66":0,"67":0,"68":0,"69":0,"70":0,"71":0,"72":0,"73":0,"74":0,"75":0,"76":0,"77":0,"78":0,"79":0,"80":0,"81":0,"82":0,"83":0,"84":0,"85":0,"86":0,"87":0,"88":0,"89":0,"90":0,"91":0,"92":0,"93":0,"94":0,"95":0,"96":0,"97":0,"98":0,"99":0,"100":0,"101":0,"102":0,"103":0,"104":0,"105":0,"106":0,"107":0,"108":0,"109":0,"110":0,"111":0,"112":0,"113":0,"114":0,"115":0,"116":0,"117":0,"118":1,"119":0,"120":0,"121":0,"122":0,"123":0,"124":0,"125":0,"126":0,"127":0,"128":0,"129":0,"130":0,"131":0,"132":0,"133":0,"134":0,"135":0,"136":1,"137":0,"138":0,"139":0,"140":0,"141":0,"142":0,"143":1,"144":0,"145":0,"146":0,"147":0,"148":0,"149":0,"150":0,"151":0,"152":0,"153":0,"154":0,"155":0,"156":1,"157":0,"158":0,"159":0,"160":0,"161":0,"162":0,"163":0,"164":0,"165":0,"166":0,"167":0,"168":0,"169":0,"170":0,"171":0,"172":0,"173":0,"174":0,"175":0,"176":0,"177":0,"178":0,"179":0,"180":0,"181":0,"182":0,"183":0,"184":0,"185":0,"186":0,"187":0,"188":0,"189":0,"190":0,"191":0,"192":0,"193":0,"194":0,"195":0,"196":0,"197":0,"198":0,"199":0,"200":0,"201":0,"202":0,"203":0,"204":0,"205":0,"206":0,"207":0,"208":0,"209":0,"210":0,"211":0,"212":0,"213":0,"214":0,"215":0,"216":0,"217":0,"218":0,"219":0,"220":0,"221":0,"222":0,"223":0,"224":0,"225":0,"226":0,"227":0,"228":0,"229":0,"230":0,"231":0,"232":0,"233":0,"234":0,"235":0,"236":0,"237":0,"238":0,"239":0,"240":0,"241":0,"242":0,"243":0,"244":0,"245":0,"246":0,"247":0,"248":0,"249":0,"250":0,"251":0,"252":0,"253":0,"254":0,"255":0,"256":0,"257":0,"258":0,"259":0,"260":0,"261":0,"262":0,"263":0,"264":0,"265":0,"266":0,"267":0,"268":0,"269":0,"270":0,"271":0,"272":0,"273":0,"274":0,"275":0,"276":0,"277":1,"278":0,"279":0,"280":0,"281":0,"282":0,"283":0,"284":0,"285":0,"286":0,"287":0,"288":0,"289":1,"290":1,"291":1,"292":1,"293":1,"294":1,"295":0,"296":0,"297":0,"298":0,"299":1,"300":0,"301":0,"302":0,"303":0,"304":0,"305":0,"306":0,"307":0,"308":0,"309":0,"310":0,"311":0,"312":0,"313":0,"314":0,"315":0,"316":0,"317":0,"318":0,"319":0,"320":0,"321":0,"322":0,"323":0,"324":0,"325":0,"326":0,"327":0},"f":{"0":0,"1":0,"2":0,"3":1,"4":0,"5":0,"6":0,"7":0,"8":0,"9":0,"10":0,"11":0,"12":0,"13":1,"14":0},"b":{"0":[0],"1":[0,0],"2":[0,0],"3":[0,0],"4":[0,1],"5":[0,1],"6":[1,1],"7":[0,0],"8":[0,0],"9":[0,0],"10":[0,0],"11":[0,0],"12":[0,0],"13":[0,0],"14":[0,0],"15":[0,0],"16":[0,0,0,0,0,0],"17":[0,0],"18":[0,0],"19":[0,0],"20":[0,0],"21":[0,0],"22":[0,0],"23":[0,0],"24":[0,0],"25":[0,0],"26":[0,0],"27":[0,0],"28":[0,0],"29":[0,0],"30":[0,0],"31":[0,0],"32":[0,0],"33":[0,0],"34":[0,0],"35":[0,0],"36":[0,0],"37":[0,0],"38":[0,0],"39":[0,0],"40":[0,0],"41":[0,0],"42":[0,0],"43":[0,0],"44":[0,0],"45":[0,0],"46":[0,0],"47":[0,0],"48":[0,0],"49":[0,0],"50":[0,0,0,0],"51":[0,0],"52":[0,0],"53":[0,0],"54":[0,0,0,0],"55":[0,0],"56":[0,0],"57":[0,0],"58":[0,0],"59":[0,0],"60":[0,0],"61":[0,0],"62":[0,0],"63":[0,0],"64":[0,0],"65":[0,0],"66":[0,0],"67":[0,0],"68":[0,0],"69":[0,0],"70":[0,0],"71":[0,0],"72":[0,0],"73":[0,0],"74":[0,0],"75":[0,0],"76":[0,0],"77":[0,0],"78":[0,0],"79":[0,0],"80":[0,0],"81":[0,0],"82":[0,0],"83":[0,0],"84":[0,0],"85":[0,0],"86":[0,0],"87":[0,0],"88":[0,0],"89":[0,0],"90":[0,0],"91":[0,0],"92":[0,0],"93":[0,0],"94":[0,0],"95":[0,0],"96":[0,0],"97":[0,0],"98":[0,0],"99":[0,0],"100":[0,0],"101":[0,0],"102":[0,0],"103":[0,0],"104":[0,0],"105":[0,0],"106":[0,0],"107":[0,0],"108":[0,0],"109":[1,0],"110":[1,0],"111":[0,1],"112":[0,0],"113":[1,0],"114":[0,0],"115":[0,0],"116":[0,0],"117":[0,0],"118":[0,0],"119":[0,0],"120":[0,0],"121":[0,0],"122":[0,0],"123":[0,0],"124":[0,0],"125":[0,0],"126":[0,0],"127":[0,0],"128":[0,0],"129":[0,0],"130":[0,0],"131":[0,0],"132":[0,0],"133":[0,0],"134":[0,0],"135":[0,0],"136":[0,0],"137":[0,0]},"_coverageSchema":"1a1c01bbd47fc00a2c39e90264f33305004495a9","hash":"218013cb17c1b22eee3f892654dc45cc8676f929"}
,"E:\\Office\\porter\\backend\\controllers\\driverController.js": {"path":"E:\\Office\\porter\\backend\\controllers\\driverController.js","statementMap":{"0":{"start":{"line":6,"column":36},"end":{"line":101,"column":1}},"1":{"start":{"line":7,"column":2},"end":{"line":100,"column":3}},"2":{"start":{"line":8,"column":21},"end":{"line":8,"column":34}},"3":{"start":{"line":9,"column":36},"end":{"line":9,"column":44}},"4":{"start":{"line":11,"column":19},"end":{"line":11,"column":50}},"5":{"start":{"line":13,"column":4},"end":{"line":18,"column":5}},"6":{"start":{"line":14,"column":6},"end":{"line":17,"column":9}},"7":{"start":{"line":21,"column":4},"end":{"line":26,"column":5}},"8":{"start":{"line":22,"column":6},"end":{"line":25,"column":9}},"9":{"start":{"line":29,"column":28},"end":{"line":29,"column":44}},"10":{"start":{"line":31,"column":4},"end":{"line":65,"column":5}},"11":{"start":{"line":33,"column":6},"end":{"line":38,"column":7}},"12":{"start":{"line":34,"column":8},"end":{"line":37,"column":11}},"13":{"start":{"line":41,"column":6},"end":{"line":47,"column":7}},"14":{"start":{"line":43,"column":8},"end":{"line":46,"column":11}},"15":{"start":{"line":50,"column":6},"end":{"line":53,"column":8}},"16":{"start":{"line":55,"column":6},"end":{"line":55,"column":29}},"17":{"start":{"line":56,"column":6},"end":{"line":56,"column":32}},"18":{"start":{"line":57,"column":6},"end":{"line":57,"column":39}},"19":{"start":{"line":60,"column":6},"end":{"line":60,"column":30}},"20":{"start":{"line":61,"column":6},"end":{"line":61,"column":33}},"21":{"start":{"line":62,"column":6},"end":{"line":62,"column":33}},"22":{"start":{"line":67,"column":4},"end":{"line":67,"column":35}},"23":{"start":{"line":68,"column":4},"end":{"line":68,"column":24}},"24":{"start":{"line":71,"column":15},"end":{"line":71,"column":32}},"25":{"start":{"line":72,"column":4},"end":{"line":80,"column":5}},"26":{"start":{"line":73,"column":6},"end":{"line":79,"column":9}},"27":{"start":{"line":82,"column":4},"end":{"line":93,"column":7}},"28":{"start":{"line":95,"column":4},"end":{"line":95,"column":59}},"29":{"start":{"line":96,"column":4},"end":{"line":99,"column":7}},"30":{"start":{"line":104,"column":33},"end":{"line":135,"column":1}},"31":{"start":{"line":105,"column":2},"end":{"line":134,"column":3}},"32":{"start":{"line":106,"column":21},"end":{"line":106,"column":34}},"33":{"start":{"line":108,"column":19},"end":{"line":109,"column":75}},"34":{"start":{"line":111,"column":4},"end":{"line":116,"column":5}},"35":{"start":{"line":112,"column":6},"end":{"line":115,"column":9}},"36":{"start":{"line":118,"column":4},"end":{"line":127,"column":7}},"37":{"start":{"line":129,"column":4},"end":{"line":129,"column":56}},"38":{"start":{"line":130,"column":4},"end":{"line":133,"column":7}},"39":{"start":{"line":138,"column":30},"end":{"line":195,"column":1}},"40":{"start":{"line":139,"column":2},"end":{"line":194,"column":3}},"41":{"start":{"line":140,"column":21},"end":{"line":140,"column":34}},"42":{"start":{"line":141,"column":36},"end":{"line":141,"column":44}},"43":{"start":{"line":143,"column":4},"end":{"line":148,"column":5}},"44":{"start":{"line":144,"column":6},"end":{"line":147,"column":9}},"45":{"start":{"line":150,"column":19},"end":{"line":160,"column":56}},"46":{"start":{"line":162,"column":4},"end":{"line":167,"column":5}},"47":{"start":{"line":163,"column":6},"end":{"line":166,"column":9}},"48":{"start":{"line":170,"column":15},"end":{"line":170,"column":32}},"49":{"start":{"line":171,"column":4},"end":{"line":177,"column":5}},"50":{"start":{"line":172,"column":6},"end":{"line":176,"column":9}},"51":{"start":{"line":179,"column":4},"end":{"line":187,"column":7}},"52":{"start":{"line":189,"column":4},"end":{"line":189,"column":53}},"53":{"start":{"line":190,"column":4},"end":{"line":193,"column":7}},"54":{"start":{"line":198,"column":30},"end":{"line":230,"column":1}},"55":{"start":{"line":199,"column":2},"end":{"line":229,"column":3}},"56":{"start":{"line":200,"column":21},"end":{"line":200,"column":34}},"57":{"start":{"line":202,"column":19},"end":{"line":203,"column":83}},"58":{"start":{"line":205,"column":4},"end":{"line":210,"column":5}},"59":{"start":{"line":206,"column":6},"end":{"line":209,"column":9}},"60":{"start":{"line":212,"column":4},"end":{"line":222,"column":7}},"61":{"start":{"line":224,"column":4},"end":{"line":224,"column":53}},"62":{"start":{"line":225,"column":4},"end":{"line":228,"column":7}},"63":{"start":{"line":236,"column":29},"end":{"line":275,"column":1}},"64":{"start":{"line":237,"column":2},"end":{"line":274,"column":3}},"65":{"start":{"line":238,"column":78},"end":{"line":238,"column":87}},"66":{"start":{"line":239,"column":18},"end":{"line":239,"column":20}},"67":{"start":{"line":241,"column":4},"end":{"line":241,"column":57}},"68":{"start":{"line":241,"column":32},"end":{"line":241,"column":57}},"69":{"start":{"line":242,"column":4},"end":{"line":242,"column":53}},"70":{"start":{"line":242,"column":27},"end":{"line":242,"column":53}},"71":{"start":{"line":243,"column":4},"end":{"line":243,"column":51}},"72":{"start":{"line":243,"column":29},"end":{"line":243,"column":51}},"73":{"start":{"line":244,"column":4},"end":{"line":244,"column":53}},"74":{"start":{"line":244,"column":30},"end":{"line":244,"column":53}},"75":{"start":{"line":245,"column":4},"end":{"line":245,"column":53}},"76":{"start":{"line":245,"column":21},"end":{"line":245,"column":53}},"77":{"start":{"line":246,"column":4},"end":{"line":246,"column":74}},"78":{"start":{"line":246,"column":28},"end":{"line":246,"column":74}},"79":{"start":{"line":248,"column":20},"end":{"line":248,"column":43}},"80":{"start":{"line":249,"column":21},"end":{"line":249,"column":46}},"81":{"start":{"line":251,"column":20},"end":{"line":254,"column":30}},"82":{"start":{"line":256,"column":18},"end":{"line":256,"column":52}},"83":{"start":{"line":258,"column":4},"end":{"line":267,"column":7}},"84":{"start":{"line":269,"column":4},"end":{"line":269,"column":52}},"85":{"start":{"line":270,"column":4},"end":{"line":273,"column":7}},"86":{"start":{"line":278,"column":29},"end":{"line":298,"column":1}},"87":{"start":{"line":279,"column":2},"end":{"line":297,"column":3}},"88":{"start":{"line":280,"column":19},"end":{"line":280,"column":55}},"89":{"start":{"line":281,"column":4},"end":{"line":286,"column":5}},"90":{"start":{"line":282,"column":6},"end":{"line":285,"column":9}},"91":{"start":{"line":287,"column":4},"end":{"line":290,"column":7}},"92":{"start":{"line":292,"column":4},"end":{"line":292,"column":52}},"93":{"start":{"line":293,"column":4},"end":{"line":296,"column":7}},"94":{"start":{"line":301,"column":28},"end":{"line":322,"column":1}},"95":{"start":{"line":302,"column":2},"end":{"line":321,"column":3}},"96":{"start":{"line":303,"column":19},"end":{"line":303,"column":39}},"97":{"start":{"line":304,"column":4},"end":{"line":304,"column":24}},"98":{"start":{"line":306,"column":15},"end":{"line":306,"column":32}},"99":{"start":{"line":307,"column":4},"end":{"line":309,"column":5}},"100":{"start":{"line":308,"column":6},"end":{"line":308,"column":40}},"101":{"start":{"line":311,"column":4},"end":{"line":314,"column":7}},"102":{"start":{"line":316,"column":4},"end":{"line":316,"column":51}},"103":{"start":{"line":317,"column":4},"end":{"line":320,"column":7}},"104":{"start":{"line":325,"column":28},"end":{"line":356,"column":1}},"105":{"start":{"line":326,"column":2},"end":{"line":355,"column":3}},"106":{"start":{"line":327,"column":19},"end":{"line":331,"column":5}},"107":{"start":{"line":333,"column":4},"end":{"line":338,"column":5}},"108":{"start":{"line":334,"column":6},"end":{"line":337,"column":9}},"109":{"start":{"line":340,"column":15},"end":{"line":340,"column":32}},"110":{"start":{"line":341,"column":4},"end":{"line":343,"column":5}},"111":{"start":{"line":342,"column":6},"end":{"line":342,"column":40}},"112":{"start":{"line":345,"column":4},"end":{"line":348,"column":7}},"113":{"start":{"line":350,"column":4},"end":{"line":350,"column":51}},"114":{"start":{"line":351,"column":4},"end":{"line":354,"column":7}},"115":{"start":{"line":359,"column":28},"end":{"line":390,"column":1}},"116":{"start":{"line":360,"column":2},"end":{"line":389,"column":3}},"117":{"start":{"line":361,"column":19},"end":{"line":365,"column":5}},"118":{"start":{"line":367,"column":4},"end":{"line":372,"column":5}},"119":{"start":{"line":368,"column":6},"end":{"line":371,"column":9}},"120":{"start":{"line":374,"column":15},"end":{"line":374,"column":32}},"121":{"start":{"line":375,"column":4},"end":{"line":377,"column":5}},"122":{"start":{"line":376,"column":6},"end":{"line":376,"column":55}},"123":{"start":{"line":379,"column":4},"end":{"line":382,"column":7}},"124":{"start":{"line":384,"column":4},"end":{"line":384,"column":51}},"125":{"start":{"line":385,"column":4},"end":{"line":388,"column":7}},"126":{"start":{"line":393,"column":36},"end":{"line":435,"column":1}},"127":{"start":{"line":394,"column":2},"end":{"line":434,"column":3}},"128":{"start":{"line":395,"column":36},"end":{"line":395,"column":44}},"129":{"start":{"line":397,"column":19},"end":{"line":406,"column":5}},"130":{"start":{"line":408,"column":4},"end":{"line":413,"column":5}},"131":{"start":{"line":409,"column":6},"end":{"line":412,"column":9}},"132":{"start":{"line":415,"column":15},"end":{"line":415,"column":32}},"133":{"start":{"line":416,"column":4},"end":{"line":422,"column":5}},"134":{"start":{"line":417,"column":6},"end":{"line":421,"column":9}},"135":{"start":{"line":424,"column":4},"end":{"line":427,"column":7}},"136":{"start":{"line":429,"column":4},"end":{"line":429,"column":59}},"137":{"start":{"line":430,"column":4},"end":{"line":433,"column":7}},"138":{"start":{"line":438,"column":40},"end":{"line":475,"column":1}},"139":{"start":{"line":439,"column":2},"end":{"line":474,"column":3}},"140":{"start":{"line":440,"column":28},"end":{"line":440,"column":36}},"141":{"start":{"line":442,"column":19},"end":{"line":446,"column":5}},"142":{"start":{"line":448,"column":4},"end":{"line":453,"column":5}},"143":{"start":{"line":449,"column":6},"end":{"line":452,"column":9}},"144":{"start":{"line":455,"column":15},"end":{"line":455,"column":32}},"145":{"start":{"line":456,"column":4},"end":{"line":462,"column":5}},"146":{"start":{"line":457,"column":6},"end":{"line":461,"column":9}},"147":{"start":{"line":464,"column":4},"end":{"line":467,"column":7}},"148":{"start":{"line":469,"column":4},"end":{"line":469,"column":63}},"149":{"start":{"line":470,"column":4},"end":{"line":473,"column":7}},"150":{"start":{"line":478,"column":35},"end":{"line":522,"column":1}},"151":{"start":{"line":479,"column":2},"end":{"line":521,"column":3}},"152":{"start":{"line":480,"column":64},"end":{"line":480,"column":73}},"153":{"start":{"line":482,"column":18},"end":{"line":488,"column":5}},"154":{"start":{"line":490,"column":4},"end":{"line":490,"column":53}},"155":{"start":{"line":490,"column":21},"end":{"line":490,"column":53}},"156":{"start":{"line":494,"column":4},"end":{"line":509,"column":5}},"157":{"start":{"line":495,"column":6},"end":{"line":506,"column":24}},"158":{"start":{"line":508,"column":6},"end":{"line":508,"column":56}},"159":{"start":{"line":511,"column":4},"end":{"line":514,"column":7}},"160":{"start":{"line":516,"column":4},"end":{"line":516,"column":58}},"161":{"start":{"line":517,"column":4},"end":{"line":520,"column":7}},"162":{"start":{"line":525,"column":37},"end":{"line":567,"column":1}},"163":{"start":{"line":526,"column":2},"end":{"line":566,"column":3}},"164":{"start":{"line":527,"column":21},"end":{"line":527,"column":34}},"165":{"start":{"line":528,"column":26},"end":{"line":528,"column":34}},"166":{"start":{"line":530,"column":19},"end":{"line":538,"column":5}},"167":{"start":{"line":540,"column":4},"end":{"line":545,"column":5}},"168":{"start":{"line":541,"column":6},"end":{"line":544,"column":9}},"169":{"start":{"line":547,"column":15},"end":{"line":547,"column":32}},"170":{"start":{"line":548,"column":4},"end":{"line":553,"column":5}},"171":{"start":{"line":549,"column":6},"end":{"line":552,"column":9}},"172":{"start":{"line":555,"column":4},"end":{"line":559,"column":7}},"173":{"start":{"line":561,"column":4},"end":{"line":561,"column":60}},"174":{"start":{"line":562,"column":4},"end":{"line":565,"column":7}},"175":{"start":{"line":570,"column":28},"end":{"line":610,"column":1}},"176":{"start":{"line":571,"column":2},"end":{"line":609,"column":3}},"177":{"start":{"line":572,"column":19},"end":{"line":581,"column":5}},"178":{"start":{"line":583,"column":4},"end":{"line":588,"column":5}},"179":{"start":{"line":584,"column":6},"end":{"line":587,"column":9}},"180":{"start":{"line":590,"column":15},"end":{"line":590,"column":32}},"181":{"start":{"line":591,"column":4},"end":{"line":596,"column":5}},"182":{"start":{"line":592,"column":6},"end":{"line":595,"column":9}},"183":{"start":{"line":598,"column":4},"end":{"line":602,"column":7}},"184":{"start":{"line":604,"column":4},"end":{"line":604,"column":51}},"185":{"start":{"line":605,"column":4},"end":{"line":608,"column":7}},"186":{"start":{"line":613,"column":28},"end":{"line":656,"column":1}},"187":{"start":{"line":614,"column":2},"end":{"line":655,"column":3}},"188":{"start":{"line":615,"column":23},"end":{"line":615,"column":31}},"189":{"start":{"line":617,"column":19},"end":{"line":626,"column":5}},"190":{"start":{"line":628,"column":4},"end":{"line":633,"column":5}},"191":{"start":{"line":629,"column":6},"end":{"line":632,"column":9}},"192":{"start":{"line":635,"column":15},"end":{"line":635,"column":32}},"193":{"start":{"line":636,"column":4},"end":{"line":642,"column":5}},"194":{"start":{"line":637,"column":6},"end":{"line":641,"column":9}},"195":{"start":{"line":644,"column":4},"end":{"line":648,"column":7}},"196":{"start":{"line":650,"column":4},"end":{"line":650,"column":51}},"197":{"start":{"line":651,"column":4},"end":{"line":654,"column":7}},"198":{"start":{"line":659,"column":39},"end":{"line":693,"column":1}},"199":{"start":{"line":660,"column":2},"end":{"line":692,"column":3}},"2
[...]
ne":360,"column":2},"end":{"line":360,"column":37}},"60":{"start":{"line":360,"column":19},"end":{"line":360,"column":37}},"61":{"start":{"line":362,"column":2},"end":{"line":362,"column":33}},"62":{"start":{"line":365,"column":26},"end":{"line":365,"column":86}}},"fnMap":{"0":{"name":"(anonymous_0)","decl":{"start":{"line":24,"column":13},"end":{"line":24,"column":14}},"loc":{"start":{"line":24,"column":20},"end":{"line":24,"column":41}},"line":24},"1":{"name":"(anonymous_1)","decl":{"start":{"line":42,"column":13},"end":{"line":42,"column":14}},"loc":{"start":{"line":42,"column":20},"end":{"line":42,"column":41}},"line":42},"2":{"name":"(anonymous_2)","decl":{"start":{"line":54,"column":13},"end":{"line":54,"column":14}},"loc":{"start":{"line":54,"column":20},"end":{"line":54,"column":41}},"line":54},"3":{"name":"(anonymous_3)","decl":{"start":{"line":65,"column":13},"end":{"line":65,"column":14}},"loc":{"start":{"line":65,"column":20},"end":{"line":65,"column":41}},"line":65},"4":{"name":"(anonymous_4)","decl":{"start":{"line":77,"column":13},"end":{"line":77,"column":14}},"loc":{"start":{"line":77,"column":20},"end":{"line":77,"column":41}},"line":77},"5":{"name":"(anonymous_5)","decl":{"start":{"line":206,"column":19},"end":{"line":206,"column":20}},"loc":{"start":{"line":206,"column":26},"end":{"line":206,"column":47}},"line":206},"6":{"name":"(anonymous_6)","decl":{"start":{"line":234,"column":15},"end":{"line":234,"column":16}},"loc":{"start":{"line":234,"column":22},"end":{"line":234,"column":43}},"line":234},"7":{"name":"(anonymous_7)","decl":{"start":{"line":249,"column":36},"end":{"line":249,"column":37}},"loc":{"start":{"line":249,"column":51},"end":{"line":297,"column":1}},"line":249},"8":{"name":"(anonymous_8)","decl":{"start":{"line":300,"column":57},"end":{"line":300,"column":58}},"loc":{"start":{"line":300,"column":68},"end":{"line":363,"column":1}},"line":300}},"branchMap":{"0":{"loc":{"start":{"line":260,"column":4},"end":{"line":286,"column":5}},"type":"if","locations":[{"start":{"line":260,"column":4},"end":{"line":286,"column":5}},{"start":{},"end":{}}],"line":260},"1":{"loc":{"start":{"line":262,"column":6},"end":{"line":285,"column":7}},"type":"if","locations":[{"start":{"line":262,"column":6},"end":{"line":285,"column":7}},{"start":{"line":278,"column":13},"end":{"line":285,"column":7}}],"line":262},"2":{"loc":{"start":{"line":263,"column":8},"end":{"line":267,"column":9}},"type":"if","locations":[{"start":{"line":263,"column":8},"end":{"line":267,"column":9}},{"start":{},"end":{}}],"line":263},"3":{"loc":{"start":{"line":263,"column":12},"end":{"line":263,"column":67}},"type":"binary-expr","locations":[{"start":{"line":263,"column":12},"end":{"line":263,"column":31}},{"start":{"line":263,"column":35},"end":{"line":263,"column":67}}],"line":263},"4":{"loc":{"start":{"line":264,"column":10},"end":{"line":266,"column":11}},"type":"if","locations":[{"start":{"line":264,"column":10},"end":{"line":266,"column":11}},{"start":{},"end":{}}],"line":264},"5":{"loc":{"start":{"line":268,"column":8},"end":{"line":272,"column":9}},"type":"if","locations":[{"start":{"line":268,"column":8},"end":{"line":272,"column":9}},{"start":{},"end":{}}],"line":268},"6":{"loc":{"start":{"line":268,"column":12},"end":{"line":268,"column":65}},"type":"binary-expr","locations":[{"start":{"line":268,"column":12},"end":{"line":268,"column":30}},{"start":{"line":268,"column":34},"end":{"line":268,"column":65}}],"line":268},"7":{"loc":{"start":{"line":269,"column":10},"end":{"line":271,"column":11}},"type":"if","locations":[{"start":{"line":269,"column":10},"end":{"line":271,"column":11}},{"start":{},"end":{}}],"line":269},"8":{"loc":{"start":{"line":273,"column":8},"end":{"line":277,"column":9}},"type":"if","locations":[{"start":{"line":273,"column":8},"end":{"line":277,"column":9}},{"start":{},"end":{}}],"line":273},"9":{"loc":{"start":{"line":274,"column":10},"end":{"line":276,"column":11}},"type":"if","locations":[{"start":{"line":274,"column":10},"end":{"line":276,"column":11}},{"start":{},"end":{}}],"line":274},"10":{"loc":{"start":{"line":280,"column":8},"end":{"line":284,"column":9}},"type":"if","locations":[{"start":{"line":280,"column":8},"end":{"line":284,"column":9}},{"start":{},"end":{}}],"line":280},"11":{"loc":{"start":{"line":281,"column":10},"end":{"line":283,"column":11}},"type":"if","locations":[{"start":{"line":281,"column":10},"end":{"line":283,"column":11}},{"start":{},"end":{}}],"line":281},"12":{"loc":{"start":{"line":290,"column":2},"end":{"line":294,"column":3}},"type":"if","locations":[{"start":{"line":290,"column":2},"end":{"line":294,"column":3}},{"start":{},"end":{}}],"line":290},"13":{"loc":{"start":{"line":290,"column":6},"end":{"line":290,"column":55}},"type":"binary-expr","locations":[{"start":{"line":290,"column":6},"end":{"line":290,"column":22}},{"start":{"line":290,"column":26},"end":{"line":290,"column":55}}],"line":290},"14":{"loc":{"start":{"line":291,"column":4},"end":{"line":293,"column":5}},"type":"if","locations":[{"start":{"line":291,"column":4},"end":{"line":293,"column":5}},{"start":{},"end":{}}],"line":291},"15":{"loc":{"start":{"line":302,"column":31},"end":{"line":303,"column":59}},"type":"binary-expr","locations":[{"start":{"line":302,"column":31},"end":{"line":302,"column":49}},{"start":{"line":303,"column":5},"end":{"line":303,"column":58}}],"line":302},"16":{"loc":{"start":{"line":306,"column":30},"end":{"line":307,"column":63}},"type":"binary-expr","locations":[{"start":{"line":306,"column":30},"end":{"line":306,"column":53}},{"start":{"line":307,"column":5},"end":{"line":307,"column":62}}],"line":306},"17":{"loc":{"start":{"line":308,"column":29},"end":{"line":309,"column":62}},"type":"binary-expr","locations":[{"start":{"line":308,"column":29},"end":{"line":308,"column":51}},{"start":{"line":309,"column":5},"end":{"line":309,"column":61}}],"line":308},"18":{"loc":{"start":{"line":310,"column":25},"end":{"line":310,"column":66}},"type":"binary-expr","locations":[{"start":{"line":310,"column":25},"end":{"line":310,"column":44}},{"start":{"line":310,"column":48},"end":{"line":310,"column":66}}],"line":310},"19":{"loc":{"start":{"line":313,"column":22},"end":{"line":314,"column":54}},"type":"binary-expr","locations":[{"start":{"line":313,"column":22},"end":{"line":313,"column":35}},{"start":{"line":314,"column":5},"end":{"line":314,"column":53}}],"line":313},"20":{"loc":{"start":{"line":317,"column":26},"end":{"line":318,"column":61}},"type":"binary-expr","locations":[{"start":{"line":317,"column":26},"end":{"line":317,"column":46}},{"start":{"line":318,"column":5},"end":{"line":318,"column":60}}],"line":317},"21":{"loc":{"start":{"line":321,"column":21},"end":{"line":322,"column":56}},"type":"binary-expr","locations":[{"start":{"line":321,"column":21},"end":{"line":321,"column":36}},{"start":{"line":322,"column":5},"end":{"line":322,"column":55}}],"line":321},"22":{"loc":{"start":{"line":325,"column":31},"end":{"line":326,"column":59}},"type":"binary-expr","locations":[{"start":{"line":325,"column":31},"end":{"line":325,"column":49}},{"start":{"line":326,"column":5},"end":{"line":326,"column":58}}],"line":325},"23":{"loc":{"start":{"line":329,"column":23},"end":{"line":330,"column":58}},"type":"binary-expr","locations":[{"start":{"line":329,"column":23},"end":{"line":329,"column":40}},{"start":{"line":330,"column":5},"end":{"line":330,"column":57}}],"line":329},"24":{"loc":{"start":{"line":334,"column":4},"end":{"line":341,"column":59}},"type":"binary-expr","locations":[{"start":{"line":334,"column":5},"end":{"line":334,"column":59}},{"start":{"line":335,"column":5},"end":{"line":335,"column":64}},{"start":{"line":336,"column":5},"end":{"line":336,"column":63}},{"start":{"line":337,"column":5},"end":{"line":337,"column":54}},{"start":{"line":338,"column":5},"end":{"line":338,"column":61}},{"start":{"line":339,"column":5},"end":{"line":339,"column":56}},{"start":{"line":340,"column":5},"end":{"line":340,"column":59}},{"start":{"line":341,"column":5},"end":{"line":341,"column":58}}],"line":334},"25":{"loc":{"start":{"line":345,"column":4},"end":{"line":352,"column":58}},"type":"binary-expr","locations":[{"start":{"line":345,"column":5},"end":{"line":345,"column":58}},{"start":{"line":346,"column":5},"end":{"line":346,"column":63}},{"start":{"line":347,"column":5},"end":{"line":347,"column":62}},{"start":{"line":348,"column":5},"end":{"line":348,"column":53}},{"start":{"line":349,"column":5},"end":{"line":349,"column":60}},{"start":{"line":350,"column":5},"end":{"line":350,"column":55}},{"start":{"line":351,"column":5},"end":{"line":351,"column":58}},{"start":{"line":352,"column":5},"end":{"line":352,"column":57}}],"line":345},"26":{"loc":{"start":{"line":355,"column":22},"end":{"line":356,"column":91}},"type":"binary-expr","locations":[{"start":{"line":355,"column":22},"end":{"line":355,"column":42}},{"start":{"line":355,"column":46},"end":{"line":355,"column":60}},{"start":{"line":355,"column":64},"end":{"line":355,"column":75}},{"start":{"line":356,"column":22},"end":{"line":356,"column":37}},{"start":{"line":356,"column":41},"end":{"line":356,"column":51}},{"start":{"line":356,"column":55},"end":{"line":356,"column":75}},{"start":{"line":356,"column":79},"end":{"line":356,"column":91}}],"line":355},"27":{"loc":{"start":{"line":358,"column":2},"end":{"line":358,"column":47}},"type":"if","locations":[{"start":{"line":358,"column":2},"end":{"line":358,"column":47}},{"start":{},"end":{}}],"line":358},"28":{"loc":{"start":{"line":359,"column":2},"end":{"line":359,"column":40}},"type":"if","locations":[{"start":{"line":359,"column":2},"end":{"line":359,"column":40}},{"start":{},"end":{}}],"line":359},"29":{"loc":{"start":{"line":360,"column":2},"end":{"line":360,"column":37}},"type":"if","locations":[{"start":{"line":360,"column":2},"end":{"line":360,"column":37}},{"start":{},"end":{}}],"line":360}},"s":{"0":2,"1":2,"2":0,"3":2,"4":0,"5":2,"6":0,"7":2,"8":0,"9":2,"10":0,"11":2,"12":2,"13":0,"14":0,"15":2,"16":2,"17":2,"18":2,"19":2,"20":2,"21":2,"22":0,"23":0,"24":0,"25":0,"26":0,"27":0,"28":0,"29":0,"30":0,"31":0,"32":0,"33":0,"34":0,"35":0,"36":0,"37":0,"38":0,"39":0,"40":0,"41":0,"42":2,"43":0,"44":0,"45":0,"46":0,"47":0,"48":0,"49":0,"50":0,"51":0,"52":0,"53":0,"54":0,"55":0,"56":0,"57":0,"58":0,"59":0,"60":0,"61":0,"62":2},"f":{"0":0,"1":0,"2":0,"3":0,"4":0,"5":0,"6":0,"7":0,"8":0},"b":{"0":[0,0],"1":[0,0],"2":[0,0],"3":[0,0],"4":[0,0],"5":[0,0],"6":[0,0],"7":[0,0],"8":[0,0],"9":[0,0],"10":[0,0],"11":[0,0],"12":[0,0],"13":[0,0],"14":[0,0],"15":[0,0],"16":[0,0],"17":[0,0],"18":[0,0],"19":[0,0],"20":[0,0],"21":[0,0],"22":[0,0],"23":[0,0],"24":[0,0,0,0,0,0,0,0],"25":[0,0,0,0,0,0,0,0],"26":[0,0,0,0,0,0,0],"27":[0,0],"28":[0,0],"29":[0,0]},"_coverageSchema":"1a1c01bbd47fc00a2c39e90264f33305004495a9","hash":"c2c14517dee78e2065b4669ee293e9906197a7f8"}
,"E:\\Office\\porter\\backend\\models\\OTP.js": {"path":"E:\\Office\\porter\\backend\\models\\OTP.js","statementMap":{"0":{"start":{"line":3,"column":18},"end":{"line":26,"column":2}},"1":{"start":{"line":28,"column":0},"end":{"line":28,"column":31}}},"fnMap":{},"branchMap":{},"s":{"0":1,"1":1},"f":{},"b":{},"_coverageSchema":"1a1c01bbd47fc00a2c39e90264f33305004495a9","hash":"83769371b9f4031291ff2ed622226df7b7172311"}
,"E:\\Office\\porter\\backend\\routes\\driverAuthRoutes.js": {"path":"E:\\Office\\porter\\backend\\routes\\driverAuthRoutes.js","statementMap":{"0":{"start":{"line":29,"column":15},"end":{"line":29,"column":31}},"1":{"start":{"line":35,"column":0},"end":{"line":35,"column":34}},"2":{"start":{"line":36,"column":0},"end":{"line":36,"column":38}},"3":{"start":{"line":39,"column":0},"end":{"line":39,"column":51}},"4":{"start":{"line":42,"column":0},"end":{"line":42,"column":35}},"5":{"start":{"line":48,"column":0},"end":{"line":62,"column":2}},"6":{"start":{"line":69,"column":0},"end":{"line":69,"column":59}},"7":{"start":{"line":70,"column":0},"end":{"line":70,"column":66}},"8":{"start":{"line":73,"column":0},"end":{"line":73,"column":63}},"9":{"start":{"line":76,"column":0},"end":{"line":76,"column":74}},"10":{"start":{"line":77,"column":0},"end":{"line":77,"column":70}},"11":{"start":{"line":80,"column":0},"end":{"line":80,"column":63}},"12":{"start":{"line":83,"column":0},"end":{"line":83,"column":59}},"13":{"start":{"line":92,"column":0},"end":{"line":92,"column":52}},"14":{"start":{"line":93,"column":0},"end":{"line":93,"column":89}},"15":{"start":{"line":94,"column":0},"end":{"line":94,"column":85}},"16":{"start":{"line":95,"column":0},"end":{"line":95,"column":96}},"17":{"start":{"line":101,"column":0},"end":{"line":101,"column":59}}},"fnMap":{},"branchMap":{},"s":{"0":1,"1":1,"2":1,"3":1,"4":1,"5":1,"6":1,"7":1,"8":1,"9":1,"10":1,"11":1,"12":1,"13":1,"14":1,"15":1,"16":1,"17":1},"f":{},"b":{},"_coverageSchema":"1a1c01bbd47fc00a2c39e90264f33305004495a9","hash":"923289e7ec980825ec5e2497dc432616a9d04d3e"}
,"E:\\Office\\porter\\backend\\routes\\rideRoutes.js": {"path":"E:\\Office\\porter\\backend\\routes\\rideRoutes.js","statementMap":{"0":{"start":{"line":33,"column":27},"end":{"line":73,"column":1}},"1":{"start":{"line":34,"column":2},"end":{"line":72,"column":3}},"2":{"start":{"line":35,"column":53},"end":{"line":35,"column":62}},"3":{"start":{"line":36,"column":18},"end":{"line":36,"column":20}},"4":{"start":{"line":37,"column":4},"end":{"line":37,"column":38}},"5":{"start":{"line":37,"column":16},"end":{"line":37,"column":38}},"6":{"start":{"line":39,"column":4},"end":{"line":47,"column":5}},"7":{"start":{"line":40,"column":6},"end":{"line":46,"column":8}},"8":{"start":{"line":49,"column":18},"end":{"line":52,"column":29}},"9":{"start":{"line":54,"column":18},"end":{"line":54,"column":50}},"10":{"start":{"line":56,"column":4},"end":{"line":65,"column":7}},"11":{"start":{"line":67,"column":4},"end":{"line":67,"column":49}},"12":{"start":{"line":68,"column":4},"end":{"line":71,"column":7}},"13":{"start":{"line":75,"column":15},"end":{"line":75,"column":31}},"14":{"start":{"line":78,"column":0},"end":{"line":78,"column":48}},"15":{"start":{"line":79,"column":0},"end":{"line":79,"column":52}},"16":{"start":{"line":82,"column":0},"end":{"line":82,"column":61}},"17":{"start":{"line":83,"column":0},"end":{"line":83,"column":71}},"18":{"start":{"line":84,"column":0},"end":{"line":84,"column":69}},"19":{"start":{"line":85,"column":0},"end":{"line":85,"column":64}},"20":{"start":{"line":86,"column":0},"end":{"line":86,"column":72}},"21":{"start":{"line":89,"column":0},"end":{"line":89,"column":93}},"22":{"start":{"line":91,"column":0},"end":{"line":91,"column":93}},"23":{"start":{"line":92,"column":0},"end":{"line":92,"column":74}},"24":{"start":{"line":95,"column":0},"end":{"line":95,"column":79}},"25":{"start":{"line":97,"column":0},"end":{"line":97,"column":87}},"26":{"start":{"line":99,"column":0},"end":{"line":99,"column":76}},"27":{"start":{"line":100,"column":0},"end":{"line":100,"column":57}},"28":{"start":{"line":101,"column":0},"end":{"line":101,"column":57}},"29":{"start":{"line":102,"column":0},"end":{"line":102,"column":61}},"30":{"start":{"line":103,"column":0},"end":{"line":103,"column":55}},"31":{"start":{"line":104,"column":0},"end":{"line":104,"column":61}},"32":{"start":{"line":105,"column":0},"end":{"line":105,"column":67}},"33":{"start":{"line":106,"column":0},"end":{"line":106,"column":74}},"34":{"start":{"line":107,"column":0},"end":{"line":107,"column":74}},"35":{"start":{"line":110,"column":0},"end":{"line":110,"column":79}},"36":{"start":{"line":111,"column":0},"end":{"line":111,"column":45}}},"fnMap":{"0":{"name":"(anonymous_0)","decl":{"start":{"line":33,"column":27},"end":{"line":33,"column":28}},"loc":{"start":{"line":33,"column":47},"end":{"line":73,"column":1}},"line":33}},"branchMap":{"0":{"loc":{"start":{"line":35,"column":12},"end":{"line":35,"column":20}},"type":"default-arg","locations":[{"start":{"line":35,"column":19},"end":{"line":35,"column":20}}],"line":35},"1":{"loc":{"start":{"line":35,"column":22},"end":{"line":35,"column":32}},"type":"default-arg","locations":[{"start":{"line":35,"column":30},"end":{"line":35,"column":32}}],"line":35},"2":{"loc":{"start":{"line":37,"column":4},"end":{"line":37,"column":38}},"type":"if","locations":[{"start":{"line":37,"column":4},"end":{"line":37,"column":38}},{"start":{},"end":{}}],"line":37},"3":{"loc":{"start":{"line":39,"column":4},"end":{"line":47,"column":5}},"type":"if","locations":[{"start":{"line":39,"column":4},"end":{"line":47,"column":5}},{"start":{},"end":{}}],"line":39},"4":{"loc":{"start":{"line":70,"column":15},"end":{"line":70,"column":53}},"type":"binary-expr","locations":[{"start":{"line":70,"column":15},"end":{"line":70,"column":28}},{"start":{"line":70,"column":32},"end":{"line":70,"column":53}}],"line":70}},"s":{"0":2,"1":0,"2":0,"3":0,"4":0,"5":0,"6":0,"7":0,"8":0,"9":0,"10":0,"11":0,"12":0,"13":2,"14":2,"15":2,"16":2,"17":2,"18":2,"19":2,"20":2,"21":2,"22":2,"23":2,"24":2,"25":2,"26":2,"27":2,"28":2,"29":2,"30":2,"31":2,"32":2,"33":2,"34":2,"35":2,"36":2},"f":{"0":0},"b":{"0":[0],"1":[0],"2":[0,0],"3":[0,0],"4":[0,0]},"_coverageSchema":"1a1c01bbd47fc00a2c39e90264f33305004495a9","hash":"68e2daf8f94784dfdfa6948c44bf8e8e4d85771b"}
,"E:\\Office\\porter\\backend\\utils\\smsService.js": {"path":"E:\\Office\\porter\\backend\\utils\\smsService.js","statementMap":{"0":{"start":{"line":3,"column":19},"end":{"line":9,"column":1}},"1":{"start":{"line":11,"column":27},"end":{"line":13,"column":1}},"2":{"start":{"line":12,"column":2},"end":{"line":12,"column":64}},"3":{"start":{"line":15,"column":26},"end":{"line":51,"column":1}},"4":{"start":{"line":16,"column":2},"end":{"line":50,"column":3}},"5":{"start":{"line":17,"column":53},"end":{"line":17,"column":63}},"6":{"start":{"line":19,"column":20},"end":{"line":19,"column":144}},"7":{"start":{"line":22,"column":16},"end":{"line":22,"column":83}},"8":{"start":{"line":23,"column":19},"end":{"line":34,"column":5}},"9":{"start":{"line":36,"column":21},"end":{"line":36,"column":53}},"10":{"start":{"line":38,"column":4},"end":{"line":38,"column":45}},"11":{"start":{"line":39,"column":4},"end":{"line":39,"column":51}},"12":{"start":{"line":42,"column":4},"end":{"line":46,"column":5}},"13":{"start":{"line":43,"column":6},"end":{"line":43,"column":37}},"14":{"start":{"line":45,"column":6},"end":{"line":45,"column":83}},"15":{"start":{"line":48,"column":4},"end":{"line":48,"column":67}},"16":{"start":{"line":49,"column":4},"end":{"line":49,"column":50}}},"fnMap":{"0":{"name":"(anonymous_0)","decl":{"start":{"line":11,"column":27},"end":{"line":11,"column":28}},"loc":{"start":{"line":11,"column":33},"end":{"line":13,"column":1}},"line":11},"1":{"name":"(anonymous_1)","decl":{"start":{"line":15,"column":26},"end":{"line":15,"column":27}},"loc":{"start":{"line":15,"column":49},"end":{"line":51,"column":1}},"line":15}},"branchMap":{"0":{"loc":{"start":{"line":42,"column":4},"end":{"line":46,"column":5}},"type":"if","locations":[{"start":{"line":42,"column":4},"end":{"line":46,"column":5}},{"start":{"line":44,"column":11},"end":{"line":46,"column":5}}],"line":42},"1":{"loc":{"start":{"line":42,"column":8},"end":{"line":42,"column":62}},"type":"binary-expr","locations":[{"start":{"line":42,"column":8},"end":{"line":42,"column":33}},{"start":{"line":42,"column":37},"end":{"line":42,"column":62}}],"line":42},"2":{"loc":{"start":{"line":45,"column":38},"end":{"line":45,"column":80}},"type":"binary-expr","locations":[{"start":{"line":45,"column":38},"end":{"line":45,"column":48}},{"start":{"line":45,"column":52},"end":{"line":45,"column":64}},{"start":{"line":45,"column":68},"end":{"line":45,"column":80}}],"line":45}},"s":{"0":1,"1":1,"2":0,"3":1,"4":0,"5":0,"6":0,"7":0,"8":0,"9":0,"10":0,"11":0,"12":0,"13":0,"14":0,"15":0,"16":0},"f":{"0":0,"1":0},"b":{"0":[0,0],"1":[0,0],"2":[0,0,0]},"_coverageSchema":"1a1c01bbd47fc00a2c39e90264f33305004495a9","hash":"fb121a850855fcb585f8cd4aa6db5b2752d28dc9"}
}
