TN:
SF:config\cloudinary.js
FN:13,(anonymous_0)
FN:15,(anonymous_1)
FN:23,(anonymous_2)
FN:44,(anonymous_3)
FNF:4
FNH:0
FNDA:0,(anonymous_0)
FNDA:0,(anonymous_1)
FNDA:0,(anonymous_2)
FNDA:0,(anonymous_3)
DA:4,1
DA:6,1
DA:13,1
DA:14,0
DA:15,0
DA:16,0
DA:24,0
DA:25,0
DA:27,0
DA:37,0
DA:40,0
DA:44,1
DA:45,0
DA:46,0
DA:47,0
DA:49,0
LF:16
LH:4
BRDA:13,0,0,0
BRDA:24,1,0,0
BRDA:24,1,1,0
BRF:3
BRH:0
end_of_record
TN:
SF:controllers\driverAuthController.js
FN:11,(anonymous_0)
FN:25,(anonymous_1)
FN:38,(anonymous_2)
FN:60,(anonymous_3)
FN:76,(anonymous_4)
FN:106,(anonymous_5)
FN:113,(anonymous_6)
FN:176,(anonymous_7)
FN:455,(anonymous_8)
FN:571,(anonymous_9)
FN:599,(anonymous_10)
FN:636,(anonymous_11)
FN:739,(anonymous_12)
FN:799,(anonymous_13)
FN:1038,(anonymous_14)
FN:1130,(anonymous_15)
FN:1157,(anonymous_16)
FN:1235,(anonymous_17)
FNF:18
FNH:2
FNDA:0,(anonymous_0)
FNDA:0,(anonymous_1)
FNDA:0,(anonymous_2)
FNDA:1,(anonymous_3)
FNDA:0,(anonymous_4)
FNDA:0,(anonymous_5)
FNDA:0,(anonymous_6)
FNDA:0,(anonymous_7)
FNDA:0,(anonymous_8)
FNDA:0,(anonymous_9)
FNDA:0,(anonymous_10)
FNDA:0,(anonymous_11)
FNDA:0,(anonymous_12)
FNDA:0,(anonymous_13)
FNDA:0,(anonymous_14)
FNDA:1,(anonymous_15)
FNDA:0,(anonymous_16)
FNDA:0,(anonymous_17)
DA:11,1
DA:12,0
DA:25,1
DA:26,0
DA:27,0
DA:28,0
DA:29,0
DA:31,0
DA:33,0
DA:38,1
DA:39,0
DA:40,0
DA:42,0
DA:43,0
DA:49,0
DA:50,0
DA:56,0
DA:60,1
DA:61,1
DA:62,1
DA:63,0
DA:65,1
DA:67,1
DA:68,1
DA:69,0
DA:72,1
DA:76,1
DA:77,0
DA:78,0
DA:79,0
DA:80,0
DA:81,0
DA:83,0
DA:99,0
DA:101,0
DA:106,1
DA:107,0
DA:108,0
DA:109,0
DA:113,1
DA:114,0
DA:115,0
DA:117,0
DA:118,0
DA:124,0
DA:126,0
DA:127,0
DA:128,0
DA:129,0
DA:136,0
DA:138,0
DA:141,0
DA:142,0
DA:143,0
DA:147,0
DA:149,0
DA:150,0
DA:154,0
DA:155,0
DA:158,0
DA:167,0
DA:168,0
DA:176,1
DA:177,0
DA:178,0
DA:180,0
DA:181,0
DA:187,0
DA:188,0
DA:192,0
DA:193,0
DA:195,0
DA:196,0
DA:202,0
DA:203,0
DA:204,0
DA:210,0
DA:211,0
DA:212,0
DA:213,0
DA:220,0
DA:221,0
DA:225,0
DA:227,0
DA:228,0
DA:238,0
DA:241,0
DA:242,0
DA:243,0
DA:244,0
DA:245,0
DA:246,0
DA:247,0
DA:249,0
DA:250,0
DA:251,0
DA:254,0
DA:257,0
DA:258,0
DA:259,0
DA:262,0
DA:263,0
DA:264,0
DA:265,0
DA:266,0
DA:268,0
DA:285,0
DA:288,0
DA:289,0
DA:290,0
DA:294,0
DA:295,0
DA:296,0
DA:301,0
DA:302,0
DA:303,0
DA:306,0
DA:317,0
DA:321,0
DA:322,0
DA:323,0
DA:326,0
DA:336,0
DA:340,0
DA:341,0
DA:342,0
DA:345,0
DA:356,0
DA:360,0
DA:361,0
DA:362,0
DA:364,0
DA:377,0
DA:378,0
DA:379,0
DA:380,0
DA:381,0
DA:384,0
DA:397,0
DA:398,0
DA:399,0
DA:400,0
DA:404,0
DA:415,0
DA:416,0
DA:420,0
DA:421,0
DA:425,0
DA:426,0
DA:436,0
DA:439,0
DA:446,0
DA:447,0
DA:455,1
DA:456,0
DA:457,0
DA:459,0
DA:460,0
DA:466,0
DA:467,0
DA:469,0
DA:474,0
DA:475,0
DA:485,0
DA:488,0
DA:489,0
DA:495,0
DA:497,0
DA:498,0
DA:499,0
DA:500,0
DA:502,0
DA:519,0
DA:521,0
DA:522,0
DA:523,0
DA:525,0
DA:528,0
DA:529,0
DA:530,0
DA:531,0
DA:534,0
DA:536,0
DA:562,0
DA:563,0
DA:571,1
DA:572,0
DA:573,0
DA:575,0
DA:582,0
DA:590,0
DA:591,0
DA:599,1
DA:600,0
DA:601,0
DA:602,0
DA:604,0
DA:605,0
DA:606,0
DA:612,0
DA:613,0
DA:615,0
DA:617,0
DA:625,0
DA:626,0
DA:636,1
DA:637,0
DA:638,0
DA:640,0
DA:641,0
DA:647,0
DA:648,0
DA:650,0
DA:651,0
DA:652,0
DA:654,0
DA:656,0
DA:657,0
DA:686,0
DA:689,0
DA:690,0
DA:696,0
DA:697,0
DA:703,0
DA:704,0
DA:705,0
DA:711,0
DA:712,0
DA:718,0
DA:719,0
DA:720,0
DA:722,0
DA:728,0
DA:738,0
DA:739,0
DA:741,0
DA:742,0
DA:748,0
DA:749,0
DA:750,0
DA:751,0
DA:752,0
DA:753,0
DA:754,0
DA:755,0
DA:756,0
DA:757,0
DA:758,0
DA:759,0
DA:761,0
DA:762,0
DA:772,0
DA:774,0
DA:797,0
DA:799,0
DA:800,0
DA:802,0
DA:803,0
DA:804,0
DA:805,0
DA:808,0
DA:810,0
DA:818,0
DA:819,0
DA:820,0
DA:823,0
DA:824,0
DA:825,0
DA:826,0
DA:828,0
DA:831,0
DA:832,0
DA:833,0
DA:834,0
DA:836,0
DA:839,0
DA:840,0
DA:843,0
DA:844,0
DA:847,0
DA:848,0
DA:849,0
DA:856,0
DA:857,0
DA:858,0
DA:864,0
DA:865,0
DA:869,0
DA:870,0
DA:872,0
DA:873,0
DA:878,0
DA:879,0
DA:885,0
DA:886,0
DA:887,0
DA:890,0
DA:904,0
DA:912,0
DA:918,0
DA:919,0
DA:920,0
DA:921,0
DA:922,0
DA:923,0
DA:925,0
DA:928,0
DA:929,0
DA:932,0
DA:934,0
DA:935,0
DA:936,0
DA:937,0
DA:938,0
DA:939,0
DA:941,0
DA:957,0
DA:959,0
DA:960,0
DA:963,0
DA:965,0
DA:979,0
DA:990,0
DA:1013,0
DA:1014,0
DA:1019,0
DA:1023,0
DA:1024,0
DA:1025,0
DA:1030,0
DA:1038,1
DA:1039,0
DA:1040,0
DA:1042,0
DA:1043,0
DA:1049,0
DA:1051,0
DA:1052,0
DA:1058,0
DA:1069,0
DA:1070,0
DA:1071,0
DA:1073,0
DA:1074,0
DA:1076,0
DA:1077,0
DA:1078,0
DA:1079,0
DA:1082,0
DA:1084,0
DA:1103,0
DA:1121,0
DA:1122,0
DA:1130,1
DA:1131,1
DA:1132,1
DA:1133,1
DA:1135,1
DA:1136,1
DA:1137,1
DA:1138,0
DA:1141,0
DA:1142,0
DA:1143,0
DA:1145,0
DA:1146,0
DA:1147,0
DA:1148,0
DA:1149,0
DA:1150,0
DA:1152,0
DA:1157,0
DA:1158,0
DA:1159,0
DA:1161,0
DA:1162,0
DA:1163,0
DA:1166,0
DA:1169,0
DA:1215,0
DA:1220,0
DA:1221,0
DA:1222,0
DA:1227,0
DA:1235,1
DA:1236,0
DA:1237,0
DA:1238,0
DA:1240,0
DA:1241,0
DA:1242,0
DA:1248,0
DA:1249,0
DA:1250,0
DA:1256,0
DA:1257,0
DA:1265,0
DA:1267,0
DA:1268,0
DA:1270,0
DA:1273,0
DA:1274,0
DA:1283,0
DA:1286,0
DA:1287,0
DA:1289,0
DA:1291,0
DA:1292,0
DA:1293,0
DA:1294,0
DA:1296,0
DA:1311,0
DA:1315,0
DA:1317,0
DA:1325,0
DA:1326,0
LF:416
LH:27
BRDA:11,0,0,0
BRDA:28,1,0,0
BRDA:28,1,1,0
BRDA:42,2,0,0
BRDA:42,2,1,0
BRDA:49,3,0,0
BRDA:49,3,1,0
BRDA:62,4,0,0
BRDA:62,4,1,1
BRDA:68,5,0,0
BRDA:68,5,1,1
BRDA:68,6,0,1
BRDA:68,6,1,1
BRDA:78,7,0,0
BRDA:78,7,1,0
BRDA:79,8,0,0
BRDA:79,8,1,0
BRDA:80,9,0,0
BRDA:80,9,1,0
BRDA:85,10,0,0
BRDA:85,10,1,0
BRDA:94,11,0,0
BRDA:94,11,1,0
BRDA:95,12,0,0
BRDA:95,12,1,0
BRDA:107,13,0,0
BRDA:107,13,1,0
BRDA:109,14,0,0
BRDA:109,14,1,0
BRDA:117,15,0,0
BRDA:117,15,1,0
BRDA:126,16,0,0
BRDA:126,16,1,0
BRDA:128,17,0,0
BRDA:128,17,1,0
BRDA:136,18,0,0
BRDA:136,18,1,0
BRDA:141,19,0,0
BRDA:141,19,1,0
BRDA:163,20,0,0
BRDA:163,20,1,0
BRDA:163,21,0,0
BRDA:163,21,1,0
BRDA:180,22,0,0
BRDA:180,22,1,0
BRDA:180,23,0,0
BRDA:180,23,1,0
BRDA:187,24,0,0
BRDA:187,24,1,0
BRDA:188,25,0,0
BRDA:188,25,1,0
BRDA:192,26,0,0
BRDA:192,26,1,0
BRDA:195,27,0,0
BRDA:195,27,1,0
BRDA:202,28,0,0
BRDA:202,28,1,0
BRDA:210,29,0,0
BRDA:210,29,1,0
BRDA:227,30,0,0
BRDA:227,30,1,0
BRDA:227,31,0,0
BRDA:227,31,1,0
BRDA:249,32,0,0
BRDA:249,32,1,0
BRDA:254,33,0,0
BRDA:254,33,1,0
BRDA:254,33,2,0
BRDA:254,33,3,0
BRDA:254,33,4,0
BRDA:254,33,5,0
BRDA:263,34,0,0
BRDA:263,34,1,0
BRDA:264,35,0,0
BRDA:264,35,1,0
BRDA:265,36,0,0
BRDA:265,36,1,0
BRDA:270,37,0,0
BRDA:270,37,1,0
BRDA:278,38,0,0
BRDA:278,38,1,0
BRDA:280,39,0,0
BRDA:280,39,1,0
BRDA:281,40,0,0
BRDA:281,40,1,0
BRDA:288,41,0,0
BRDA:288,41,1,0
BRDA:323,42,0,0
BRDA:323,42,1,0
BRDA:397,43,0,0
BRDA:397,43,1,0
BRDA:399,44,0,0
BRDA:399,44,1,0
BRDA:415,45,0,0
BRDA:415,45,1,0
BRDA:420,46,0,0
BRDA:420,46,1,0
BRDA:425,47,0,0
BRDA:425,47,1,0
BRDA:425,48,0,0
BRDA:425,48,1,0
BRDA:427,49,0,0
BRDA:427,49,1,0
BRDA:428,50,0,0
BRDA:428,50,1,0
BRDA:429,51,0,0
BRDA:429,51,1,0
BRDA:430,52,0,0
BRDA:430,52,1,0
BRDA:431,53,0,0
BRDA:431,53,1,0
BRDA:432,54,0,0
BRDA:432,54,1,0
BRDA:433,55,0,0
BRDA:433,55,1,0
BRDA:434,56,0,0
BRDA:434,56,1,0
BRDA:459,57,0,0
BRDA:459,57,1,0
BRDA:467,58,0,0
BRDA:467,58,1,0
BRDA:474,59,0,0
BRDA:474,59,1,0
BRDA:474,60,0,0
BRDA:474,60,1,0
BRDA:488,61,0,0
BRDA:488,61,1,0
BRDA:497,62,0,0
BRDA:497,62,1,0
BRDA:498,63,0,0
BRDA:498,63,1,0
BRDA:499,64,0,0
BRDA:499,64,1,0
BRDA:504,65,0,0
BRDA:504,65,1,0
BRDA:512,66,0,0
BRDA:512,66,1,0
BRDA:514,67,0,0
BRDA:514,67,1,0
BRDA:515,68,0,0
BRDA:515,68,1,0
BRDA:522,69,0,0
BRDA:522,69,1,0
BRDA:531,70,0,0
BRDA:531,70,1,0
BRDA:544,71,0,0
BRDA:544,71,1,0
BRDA:586,72,0,0
BRDA:586,72,1,0
BRDA:605,73,0,0
BRDA:605,73,1,0
BRDA:621,74,0,0
BRDA:621,74,1,0
BRDA:640,75,0,0
BRDA:640,75,1,0
BRDA:656,76,0,0
BRDA:656,76,1,0
BRDA:656,77,0,0
BRDA:656,77,1,0
BRDA:689,78,0,0
BRDA:689,78,1,0
BRDA:696,79,0,0
BRDA:696,79,1,0
BRDA:704,80,0,0
BRDA:704,80,1,0
BRDA:711,81,0,0
BRDA:711,81,1,0
BRDA:738,82,0,0
BRDA:738,82,1,0
BRDA:739,83,0,0
BRDA:739,83,1,0
BRDA:741,84,0,0
BRDA:741,84,1,0
BRDA:748,85,0,0
BRDA:748,85,1,0
BRDA:758,86,0,0
BRDA:758,86,1,0
BRDA:761,87,0,0
BRDA:761,87,1,0
BRDA:761,88,0,0
BRDA:761,88,1,0
BRDA:761,88,2,0
BRDA:761,88,3,0
BRDA:767,89,0,0
BRDA:767,89,1,0
BRDA:784,90,0,0
BRDA:784,90,1,0
BRDA:786,91,0,0
BRDA:786,91,1,0
BRDA:786,92,0,0
BRDA:786,92,1,0
BRDA:786,92,2,0
BRDA:786,92,3,0
BRDA:791,93,0,0
BRDA:791,93,1,0
BRDA:800,94,0,0
BRDA:800,94,1,0
BRDA:800,95,0,0
BRDA:800,95,1,0
BRDA:804,96,0,0
BRDA:804,96,1,0
BRDA:819,97,0,0
BRDA:819,97,1,0
BRDA:823,98,0,0
BRDA:823,98,1,0
BRDA:825,99,0,0
BRDA:825,99,1,0
BRDA:831,100,0,0
BRDA:831,100,1,0
BRDA:833,101,0,0
BRDA:833,101,1,0
BRDA:839,102,0,0
BRDA:839,102,1,0
BRDA:839,103,0,0
BRDA:839,103,1,0
BRDA:843,104,0,0
BRDA:843,104,1,0
BRDA:847,105,0,0
BRDA:847,105,1,0
BRDA:851,106,0,0
BRDA:851,106,1,0
BRDA:852,107,0,0
BRDA:852,107,1,0
BRDA:856,108,0,0
BRDA:856,108,1,0
BRDA:860,109,0,0
BRDA:860,109,1,0
BRDA:864,110,0,0
BRDA:864,110,1,0
BRDA:869,111,0,0
BRDA:869,111,1,0
BRDA:870,112,0,0
BRDA:870,112,1,0
BRDA:872,113,0,0
BRDA:872,113,1,0
BRDA:872,114,0,0
BRDA:872,114,1,0
BRDA:878,115,0,0
BRDA:878,115,1,0
BRDA:886,116,0,0
BRDA:886,116,1,0
BRDA:894,117,0,0
BRDA:894,117,1,0
BRDA:919,118,0,0
BRDA:919,118,1,0
BRDA:922,119,0,0
BRDA:922,119,1,0
BRDA:928,120,0,0
BRDA:928,120,1,0
BRDA:934,121,0,0
BRDA:934,121,1,0
BRDA:936,122,0,0
BRDA:936,122,1,0
BRDA:937,123,0,0
BRDA:937,123,1,0
BRDA:938,124,0,0
BRDA:938,124,1,0
BRDA:943,125,0,0
BRDA:943,125,1,0
BRDA:952,126,0,0
BRDA:952,126,1,0
BRDA:953,127,0,0
BRDA:953,127,1,0
BRDA:980,128,0,0
BRDA:980,128,1,0
BRDA:981,129,0,0
BRDA:981,129,1,0
BRDA:982,130,0,0
BRDA:982,130,1,0
BRDA:983,131,0,0
BRDA:983,131,1,0
BRDA:984,132,0,0
BRDA:984,132,1,0
BRDA:985,133,0,0
BRDA:985,133,1,0
BRDA:986,134,0,0
BRDA:986,134,1,0
BRDA:987,135,0,0
BRDA:987,135,1,0
BRDA:992,136,0,0
BRDA:992,136,1,0
BRDA:1004,137,0,0
BRDA:1004,137,1,0
BRDA:1005,138,0,0
BRDA:1005,138,1,0
BRDA:1006,139,0,0
BRDA:1006,139,1,0
BRDA:1013,140,0,0
BRDA:1013,140,1,0
BRDA:1024,141,0,0
BRDA:1024,141,1,0
BRDA:1042,142,0,0
BRDA:1042,142,1,0
BRDA:1051,143,0,0
BRDA:1051,143,1,0
BRDA:1059,144,0,0
BRDA:1059,144,1,0
BRDA:1060,145,0,0
BRDA:1060,145,1,0
BRDA:1061,146,0,0
BRDA:1061,146,1,0
BRDA:1062,147,0,0
BRDA:1062,147,1,0
BRDA:1063,148,0,0
BRDA:1063,148,1,0
BRDA:1064,149,0,0
BRDA:1064,149,1,0
BRDA:1065,150,0,0
BRDA:1065,150,1,0
BRDA:1066,151,0,0
BRDA:1066,151,1,0
BRDA:1073,152,0,0
BRDA:1073,152,1,0
BRDA:1079,153,0,0
BRDA:1079,153,1,0
BRDA:1087,154,0,0
BRDA:1087,154,1,0
BRDA:1138,155,0,0
BRDA:1138,155,1,0
BRDA:1158,156,0,0
BRDA:1158,156,1,0
BRDA:1159,157,0,0
BRDA:1159,157,1,0
BRDA:1161,158,0,0
BRDA:1161,158,1,0
BRDA:1162,159,0,0
BRDA:1162,159,1,0
BRDA:1163,160,0,0
BRDA:1163,160,1,0
BRDA:1172,161,0,0
BRDA:1172,161,1,0
BRDA:1176,162,0,0
BRDA:1176,162,1,0
BRDA:1195,163,0,0
BRDA:1195,163,1,0
BRDA:1203,164,0,0
BRDA:1203,164,1,0
BRDA:1205,165,0,0
BRDA:1205,165,1,0
BRDA:1212,166,0,0
BRDA:1212,166,1,0
BRDA:1221,167,0,0
BRDA:1221,167,1,0
BRDA:1221,168,0,0
BRDA:1221,168,1,0
BRDA:1241,169,0,0
BRDA:1241,169,1,0
BRDA:1248,170,0,0
BRDA:1248,170,1,0
BRDA:1248,171,0,0
BRDA:1248,171,1,0
BRDA:1249,172,0,0
BRDA:1249,172,1,0
BRDA:1249,173,0,0
BRDA:1249,173,1,0
BRDA:1252,174,0,0
BRDA:1252,174,1,0
BRDA:1253,175,0,0
BRDA:1253,175,1,0
BRDA:1256,176,0,0
BRDA:1256,176,1,0
BRDA:1256,177,0,0
BRDA:1256,177,1,0
BRDA:1259,178,0,0
BRDA:1259,178,1,0
BRDA:1260,179,0,0
BRDA:1260,179,1,0
BRDA:1265,180,0,0
BRDA:1265,180,1,0
BRDA:1265,181,0,0
BRDA:1265,181,1,0
BRDA:1268,182,0,0
BRDA:1268,182,1,0
BRDA:1268,183,0,0
BRDA:1268,183,1,0
BRDA:1273,184,0,0
BRDA:1273,184,1,0
BRDA:1276,185,0,0
BRDA:1276,185,1,0
BRDA:1277,186,0,0
BRDA:1277,186,1,0
BRDA:1283,187,0,0
BRDA:1283,187,1,0
BRDA:1284,188,0,0
BRDA:1284,188,1,0
BRDA:1286,189,0,0
BRDA:1286,189,1,0
BRDA:1291,190,0,0
BRDA:1291,190,1,0
BRDA:1292,191,0,0
BRDA:1292,191,1,0
BRDA:1293,192,0,0
BRDA:1293,192,1,0
BRDA:1298,193,0,0
BRDA:1298,193,1,0
BRDA:1306,194,0,0
BRDA:1306,194,1,0
BRDA:1307,195,0,0
BRDA:1307,195,1,0
BRF:399
BRH:4
end_of_record
TN:
SF:controllers\driverController.js
FN:6,(anonymous_0)
FN:104,(anonymous_1)
FN:138,(anonymous_2)
FN:198,(anonymous_3)
FN:236,(anonymous_4)
FN:289,(anonymous_5)
FN:312,(anonymous_6)
FN:336,(anonymous_7)
FN:370,(anonymous_8)
FN:404,(anonymous_9)
FN:449,(anonymous_10)
FN:489,(anonymous_11)
FN:536,(anonymous_12)
FN:581,(anonymous_13)
FN:624,(anonymous_14)
FN:670,(anonymous_15)
FN:707,(anonymous_16)
FN:749,(anonymous_17)
FN:790,(anonymous_18)
FN:835,findNearbyCustomers
FNF:20
FNH:0
FNDA:0,(anonymous_0)
FNDA:0,(anonymous_1)
FNDA:0,(anonymous_2)
FNDA:0,(anonymous_3)
FNDA:0,(anonymous_4)
FNDA:0,(anonymous_5)
FNDA:0,(anonymous_6)
FNDA:0,(anonymous_7)
FNDA:0,(anonymous_8)
FNDA:0,(anonymous_9)
FNDA:0,(anonymous_10)
FNDA:0,(anonymous_11)
FNDA:0,(anonymous_12)
FNDA:0,(anonymous_13)
FNDA:0,(anonymous_14)
FNDA:0,(anonymous_15)
FNDA:0,(anonymous_16)
FNDA:0,(anonymous_17)
FNDA:0,(anonymous_18)
FNDA:0,findNearbyCustomers
DA:6,1
DA:7,0
DA:8,0
DA:9,0
DA:11,0
DA:13,0
DA:14,0
DA:21,0
DA:22,0
DA:29,0
DA:31,0
DA:33,0
DA:34,0
DA:41,0
DA:43,0
DA:50,0
DA:55,0
DA:56,0
DA:57,0
DA:60,0
DA:61,0
DA:62,0
DA:67,0
DA:68,0
DA:71,0
DA:72,0
DA:73,0
DA:82,0
DA:95,0
DA:96,0
DA:104,1
DA:105,0
DA:106,0
DA:108,0
DA:111,0
DA:112,0
DA:118,0
DA:129,0
DA:130,0
DA:138,1
DA:139,0
DA:140,0
DA:141,0
DA:143,0
DA:144,0
DA:150,0
DA:162,0
DA:163,0
DA:170,0
DA:171,0
DA:172,0
DA:179,0
DA:189,0
DA:190,0
DA:198,1
DA:199,0
DA:200,0
DA:202,0
DA:205,0
DA:206,0
DA:212,0
DA:224,0
DA:225,0
DA:236,1
DA:237,0
DA:238,0
DA:239,0
DA:241,0
DA:242,0
DA:243,0
DA:244,0
DA:245,0
DA:246,0
DA:247,0
DA:248,0
DA:249,0
DA:250,0
DA:251,0
DA:252,0
DA:254,0
DA:257,0
DA:259,0
DA:260,0
DA:262,0
DA:267,0
DA:269,0
DA:280,0
DA:281,0
DA:289,1
DA:290,0
DA:291,0
DA:292,0
DA:293,0
DA:298,0
DA:303,0
DA:304,0
DA:312,1
DA:313,0
DA:314,0
DA:315,0
DA:317,0
DA:318,0
DA:319,0
DA:322,0
DA:327,0
DA:328,0
DA:336,1
DA:337,0
DA:338,0
DA:344,0
DA:345,0
DA:351,0
DA:352,0
DA:353,0
DA:356,0
DA:361,0
DA:362,0
DA:370,1
DA:371,0
DA:372,0
DA:378,0
DA:379,0
DA:385,0
DA:386,0
DA:387,0
DA:390,0
DA:395,0
DA:396,0
DA:404,1
DA:405,0
DA:406,0
DA:408,0
DA:419,0
DA:420,0
DA:426,0
DA:427,0
DA:428,0
DA:435,0
DA:440,0
DA:441,0
DA:449,1
DA:450,0
DA:451,0
DA:453,0
DA:459,0
DA:460,0
DA:466,0
DA:467,0
DA:468,0
DA:475,0
DA:480,0
DA:481,0
DA:489,1
DA:490,0
DA:491,0
DA:493,0
DA:501,0
DA:505,0
DA:506,0
DA:519,0
DA:522,0
DA:527,0
DA:528,0
DA:536,1
DA:537,0
DA:538,0
DA:539,0
DA:541,0
DA:551,0
DA:552,0
DA:558,0
DA:559,0
DA:560,0
DA:566,0
DA:572,0
DA:573,0
DA:581,1
DA:582,0
DA:583,0
DA:594,0
DA:595,0
DA:601,0
DA:602,0
DA:603,0
DA:609,0
DA:615,0
DA:616,0
DA:624,1
DA:625,0
DA:626,0
DA:628,0
DA:639,0
DA:640,0
DA:646,0
DA:647,0
DA:648,0
DA:655,0
DA:661,0
DA:662,0
DA:670,1
DA:671,0
DA:672,0
DA:674,0
DA:677,0
DA:678,0
DA:680,0
DA:685,0
DA:687,0
DA:698,0
DA:699,0
DA:707,1
DA:708,0
DA:709,0
DA:711,0
DA:712,0
DA:718,0
DA:719,0
DA:720,0
DA:721,0
DA:723,0
DA:725,0
DA:726,0
DA:727,0
DA:734,0
DA:740,0
DA:741,0
DA:749,1
DA:750,0
DA:751,0
DA:753,0
DA:759,0
DA:760,0
DA:766,0
DA:767,0
DA:768,0
DA:775,0
DA:781,0
DA:782,0
DA:790,1
DA:791,0
DA:792,0
DA:794,0
DA:795,0
DA:801,0
DA:802,0
DA:803,0
DA:804,0
DA:806,0
DA:807,0
DA:808,0
DA:815,0
DA:821,0
DA:822,0
DA:836,0
DA:838,0
DA:839,0
DA:844,0
DA:846,0
DA:847,0
DA:848,0
DA:850,0
DA:851,0
DA:860,0
DA:862,0
DA:863,0
LF:265
LH:19
BRDA:13,0,0,0
BRDA:13,0,1,0
BRDA:21,1,0,0
BRDA:21,1,1,0
BRDA:31,2,0,0
BRDA:31,2,1,0
BRDA:33,3,0,0
BRDA:33,3,1,0
BRDA:33,4,0,0
BRDA:33,4,1,0
BRDA:41,5,0,0
BRDA:41,5,1,0
BRDA:41,6,0,0
BRDA:41,6,1,0
BRDA:41,6,2,0
BRDA:41,6,3,0
BRDA:41,6,4,0
BRDA:41,6,5,0
BRDA:72,7,0,0
BRDA:72,7,1,0
BRDA:84,8,0,0
BRDA:84,8,1,0
BRDA:98,9,0,0
BRDA:98,9,1,0
BRDA:111,10,0,0
BRDA:111,10,1,0
BRDA:132,11,0,0
BRDA:132,11,1,0
BRDA:143,12,0,0
BRDA:143,12,1,0
BRDA:143,13,0,0
BRDA:143,13,1,0
BRDA:162,14,0,0
BRDA:162,14,1,0
BRDA:171,15,0,0
BRDA:171,15,1,0
BRDA:192,16,0,0
BRDA:192,16,1,0
BRDA:205,17,0,0
BRDA:205,17,1,0
BRDA:227,18,0,0
BRDA:227,18,1,0
BRDA:238,19,0,0
BRDA:238,20,0,0
BRDA:241,21,0,0
BRDA:241,21,1,0
BRDA:242,22,0,0
BRDA:242,22,1,0
BRDA:243,23,0,0
BRDA:243,23,1,0
BRDA:244,24,0,0
BRDA:244,24,1,0
BRDA:245,25,0,0
BRDA:245,25,1,0
BRDA:245,26,0,0
BRDA:245,26,1,0
BRDA:247,27,0,0
BRDA:247,27,1,0
BRDA:247,28,0,0
BRDA:247,28,1,0
BRDA:247,28,2,0
BRDA:249,29,0,0
BRDA:249,29,1,0
BRDA:249,30,0,0
BRDA:249,30,1,0
BRDA:249,30,2,0
BRDA:251,31,0,0
BRDA:251,31,1,0
BRDA:251,32,0,0
BRDA:251,32,1,0
BRDA:251,32,2,0
BRDA:257,33,0,0
BRDA:257,33,1,0
BRDA:259,34,0,0
BRDA:259,34,1,0
BRDA:260,35,0,0
BRDA:260,35,1,0
BRDA:292,36,0,0
BRDA:292,36,1,0
BRDA:318,37,0,0
BRDA:318,37,1,0
BRDA:344,38,0,0
BRDA:344,38,1,0
BRDA:352,39,0,0
BRDA:352,39,1,0
BRDA:378,40,0,0
BRDA:378,40,1,0
BRDA:386,41,0,0
BRDA:386,41,1,0
BRDA:419,42,0,0
BRDA:419,42,1,0
BRDA:427,43,0,0
BRDA:427,43,1,0
BRDA:459,44,0,0
BRDA:459,44,1,0
BRDA:467,45,0,0
BRDA:467,45,1,0
BRDA:491,46,0,0
BRDA:501,47,0,0
BRDA:501,47,1,0
BRDA:505,48,0,0
BRDA:505,48,1,0
BRDA:505,49,0,0
BRDA:505,49,1,0
BRDA:551,50,0,0
BRDA:551,50,1,0
BRDA:559,51,0,0
BRDA:559,51,1,0
BRDA:589,52,0,0
BRDA:589,52,1,0
BRDA:594,53,0,0
BRDA:594,53,1,0
BRDA:602,54,0,0
BRDA:602,54,1,0
BRDA:634,55,0,0
BRDA:634,55,1,0
BRDA:639,56,0,0
BRDA:639,56,1,0
BRDA:647,57,0,0
BRDA:647,57,1,0
BRDA:672,58,0,0
BRDA:672,59,0,0
BRDA:677,60,0,0
BRDA:677,60,1,0
BRDA:678,61,0,0
BRDA:678,61,1,0
BRDA:711,62,0,0
BRDA:711,62,1,0
BRDA:719,63,0,0
BRDA:719,63,1,0
BRDA:726,64,0,0
BRDA:726,64,1,0
BRDA:737,65,0,0
BRDA:737,65,1,0
BRDA:759,66,0,0
BRDA:759,66,1,0
BRDA:767,67,0,0
BRDA:767,67,1,0
BRDA:794,68,0,0
BRDA:794,68,1,0
BRDA:803,69,0,0
BRDA:803,69,1,0
BRDA:807,70,0,0
BRDA:807,70,1,0
BRDA:818,71,0,0
BRDA:818,71,1,0
BRDA:850,72,0,0
BRDA:850,72,1,0
BRF:148
BRH:0
end_of_record
TN:
SF:controllers\driverSubscriptionController.js
FN:13,(anonymous_0)
FN:54,(anonymous_1)
FN:95,(anonymous_2)
FN:215,(anonymous_3)
FN:284,(anonymous_4)
FN:291,(anonymous_5)
FNF:6
FNH:5
FNDA:3,(anonymous_0)
FNDA:0,(anonymous_1)
FNDA:1,(anonymous_2)
FNDA:1,(anonymous_3)
FNDA:1,(anonymous_4)
FNDA:1,(anonymous_5)
DA:8,1
DA:13,1
DA:14,3
DA:15,3
DA:16,3
DA:17,3
DA:18,3
DA:21,0
DA:22,0
DA:23,0
DA:28,0
DA:29,0
DA:30,0
DA:33,0
DA:34,0
DA:35,0
DA:39,0
DA:40,0
DA:41,0
DA:42,0
DA:45,0
DA:46,0
DA:49,0
DA:54,1
DA:55,0
DA:56,0
DA:58,0
DA:59,0
DA:63,0
DA:67,0
DA:68,0
DA:74,0
DA:76,0
DA:86,0
DA:87,0
DA:95,1
DA:96,1
DA:97,1
DA:98,1
DA:100,1
DA:101,0
DA:105,1
DA:106,1
DA:107,0
DA:110,1
DA:111,0
DA:115,1
DA:116,0
DA:128,1
DA:129,1
DA:130,0
DA:133,1
DA:137,1
DA:139,1
DA:141,0
DA:148,0
DA:150,0
DA:163,1
DA:164,1
DA:166,1
DA:180,1
DA:183,1
DA:190,1
DA:192,1
DA:207,0
DA:208,0
DA:215,1
DA:216,1
DA:217,1
DA:218,1
DA:219,1
DA:221,1
DA:222,0
DA:228,1
DA:229,1
DA:230,0
DA:233,1
DA:234,0
DA:238,1
DA:239,0
DA:243,1
DA:244,1
DA:249,1
DA:250,0
DA:251,0
DA:252,0
DA:256,1
DA:257,1
DA:258,1
DA:259,1
DA:261,1
DA:263,1
DA:276,0
DA:277,0
DA:284,1
DA:285,1
DA:286,1
DA:287,1
DA:288,1
DA:290,1
DA:291,1
DA:293,1
DA:294,0
DA:297,1
DA:298,0
DA:301,1
DA:311,0
DA:312,0
LF:108
LH:58
BRDA:9,0,0,1
BRDA:9,0,1,0
BRDA:10,1,0,1
BRDA:10,1,1,0
BRDA:14,2,0,3
BRDA:14,2,1,0
BRDA:15,3,0,3
BRDA:15,3,1,0
BRDA:17,4,0,3
BRDA:17,4,1,0
BRDA:22,5,0,0
BRDA:22,5,1,0
BRDA:29,6,0,0
BRDA:29,6,1,0
BRDA:34,7,0,0
BRDA:34,7,1,0
BRDA:39,8,0,0
BRDA:39,8,1,0
BRDA:41,9,0,0
BRDA:41,9,1,0
BRDA:46,10,0,0
BRDA:46,10,1,0
BRDA:58,11,0,0
BRDA:58,11,1,0
BRDA:67,12,0,0
BRDA:67,12,1,0
BRDA:74,13,0,0
BRDA:74,13,1,0
BRDA:81,14,0,0
BRDA:81,14,1,0
BRDA:97,15,0,1
BRDA:97,15,1,1
BRDA:97,15,2,0
BRDA:100,16,0,0
BRDA:100,16,1,1
BRDA:100,17,0,1
BRDA:100,17,1,0
BRDA:106,18,0,0
BRDA:106,18,1,1
BRDA:110,19,0,0
BRDA:110,19,1,1
BRDA:110,20,0,1
BRDA:110,20,1,1
BRDA:115,21,0,0
BRDA:115,21,1,1
BRDA:129,22,0,0
BRDA:129,22,1,1
BRDA:137,23,0,1
BRDA:137,23,1,0
BRDA:139,24,0,0
BRDA:139,24,1,1
BRDA:199,25,0,1
BRDA:199,25,1,0
BRDA:219,26,0,1
BRDA:219,26,1,1
BRDA:219,26,2,0
BRDA:221,27,0,0
BRDA:221,27,1,1
BRDA:221,28,0,1
BRDA:221,28,1,1
BRDA:221,28,2,1
BRDA:229,29,0,0
BRDA:229,29,1,1
BRDA:233,30,0,0
BRDA:233,30,1,1
BRDA:233,31,0,1
BRDA:233,31,1,1
BRDA:238,32,0,0
BRDA:238,32,1,1
BRDA:245,33,0,1
BRDA:245,33,1,0
BRDA:249,34,0,0
BRDA:249,34,1,1
BRDA:288,35,0,1
BRDA:288,35,1,1
BRDA:288,35,2,0
BRDA:291,36,0,1
BRDA:291,36,1,0
BRDA:293,37,0,0
BRDA:293,37,1,1
BRDA:297,38,0,0
BRDA:297,38,1,1
BRDA:297,39,0,1
BRDA:297,39,1,1
BRF:84
BRH:38
end_of_record
TN:
SF:middleware\driverAuthMiddleware.js
FN:5,(anonymous_0)
FNF:1
FNH:1
FNDA:4,(anonymous_0)
DA:5,1
DA:6,4
DA:7,4
DA:9,4
DA:10,0
DA:17,4
DA:18,4
DA:19,4
DA:22,4
DA:23,0
DA:29,4
DA:32,4
DA:33,4
DA:36,4
DA:37,0
DA:45,4
DA:46,4
DA:47,4
DA:48,4
DA:49,4
DA:50,4
DA:52,4
DA:53,0
DA:57,4
DA:58,0
DA:61,0
DA:66,4
DA:67,4
DA:69,4
DA:70,0
DA:77,4
DA:78,0
DA:85,4
DA:86,1
DA:87,0
DA:95,4
DA:104,4
DA:106,4
DA:108,0
DA:110,0
DA:111,0
DA:118,0
DA:119,0
DA:125,0
LF:44
LH:29
BRDA:9,0,0,0
BRDA:9,0,1,4
BRDA:18,1,0,4
BRDA:18,1,1,0
BRDA:22,2,0,0
BRDA:22,2,1,4
BRDA:36,3,0,0
BRDA:36,3,1,4
BRDA:48,4,0,4
BRDA:48,4,1,0
BRDA:50,5,0,4
BRDA:50,5,1,0
BRDA:52,6,0,0
BRDA:52,6,1,4
BRDA:57,7,0,0
BRDA:57,7,1,4
BRDA:57,8,0,4
BRDA:57,8,1,0
BRDA:66,9,0,4
BRDA:66,9,1,4
BRDA:69,10,0,0
BRDA:69,10,1,4
BRDA:69,11,0,4
BRDA:69,11,1,4
BRDA:69,11,2,1
BRDA:77,12,0,0
BRDA:77,12,1,4
BRDA:77,13,0,4
BRDA:77,13,1,4
BRDA:85,14,0,1
BRDA:85,14,1,3
BRDA:85,15,0,4
BRDA:85,15,1,4
BRDA:85,15,2,1
BRDA:85,15,3,1
BRDA:86,16,0,0
BRDA:86,16,1,1
BRDA:96,17,0,4
BRDA:96,17,1,0
BRDA:98,18,0,4
BRDA:98,18,1,4
BRDA:98,18,2,0
BRDA:99,19,0,4
BRDA:99,19,1,0
BRDA:100,20,0,4
BRDA:100,20,1,0
BRDA:100,20,2,0
BRDA:110,21,0,0
BRDA:110,21,1,0
BRDA:118,22,0,0
BRDA:118,22,1,0
BRF:51
BRH:30
end_of_record
TN:
SF:middleware\uploadMiddleware.js
FN:5,(anonymous_0)
FN:23,(anonymous_1)
FNF:2
FNH:0
FNDA:0,(anonymous_0)
FNDA:0,(anonymous_1)
DA:3,1
DA:5,1
DA:6,0
DA:8,0
DA:9,0
DA:11,0
DA:15,1
DA:23,1
DA:24,0
DA:25,0
DA:26,0
DA:31,0
DA:37,0
DA:38,0
DA:44,0
LF:15
LH:4
BRDA:8,0,0,0
BRDA:8,0,1,0
BRDA:24,1,0,0
BRDA:24,1,1,0
BRDA:25,2,0,0
BRDA:25,2,1,0
BRDA:37,3,0,0
BRDA:37,3,1,0
BRF:8
BRH:0
end_of_record
TN:
SF:models\DriverWallet.js
FN:40,(anonymous_0)
FNF:1
FNH:0
FNDA:0,(anonymous_0)
DA:3,1
DA:40,1
DA:41,0
DA:42,0
LF:4
LH:2
BRF:0
BRH:0
end_of_record
TN:
SF:models\MerchantSettings.js
FN:40,(anonymous_0)
FN:46,(anonymous_1)
FNF:2
FNH:0
FNDA:0,(anonymous_0)
FNDA:0,(anonymous_1)
DA:3,1
DA:40,1
DA:41,0
DA:42,0
DA:46,1
DA:47,0
DA:48,0
DA:49,0
DA:51,0
DA:54,1
LF:10
LH:4
BRDA:48,0,0,0
BRDA:48,0,1,0
BRF:2
BRH:0
end_of_record
TN:
SF:models\OTP.js
FNF:0
FNH:0
DA:3,1
DA:28,1
LF:2
LH:2
BRF:0
BRH:0
end_of_record
TN:
SF:models\Ride.js
FN:25,(anonymous_0)
FN:278,(anonymous_1)
FN:284,(anonymous_2)
FN:323,(anonymous_3)
FN:417,(anonymous_4)
FN:423,(anonymous_5)
FNF:6
FNH:1
FNDA:0,(anonymous_0)
FNDA:0,(anonymous_1)
FNDA:0,(anonymous_2)
FNDA:0,(anonymous_3)
FNDA:1,(anonymous_4)
FNDA:0,(anonymous_5)
DA:4,1
DA:21,1
DA:25,0
DA:262,1
DA:263,1
DA:264,1
DA:265,1
DA:266,1
DA:267,1
DA:270,1
DA:273,1
DA:274,1
DA:275,1
DA:278,1
DA:279,0
DA:280,0
DA:284,1
DA:285,0
DA:286,0
DA:287,0
DA:289,0
DA:291,0
DA:292,0
DA:294,0
DA:295,0
DA:297,0
DA:298,0
DA:300,0
DA:301,0
DA:303,0
DA:304,0
DA:306,0
DA:307,0
DA:310,0
DA:319,0
DA:323,1
DA:324,0
DA:325,0
DA:327,0
DA:328,0
DA:329,0
DA:330,0
DA:331,0
DA:332,0
DA:335,0
DA:336,0
DA:337,0
DA:338,0
DA:339,0
DA:340,0
DA:341,0
DA:342,0
DA:343,0
DA:345,0
DA:349,0
DA:352,0
DA:353,0
DA:355,0
DA:356,0
DA:358,0
DA:359,0
DA:360,0
DA:361,0
DA:363,0
DA:365,0
DA:366,0
DA:369,0
DA:373,0
DA:374,0
DA:375,0
DA:376,0
DA:377,0
DA:378,0
DA:380,0
DA:383,0
DA:384,0
DA:386,0
DA:387,0
DA:388,0
DA:389,0
DA:392,0
DA:414,1
DA:417,1
DA:418,1
DA:419,1
DA:420,0
DA:422,0
DA:423,0
DA:424,0
DA:427,0
DA:428,0
DA:430,0
DA:431,0
DA:432,0
DA:435,0
LF:95
LH:19
BRDA:284,0,0,0
BRDA:289,1,0,0
BRDA:289,1,1,0
BRDA:289,1,2,0
BRDA:289,1,3,0
BRDA:289,1,4,0
BRDA:289,1,5,0
BRDA:313,2,0,0
BRDA:313,2,1,0
BRDA:314,3,0,0
BRDA:314,3,1,0
BRDA:323,4,0,0
BRDA:323,5,0,0
BRDA:330,6,0,0
BRDA:330,6,1,0
BRDA:330,7,0,0
BRDA:330,7,1,0
BRDA:331,8,0,0
BRDA:331,8,1,0
BRDA:332,9,0,0
BRDA:332,9,1,0
BRDA:336,10,0,0
BRDA:336,10,1,0
BRDA:337,11,0,0
BRDA:337,11,1,0
BRDA:338,12,0,0
BRDA:338,12,1,0
BRDA:339,13,0,0
BRDA:339,13,1,0
BRDA:340,14,0,0
BRDA:340,14,1,0
BRDA:342,15,0,0
BRDA:342,15,1,0
BRDA:358,16,0,0
BRDA:358,16,1,0
BRDA:360,17,0,0
BRDA:360,17,1,0
BRDA:386,18,0,0
BRDA:386,18,1,0
BRDA:399,19,0,0
BRDA:399,19,1,0
BRDA:400,20,0,0
BRDA:400,20,1,0
BRDA:406,21,0,0
BRDA:406,21,1,0
BRDA:407,22,0,0
BRDA:407,22,1,0
BRDA:408,23,0,0
BRDA:408,23,1,0
BRDA:424,24,0,0
BRDA:424,24,1,0
BRDA:427,25,0,0
BRDA:427,25,1,0
BRF:53
BRH:0
end_of_record
TN:
SF:routes\driverAuthRoutes.js
FNF:0
FNH:0
DA:29,1
DA:35,1
DA:36,1
DA:39,1
DA:42,1
DA:48,1
DA:69,1
DA:70,1
DA:73,1
DA:76,1
DA:77,1
DA:80,1
DA:83,1
DA:92,1
DA:93,1
DA:94,1
DA:95,1
DA:101,1
LF:18
LH:18
BRF:0
BRH:0
end_of_record
TN:
SF:utils\smsService.js
FN:11,(anonymous_0)
FN:15,(anonymous_1)
FNF:2
FNH:0
FNDA:0,(anonymous_0)
FNDA:0,(anonymous_1)
DA:3,1
DA:11,1
DA:12,0
DA:15,1
DA:16,0
DA:17,0
DA:19,0
DA:22,0
DA:23,0
DA:36,0
DA:38,0
DA:39,0
DA:42,0
DA:43,0
DA:45,0
DA:48,0
DA:49,0
LF:17
LH:3
BRDA:42,0,0,0
BRDA:42,0,1,0
BRDA:42,1,0,0
BRDA:42,1,1,0
BRDA:45,2,0,0
BRDA:45,2,1,0
BRDA:45,2,2,0
BRF:7
BRH:0
end_of_record
