TN:
SF:config\cloudinary.js
FN:13,(anonymous_0)
FN:15,(anonymous_1)
FN:23,(anonymous_2)
FN:44,(anonymous_3)
FNF:4
FNH:0
FNDA:0,(anonymous_0)
FNDA:0,(anonymous_1)
FNDA:0,(anonymous_2)
FNDA:0,(anonymous_3)
DA:4,1
DA:6,1
DA:13,1
DA:14,0
DA:15,0
DA:16,0
DA:24,0
DA:25,0
DA:27,0
DA:37,0
DA:40,0
DA:44,1
DA:45,0
DA:46,0
DA:47,0
DA:49,0
LF:16
LH:4
BRDA:13,0,0,0
BRDA:24,1,0,0
BRDA:24,1,1,0
BRF:3
BRH:0
end_of_record
TN:
SF:controllers\driverAuthController.js
FN:9,(anonymous_0)
FN:24,(anonymous_1)
FN:37,(anonymous_2)
FN:59,(anonymous_3)
FN:77,(anonymous_4)
FN:126,(anonymous_5)
FN:368,(anonymous_6)
FN:448,(anonymous_7)
FN:476,(anonymous_8)
FN:513,(anonymous_9)
FN:614,(anonymous_10)
FN:674,(anonymous_11)
FN:891,(anonymous_12)
FN:944,(anonymous_13)
FN:1007,(anonymous_14)
FNF:15
FNH:2
FNDA:0,(anonymous_0)
FNDA:0,(anonymous_1)
FNDA:0,(anonymous_2)
FNDA:1,(anonymous_3)
FNDA:0,(anonymous_4)
FNDA:0,(anonymous_5)
FNDA:0,(anonymous_6)
FNDA:0,(anonymous_7)
FNDA:0,(anonymous_8)
FNDA:0,(anonymous_9)
FNDA:0,(anonymous_10)
FNDA:0,(anonymous_11)
FNDA:0,(anonymous_12)
FNDA:1,(anonymous_13)
FNDA:0,(anonymous_14)
DA:9,1
DA:10,0
DA:24,1
DA:25,0
DA:26,0
DA:27,0
DA:28,0
DA:30,0
DA:32,0
DA:37,1
DA:38,0
DA:39,0
DA:41,0
DA:42,0
DA:48,0
DA:49,0
DA:55,0
DA:59,1
DA:60,1
DA:61,1
DA:62,0
DA:64,1
DA:66,1
DA:67,1
DA:68,0
DA:71,1
DA:77,1
DA:78,0
DA:79,0
DA:81,0
DA:82,0
DA:88,0
DA:89,0
DA:90,0
DA:96,0
DA:98,0
DA:99,0
DA:103,0
DA:105,0
DA:107,0
DA:116,0
DA:117,0
DA:126,1
DA:127,0
DA:128,0
DA:130,0
DA:131,0
DA:137,0
DA:139,0
DA:140,0
DA:146,0
DA:147,0
DA:148,0
DA:154,0
DA:155,0
DA:156,0
DA:157,0
DA:164,0
DA:165,0
DA:168,0
DA:169,0
DA:170,0
DA:171,0
DA:172,0
DA:173,0
DA:174,0
DA:175,0
DA:177,0
DA:178,0
DA:179,0
DA:182,0
DA:185,0
DA:186,0
DA:187,0
DA:190,0
DA:191,0
DA:192,0
DA:203,0
DA:206,0
DA:207,0
DA:208,0
DA:213,0
DA:214,0
DA:215,0
DA:218,0
DA:230,0
DA:234,0
DA:235,0
DA:236,0
DA:239,0
DA:250,0
DA:254,0
DA:255,0
DA:256,0
DA:259,0
DA:271,0
DA:275,0
DA:276,0
DA:277,0
DA:279,0
DA:293,0
DA:294,0
DA:295,0
DA:296,0
DA:297,0
DA:300,0
DA:314,0
DA:317,0
DA:328,0
DA:329,0
DA:333,0
DA:334,0
DA:338,0
DA:339,0
DA:349,0
DA:352,0
DA:359,0
DA:360,0
DA:368,1
DA:369,0
DA:370,0
DA:372,0
DA:373,0
DA:379,0
DA:384,0
DA:385,0
DA:391,0
DA:393,0
DA:394,0
DA:405,0
DA:407,0
DA:408,0
DA:411,0
DA:413,0
DA:439,0
DA:440,0
DA:448,1
DA:449,0
DA:450,0
DA:452,0
DA:459,0
DA:467,0
DA:468,0
DA:476,1
DA:477,0
DA:478,0
DA:479,0
DA:481,0
DA:482,0
DA:483,0
DA:489,0
DA:490,0
DA:492,0
DA:494,0
DA:502,0
DA:503,0
DA:513,1
DA:514,0
DA:515,0
DA:517,0
DA:518,0
DA:524,0
DA:525,0
DA:527,0
DA:528,0
DA:529,0
DA:531,0
DA:532,0
DA:561,0
DA:564,0
DA:565,0
DA:571,0
DA:572,0
DA:578,0
DA:579,0
DA:580,0
DA:586,0
DA:587,0
DA:593,0
DA:594,0
DA:595,0
DA:597,0
DA:603,0
DA:613,0
DA:614,0
DA:616,0
DA:617,0
DA:623,0
DA:625,0
DA:626,0
DA:627,0
DA:628,0
DA:629,0
DA:630,0
DA:631,0
DA:632,0
DA:633,0
DA:634,0
DA:636,0
DA:637,0
DA:647,0
DA:649,0
DA:672,0
DA:674,0
DA:675,0
DA:677,0
DA:678,0
DA:679,0
DA:680,0
DA:683,0
DA:685,0
DA:693,0
DA:694,0
DA:695,0
DA:698,0
DA:699,0
DA:700,0
DA:701,0
DA:703,0
DA:706,0
DA:707,0
DA:708,0
DA:709,0
DA:711,0
DA:714,0
DA:715,0
DA:718,0
DA:719,0
DA:722,0
DA:723,0
DA:724,0
DA:731,0
DA:732,0
DA:733,0
DA:739,0
DA:740,0
DA:744,0
DA:745,0
DA:747,0
DA:748,0
DA:753,0
DA:754,0
DA:760,0
DA:761,0
DA:762,0
DA:765,0
DA:779,0
DA:787,0
DA:793,0
DA:794,0
DA:795,0
DA:796,0
DA:797,0
DA:798,0
DA:800,0
DA:803,0
DA:804,0
DA:807,0
DA:809,0
DA:810,0
DA:811,0
DA:812,0
DA:823,0
DA:825,0
DA:826,0
DA:829,0
DA:832,0
DA:843,0
DA:866,0
DA:867,0
DA:872,0
DA:876,0
DA:877,0
DA:878,0
DA:883,0
DA:891,1
DA:892,0
DA:893,0
DA:895,0
DA:896,0
DA:902,0
DA:904,0
DA:905,0
DA:911,0
DA:922,0
DA:935,0
DA:936,0
DA:944,1
DA:945,1
DA:946,1
DA:947,1
DA:949,1
DA:987,1
DA:992,0
DA:993,0
DA:994,0
DA:999,0
DA:1007,1
DA:1008,0
DA:1009,0
DA:1010,0
DA:1012,0
DA:1013,0
DA:1014,0
DA:1020,0
DA:1021,0
DA:1022,0
DA:1028,0
DA:1029,0
DA:1037,0
DA:1039,0
DA:1040,0
DA:1042,0
DA:1045,0
DA:1046,0
DA:1055,0
DA:1058,0
DA:1059,0
DA:1061,0
DA:1063,0
DA:1064,0
DA:1074,0
DA:1078,0
DA:1080,0
DA:1088,0
DA:1089,0
LF:326
LH:24
BRDA:9,0,0,0
BRDA:27,1,0,0
BRDA:27,1,1,0
BRDA:41,2,0,0
BRDA:41,2,1,0
BRDA:48,3,0,0
BRDA:48,3,1,0
BRDA:61,4,0,0
BRDA:61,4,1,1
BRDA:67,5,0,0
BRDA:67,5,1,1
BRDA:67,6,0,1
BRDA:67,6,1,1
BRDA:81,7,0,0
BRDA:81,7,1,0
BRDA:89,8,0,0
BRDA:89,8,1,0
BRDA:112,9,0,0
BRDA:112,9,1,0
BRDA:130,10,0,0
BRDA:130,10,1,0
BRDA:130,11,0,0
BRDA:130,11,1,0
BRDA:139,12,0,0
BRDA:139,12,1,0
BRDA:146,13,0,0
BRDA:146,13,1,0
BRDA:154,14,0,0
BRDA:154,14,1,0
BRDA:177,15,0,0
BRDA:177,15,1,0
BRDA:182,16,0,0
BRDA:182,16,1,0
BRDA:182,16,2,0
BRDA:182,16,3,0
BRDA:182,16,4,0
BRDA:182,16,5,0
BRDA:191,17,0,0
BRDA:191,17,1,0
BRDA:236,18,0,0
BRDA:236,18,1,0
BRDA:328,19,0,0
BRDA:328,19,1,0
BRDA:333,20,0,0
BRDA:333,20,1,0
BRDA:338,21,0,0
BRDA:338,21,1,0
BRDA:338,22,0,0
BRDA:338,22,1,0
BRDA:340,23,0,0
BRDA:340,23,1,0
BRDA:341,24,0,0
BRDA:341,24,1,0
BRDA:342,25,0,0
BRDA:342,25,1,0
BRDA:343,26,0,0
BRDA:343,26,1,0
BRDA:344,27,0,0
BRDA:344,27,1,0
BRDA:345,28,0,0
BRDA:345,28,1,0
BRDA:346,29,0,0
BRDA:346,29,1,0
BRDA:347,30,0,0
BRDA:347,30,1,0
BRDA:372,31,0,0
BRDA:372,31,1,0
BRDA:384,32,0,0
BRDA:384,32,1,0
BRDA:393,33,0,0
BRDA:393,33,1,0
BRDA:421,34,0,0
BRDA:421,34,1,0
BRDA:463,35,0,0
BRDA:463,35,1,0
BRDA:482,36,0,0
BRDA:482,36,1,0
BRDA:498,37,0,0
BRDA:498,37,1,0
BRDA:517,38,0,0
BRDA:517,38,1,0
BRDA:531,39,0,0
BRDA:531,39,1,0
BRDA:564,40,0,0
BRDA:564,40,1,0
BRDA:571,41,0,0
BRDA:571,41,1,0
BRDA:579,42,0,0
BRDA:579,42,1,0
BRDA:586,43,0,0
BRDA:586,43,1,0
BRDA:613,44,0,0
BRDA:613,44,1,0
BRDA:614,45,0,0
BRDA:614,45,1,0
BRDA:616,46,0,0
BRDA:616,46,1,0
BRDA:625,47,0,0
BRDA:625,47,1,0
BRDA:633,48,0,0
BRDA:633,48,1,0
BRDA:636,49,0,0
BRDA:636,49,1,0
BRDA:636,50,0,0
BRDA:636,50,1,0
BRDA:636,50,2,0
BRDA:636,50,3,0
BRDA:642,51,0,0
BRDA:642,51,1,0
BRDA:659,52,0,0
BRDA:659,52,1,0
BRDA:661,53,0,0
BRDA:661,53,1,0
BRDA:661,54,0,0
BRDA:661,54,1,0
BRDA:661,54,2,0
BRDA:661,54,3,0
BRDA:666,55,0,0
BRDA:666,55,1,0
BRDA:675,56,0,0
BRDA:675,56,1,0
BRDA:675,57,0,0
BRDA:675,57,1,0
BRDA:679,58,0,0
BRDA:679,58,1,0
BRDA:694,59,0,0
BRDA:694,59,1,0
BRDA:698,60,0,0
BRDA:698,60,1,0
BRDA:700,61,0,0
BRDA:700,61,1,0
BRDA:706,62,0,0
BRDA:706,62,1,0
BRDA:708,63,0,0
BRDA:708,63,1,0
BRDA:714,64,0,0
BRDA:714,64,1,0
BRDA:714,65,0,0
BRDA:714,65,1,0
BRDA:718,66,0,0
BRDA:718,66,1,0
BRDA:722,67,0,0
BRDA:722,67,1,0
BRDA:726,68,0,0
BRDA:726,68,1,0
BRDA:727,69,0,0
BRDA:727,69,1,0
BRDA:731,70,0,0
BRDA:731,70,1,0
BRDA:735,71,0,0
BRDA:735,71,1,0
BRDA:739,72,0,0
BRDA:739,72,1,0
BRDA:744,73,0,0
BRDA:744,73,1,0
BRDA:745,74,0,0
BRDA:745,74,1,0
BRDA:747,75,0,0
BRDA:747,75,1,0
BRDA:747,76,0,0
BRDA:747,76,1,0
BRDA:753,77,0,0
BRDA:753,77,1,0
BRDA:761,78,0,0
BRDA:761,78,1,0
BRDA:769,79,0,0
BRDA:769,79,1,0
BRDA:794,80,0,0
BRDA:794,80,1,0
BRDA:797,81,0,0
BRDA:797,81,1,0
BRDA:803,82,0,0
BRDA:803,82,1,0
BRDA:809,83,0,0
BRDA:809,83,1,0
BRDA:811,84,0,0
BRDA:811,84,1,0
BRDA:833,85,0,0
BRDA:833,85,1,0
BRDA:834,86,0,0
BRDA:834,86,1,0
BRDA:835,87,0,0
BRDA:835,87,1,0
BRDA:836,88,0,0
BRDA:836,88,1,0
BRDA:837,89,0,0
BRDA:837,89,1,0
BRDA:838,90,0,0
BRDA:838,90,1,0
BRDA:839,91,0,0
BRDA:839,91,1,0
BRDA:840,92,0,0
BRDA:840,92,1,0
BRDA:845,93,0,0
BRDA:845,93,1,0
BRDA:857,94,0,0
BRDA:857,94,1,0
BRDA:858,95,0,0
BRDA:858,95,1,0
BRDA:859,96,0,0
BRDA:859,96,1,0
BRDA:866,97,0,0
BRDA:866,97,1,0
BRDA:877,98,0,0
BRDA:877,98,1,0
BRDA:895,99,0,0
BRDA:895,99,1,0
BRDA:904,100,0,0
BRDA:904,100,1,0
BRDA:912,101,0,0
BRDA:912,101,1,0
BRDA:913,102,0,0
BRDA:913,102,1,0
BRDA:914,103,0,0
BRDA:914,103,1,0
BRDA:915,104,0,0
BRDA:915,104,1,0
BRDA:916,105,0,0
BRDA:916,105,1,0
BRDA:917,106,0,0
BRDA:917,106,1,0
BRDA:918,107,0,0
BRDA:918,107,1,0
BRDA:919,108,0,0
BRDA:919,108,1,0
BRDA:952,109,0,1
BRDA:952,109,1,0
BRDA:967,110,0,1
BRDA:967,110,1,0
BRDA:975,111,0,0
BRDA:975,111,1,1
BRDA:977,112,0,0
BRDA:977,112,1,0
BRDA:984,113,0,1
BRDA:984,113,1,0
BRDA:993,114,0,0
BRDA:993,114,1,0
BRDA:993,115,0,0
BRDA:993,115,1,0
BRDA:1013,116,0,0
BRDA:1013,116,1,0
BRDA:1020,117,0,0
BRDA:1020,117,1,0
BRDA:1020,118,0,0
BRDA:1020,118,1,0
BRDA:1021,119,0,0
BRDA:1021,119,1,0
BRDA:1021,120,0,0
BRDA:1021,120,1,0
BRDA:1024,121,0,0
BRDA:1024,121,1,0
BRDA:1025,122,0,0
BRDA:1025,122,1,0
BRDA:1028,123,0,0
BRDA:1028,123,1,0
BRDA:1028,124,0,0
BRDA:1028,124,1,0
BRDA:1031,125,0,0
BRDA:1031,125,1,0
BRDA:1032,126,0,0
BRDA:1032,126,1,0
BRDA:1037,127,0,0
BRDA:1037,127,1,0
BRDA:1037,128,0,0
BRDA:1037,128,1,0
BRDA:1040,129,0,0
BRDA:1040,129,1,0
BRDA:1040,130,0,0
BRDA:1040,130,1,0
BRDA:1045,131,0,0
BRDA:1045,131,1,0
BRDA:1048,132,0,0
BRDA:1048,132,1,0
BRDA:1049,133,0,0
BRDA:1049,133,1,0
BRDA:1055,134,0,0
BRDA:1055,134,1,0
BRDA:1056,135,0,0
BRDA:1056,135,1,0
BRDA:1058,136,0,0
BRDA:1058,136,1,0
BRDA:1063,137,0,0
BRDA:1063,137,1,0
BRF:283
BRH:8
end_of_record
TN:
SF:controllers\driverController.js
FN:6,(anonymous_0)
FN:104,(anonymous_1)
FN:138,(anonymous_2)
FN:198,(anonymous_3)
FN:236,(anonymous_4)
FN:278,(anonymous_5)
FN:301,(anonymous_6)
FN:325,(anonymous_7)
FN:359,(anonymous_8)
FN:393,(anonymous_9)
FN:438,(anonymous_10)
FN:478,(anonymous_11)
FN:525,(anonymous_12)
FN:570,(anonymous_13)
FN:613,(anonymous_14)
FN:659,(anonymous_15)
FN:696,(anonymous_16)
FN:738,(anonymous_17)
FN:779,(anonymous_18)
FN:824,findNearbyCustomers
FNF:20
FNH:0
FNDA:0,(anonymous_0)
FNDA:0,(anonymous_1)
FNDA:0,(anonymous_2)
FNDA:0,(anonymous_3)
FNDA:0,(anonymous_4)
FNDA:0,(anonymous_5)
FNDA:0,(anonymous_6)
FNDA:0,(anonymous_7)
FNDA:0,(anonymous_8)
FNDA:0,(anonymous_9)
FNDA:0,(anonymous_10)
FNDA:0,(anonymous_11)
FNDA:0,(anonymous_12)
FNDA:0,(anonymous_13)
FNDA:0,(anonymous_14)
FNDA:0,(anonymous_15)
FNDA:0,(anonymous_16)
FNDA:0,(anonymous_17)
FNDA:0,(anonymous_18)
FNDA:0,findNearbyCustomers
DA:6,1
DA:7,0
DA:8,0
DA:9,0
DA:11,0
DA:13,0
DA:14,0
DA:21,0
DA:22,0
DA:29,0
DA:31,0
DA:33,0
DA:34,0
DA:41,0
DA:43,0
DA:50,0
DA:55,0
DA:56,0
DA:57,0
DA:60,0
DA:61,0
DA:62,0
DA:67,0
DA:68,0
DA:71,0
DA:72,0
DA:73,0
DA:82,0
DA:95,0
DA:96,0
DA:104,1
DA:105,0
DA:106,0
DA:108,0
DA:111,0
DA:112,0
DA:118,0
DA:129,0
DA:130,0
DA:138,1
DA:139,0
DA:140,0
DA:141,0
DA:143,0
DA:144,0
DA:150,0
DA:162,0
DA:163,0
DA:170,0
DA:171,0
DA:172,0
DA:179,0
DA:189,0
DA:190,0
DA:198,1
DA:199,0
DA:200,0
DA:202,0
DA:205,0
DA:206,0
DA:212,0
DA:224,0
DA:225,0
DA:236,1
DA:237,0
DA:238,0
DA:239,0
DA:241,0
DA:242,0
DA:243,0
DA:244,0
DA:245,0
DA:246,0
DA:248,0
DA:249,0
DA:251,0
DA:256,0
DA:258,0
DA:269,0
DA:270,0
DA:278,1
DA:279,0
DA:280,0
DA:281,0
DA:282,0
DA:287,0
DA:292,0
DA:293,0
DA:301,1
DA:302,0
DA:303,0
DA:304,0
DA:306,0
DA:307,0
DA:308,0
DA:311,0
DA:316,0
DA:317,0
DA:325,1
DA:326,0
DA:327,0
DA:333,0
DA:334,0
DA:340,0
DA:341,0
DA:342,0
DA:345,0
DA:350,0
DA:351,0
DA:359,1
DA:360,0
DA:361,0
DA:367,0
DA:368,0
DA:374,0
DA:375,0
DA:376,0
DA:379,0
DA:384,0
DA:385,0
DA:393,1
DA:394,0
DA:395,0
DA:397,0
DA:408,0
DA:409,0
DA:415,0
DA:416,0
DA:417,0
DA:424,0
DA:429,0
DA:430,0
DA:438,1
DA:439,0
DA:440,0
DA:442,0
DA:448,0
DA:449,0
DA:455,0
DA:456,0
DA:457,0
DA:464,0
DA:469,0
DA:470,0
DA:478,1
DA:479,0
DA:480,0
DA:482,0
DA:490,0
DA:494,0
DA:495,0
DA:508,0
DA:511,0
DA:516,0
DA:517,0
DA:525,1
DA:526,0
DA:527,0
DA:528,0
DA:530,0
DA:540,0
DA:541,0
DA:547,0
DA:548,0
DA:549,0
DA:555,0
DA:561,0
DA:562,0
DA:570,1
DA:571,0
DA:572,0
DA:583,0
DA:584,0
DA:590,0
DA:591,0
DA:592,0
DA:598,0
DA:604,0
DA:605,0
DA:613,1
DA:614,0
DA:615,0
DA:617,0
DA:628,0
DA:629,0
DA:635,0
DA:636,0
DA:637,0
DA:644,0
DA:650,0
DA:651,0
DA:659,1
DA:660,0
DA:661,0
DA:663,0
DA:666,0
DA:667,0
DA:669,0
DA:674,0
DA:676,0
DA:687,0
DA:688,0
DA:696,1
DA:697,0
DA:698,0
DA:700,0
DA:701,0
DA:707,0
DA:708,0
DA:709,0
DA:710,0
DA:712,0
DA:714,0
DA:715,0
DA:716,0
DA:723,0
DA:729,0
DA:730,0
DA:738,1
DA:739,0
DA:740,0
DA:742,0
DA:748,0
DA:749,0
DA:755,0
DA:756,0
DA:757,0
DA:764,0
DA:770,0
DA:771,0
DA:779,1
DA:780,0
DA:781,0
DA:783,0
DA:784,0
DA:790,0
DA:791,0
DA:792,0
DA:793,0
DA:795,0
DA:796,0
DA:797,0
DA:804,0
DA:810,0
DA:811,0
DA:825,0
DA:827,0
DA:828,0
DA:833,0
DA:835,0
DA:836,0
DA:837,0
DA:839,0
DA:840,0
DA:849,0
DA:851,0
DA:852,0
LF:257
LH:19
BRDA:13,0,0,0
BRDA:13,0,1,0
BRDA:21,1,0,0
BRDA:21,1,1,0
BRDA:31,2,0,0
BRDA:31,2,1,0
BRDA:33,3,0,0
BRDA:33,3,1,0
BRDA:33,4,0,0
BRDA:33,4,1,0
BRDA:41,5,0,0
BRDA:41,5,1,0
BRDA:41,6,0,0
BRDA:41,6,1,0
BRDA:41,6,2,0
BRDA:41,6,3,0
BRDA:41,6,4,0
BRDA:41,6,5,0
BRDA:72,7,0,0
BRDA:72,7,1,0
BRDA:84,8,0,0
BRDA:84,8,1,0
BRDA:98,9,0,0
BRDA:98,9,1,0
BRDA:111,10,0,0
BRDA:111,10,1,0
BRDA:132,11,0,0
BRDA:132,11,1,0
BRDA:143,12,0,0
BRDA:143,12,1,0
BRDA:143,13,0,0
BRDA:143,13,1,0
BRDA:162,14,0,0
BRDA:162,14,1,0
BRDA:171,15,0,0
BRDA:171,15,1,0
BRDA:192,16,0,0
BRDA:192,16,1,0
BRDA:205,17,0,0
BRDA:205,17,1,0
BRDA:227,18,0,0
BRDA:227,18,1,0
BRDA:238,19,0,0
BRDA:238,20,0,0
BRDA:241,21,0,0
BRDA:241,21,1,0
BRDA:242,22,0,0
BRDA:242,22,1,0
BRDA:243,23,0,0
BRDA:243,23,1,0
BRDA:244,24,0,0
BRDA:244,24,1,0
BRDA:245,25,0,0
BRDA:245,25,1,0
BRDA:246,26,0,0
BRDA:246,26,1,0
BRDA:248,27,0,0
BRDA:248,27,1,0
BRDA:249,28,0,0
BRDA:249,28,1,0
BRDA:281,29,0,0
BRDA:281,29,1,0
BRDA:307,30,0,0
BRDA:307,30,1,0
BRDA:333,31,0,0
BRDA:333,31,1,0
BRDA:341,32,0,0
BRDA:341,32,1,0
BRDA:367,33,0,0
BRDA:367,33,1,0
BRDA:375,34,0,0
BRDA:375,34,1,0
BRDA:408,35,0,0
BRDA:408,35,1,0
BRDA:416,36,0,0
BRDA:416,36,1,0
BRDA:448,37,0,0
BRDA:448,37,1,0
BRDA:456,38,0,0
BRDA:456,38,1,0
BRDA:480,39,0,0
BRDA:490,40,0,0
BRDA:490,40,1,0
BRDA:494,41,0,0
BRDA:494,41,1,0
BRDA:494,42,0,0
BRDA:494,42,1,0
BRDA:540,43,0,0
BRDA:540,43,1,0
BRDA:548,44,0,0
BRDA:548,44,1,0
BRDA:578,45,0,0
BRDA:578,45,1,0
BRDA:583,46,0,0
BRDA:583,46,1,0
BRDA:591,47,0,0
BRDA:591,47,1,0
BRDA:623,48,0,0
BRDA:623,48,1,0
BRDA:628,49,0,0
BRDA:628,49,1,0
BRDA:636,50,0,0
BRDA:636,50,1,0
BRDA:661,51,0,0
BRDA:661,52,0,0
BRDA:666,53,0,0
BRDA:666,53,1,0
BRDA:667,54,0,0
BRDA:667,54,1,0
BRDA:700,55,0,0
BRDA:700,55,1,0
BRDA:708,56,0,0
BRDA:708,56,1,0
BRDA:715,57,0,0
BRDA:715,57,1,0
BRDA:726,58,0,0
BRDA:726,58,1,0
BRDA:748,59,0,0
BRDA:748,59,1,0
BRDA:756,60,0,0
BRDA:756,60,1,0
BRDA:783,61,0,0
BRDA:783,61,1,0
BRDA:792,62,0,0
BRDA:792,62,1,0
BRDA:796,63,0,0
BRDA:796,63,1,0
BRDA:807,64,0,0
BRDA:807,64,1,0
BRDA:839,65,0,0
BRDA:839,65,1,0
BRF:131
BRH:0
end_of_record
TN:
SF:controllers\driverSubscriptionController.js
FN:13,(anonymous_0)
FN:54,(anonymous_1)
FN:92,(anonymous_2)
FN:211,(anonymous_3)
FN:280,(anonymous_4)
FN:287,(anonymous_5)
FNF:6
FNH:5
FNDA:3,(anonymous_0)
FNDA:0,(anonymous_1)
FNDA:1,(anonymous_2)
FNDA:1,(anonymous_3)
FNDA:1,(anonymous_4)
FNDA:1,(anonymous_5)
DA:8,1
DA:13,1
DA:14,3
DA:15,3
DA:16,3
DA:17,3
DA:18,3
DA:21,0
DA:22,0
DA:23,0
DA:28,0
DA:29,0
DA:30,0
DA:33,0
DA:34,0
DA:35,0
DA:39,0
DA:40,0
DA:41,0
DA:42,0
DA:45,0
DA:46,0
DA:49,0
DA:54,1
DA:55,0
DA:56,0
DA:58,0
DA:59,0
DA:63,0
DA:67,0
DA:68,0
DA:74,0
DA:83,0
DA:84,0
DA:92,1
DA:93,1
DA:94,1
DA:95,1
DA:97,1
DA:98,0
DA:102,1
DA:103,1
DA:104,0
DA:107,1
DA:108,0
DA:112,1
DA:113,0
DA:125,1
DA:126,1
DA:127,0
DA:130,1
DA:134,1
DA:136,1
DA:138,0
DA:145,0
DA:147,0
DA:159,1
DA:160,1
DA:162,1
DA:176,1
DA:179,1
DA:186,1
DA:188,1
DA:203,0
DA:204,0
DA:211,1
DA:212,1
DA:213,1
DA:214,1
DA:215,1
DA:217,1
DA:218,0
DA:224,1
DA:225,1
DA:226,0
DA:229,1
DA:230,0
DA:234,1
DA:235,0
DA:239,1
DA:240,1
DA:245,1
DA:246,0
DA:247,0
DA:248,0
DA:252,1
DA:253,1
DA:254,1
DA:255,1
DA:257,1
DA:259,1
DA:272,0
DA:273,0
DA:280,1
DA:281,1
DA:282,1
DA:283,1
DA:284,1
DA:286,1
DA:287,1
DA:289,1
DA:290,0
DA:293,1
DA:294,0
DA:297,1
DA:307,0
DA:308,0
LF:107
LH:58
BRDA:9,0,0,1
BRDA:9,0,1,0
BRDA:10,1,0,1
BRDA:10,1,1,0
BRDA:14,2,0,3
BRDA:14,2,1,0
BRDA:15,3,0,3
BRDA:15,3,1,0
BRDA:17,4,0,3
BRDA:17,4,1,0
BRDA:22,5,0,0
BRDA:22,5,1,0
BRDA:29,6,0,0
BRDA:29,6,1,0
BRDA:34,7,0,0
BRDA:34,7,1,0
BRDA:39,8,0,0
BRDA:39,8,1,0
BRDA:41,9,0,0
BRDA:41,9,1,0
BRDA:46,10,0,0
BRDA:46,10,1,0
BRDA:58,11,0,0
BRDA:58,11,1,0
BRDA:67,12,0,0
BRDA:67,12,1,0
BRDA:79,13,0,0
BRDA:79,13,1,0
BRDA:94,14,0,1
BRDA:94,14,1,1
BRDA:94,14,2,0
BRDA:97,15,0,0
BRDA:97,15,1,1
BRDA:97,16,0,1
BRDA:97,16,1,0
BRDA:103,17,0,0
BRDA:103,17,1,1
BRDA:107,18,0,0
BRDA:107,18,1,1
BRDA:107,19,0,1
BRDA:107,19,1,1
BRDA:112,20,0,0
BRDA:112,20,1,1
BRDA:126,21,0,0
BRDA:126,21,1,1
BRDA:134,22,0,1
BRDA:134,22,1,0
BRDA:136,23,0,0
BRDA:136,23,1,1
BRDA:195,24,0,1
BRDA:195,24,1,0
BRDA:215,25,0,1
BRDA:215,25,1,1
BRDA:215,25,2,0
BRDA:217,26,0,0
BRDA:217,26,1,1
BRDA:217,27,0,1
BRDA:217,27,1,1
BRDA:217,27,2,1
BRDA:225,28,0,0
BRDA:225,28,1,1
BRDA:229,29,0,0
BRDA:229,29,1,1
BRDA:229,30,0,1
BRDA:229,30,1,1
BRDA:234,31,0,0
BRDA:234,31,1,1
BRDA:241,32,0,1
BRDA:241,32,1,0
BRDA:245,33,0,0
BRDA:245,33,1,1
BRDA:284,34,0,1
BRDA:284,34,1,1
BRDA:284,34,2,0
BRDA:287,35,0,1
BRDA:287,35,1,0
BRDA:289,36,0,0
BRDA:289,36,1,1
BRDA:293,37,0,0
BRDA:293,37,1,1
BRDA:293,38,0,1
BRDA:293,38,1,1
BRF:82
BRH:38
end_of_record
TN:
SF:middleware\driverAuthMiddleware.js
FN:5,(anonymous_0)
FNF:1
FNH:1
FNDA:4,(anonymous_0)
DA:5,1
DA:6,4
DA:7,4
DA:9,4
DA:10,0
DA:17,4
DA:18,4
DA:19,4
DA:22,4
DA:23,0
DA:29,4
DA:32,4
DA:33,4
DA:36,4
DA:37,0
DA:45,4
DA:46,4
DA:47,4
DA:48,4
DA:49,4
DA:50,4
DA:52,4
DA:53,0
DA:57,4
DA:58,0
DA:61,0
DA:66,4
DA:67,4
DA:69,4
DA:70,0
DA:77,4
DA:78,0
DA:85,4
DA:86,1
DA:87,0
DA:95,4
DA:104,4
DA:106,4
DA:108,0
DA:110,0
DA:111,0
DA:118,0
DA:119,0
DA:125,0
LF:44
LH:29
BRDA:9,0,0,0
BRDA:9,0,1,4
BRDA:18,1,0,4
BRDA:18,1,1,0
BRDA:22,2,0,0
BRDA:22,2,1,4
BRDA:36,3,0,0
BRDA:36,3,1,4
BRDA:48,4,0,4
BRDA:48,4,1,0
BRDA:50,5,0,4
BRDA:50,5,1,0
BRDA:52,6,0,0
BRDA:52,6,1,4
BRDA:57,7,0,0
BRDA:57,7,1,4
BRDA:57,8,0,4
BRDA:57,8,1,0
BRDA:66,9,0,4
BRDA:66,9,1,4
BRDA:69,10,0,0
BRDA:69,10,1,4
BRDA:69,11,0,4
BRDA:69,11,1,4
BRDA:69,11,2,1
BRDA:77,12,0,0
BRDA:77,12,1,4
BRDA:77,13,0,4
BRDA:77,13,1,4
BRDA:85,14,0,1
BRDA:85,14,1,3
BRDA:85,15,0,4
BRDA:85,15,1,4
BRDA:85,15,2,1
BRDA:85,15,3,1
BRDA:86,16,0,0
BRDA:86,16,1,1
BRDA:96,17,0,4
BRDA:96,17,1,0
BRDA:98,18,0,4
BRDA:98,18,1,4
BRDA:98,18,2,0
BRDA:99,19,0,4
BRDA:99,19,1,0
BRDA:100,20,0,4
BRDA:100,20,1,0
BRDA:100,20,2,0
BRDA:110,21,0,0
BRDA:110,21,1,0
BRDA:118,22,0,0
BRDA:118,22,1,0
BRF:51
BRH:30
end_of_record
TN:
SF:middleware\uploadMiddleware.js
FN:5,(anonymous_0)
FN:23,(anonymous_1)
FNF:2
FNH:0
FNDA:0,(anonymous_0)
FNDA:0,(anonymous_1)
DA:3,1
DA:5,1
DA:6,0
DA:8,0
DA:9,0
DA:11,0
DA:15,1
DA:23,1
DA:24,0
DA:25,0
DA:26,0
DA:31,0
DA:37,0
DA:38,0
DA:44,0
LF:15
LH:4
BRDA:8,0,0,0
BRDA:8,0,1,0
BRDA:24,1,0,0
BRDA:24,1,1,0
BRDA:25,2,0,0
BRDA:25,2,1,0
BRDA:37,3,0,0
BRDA:37,3,1,0
BRF:8
BRH:0
end_of_record
TN:
SF:models\OTP.js
FNF:0
FNH:0
DA:3,1
DA:28,1
LF:2
LH:2
BRF:0
BRH:0
end_of_record
TN:
SF:routes\driverAuthRoutes.js
FNF:0
FNH:0
DA:29,1
DA:35,1
DA:36,1
DA:39,1
DA:42,1
DA:48,1
DA:69,1
DA:70,1
DA:73,1
DA:76,1
DA:77,1
DA:80,1
DA:83,1
DA:92,1
DA:93,1
DA:94,1
DA:95,1
DA:101,1
LF:18
LH:18
BRF:0
BRH:0
end_of_record
TN:
SF:utils\smsService.js
FN:11,(anonymous_0)
FN:15,(anonymous_1)
FNF:2
FNH:0
FNDA:0,(anonymous_0)
FNDA:0,(anonymous_1)
DA:3,1
DA:11,1
DA:12,0
DA:15,1
DA:16,0
DA:17,0
DA:19,0
DA:22,0
DA:23,0
DA:36,0
DA:38,0
DA:39,0
DA:42,0
DA:43,0
DA:45,0
DA:48,0
DA:49,0
LF:17
LH:3
BRDA:42,0,0,0
BRDA:42,0,1,0
BRDA:42,1,0,0
BRDA:42,1,1,0
BRDA:45,2,0,0
BRDA:45,2,1,0
BRDA:45,2,2,0
BRF:7
BRH:0
end_of_record
